#-----------------------------------------------------------
# Vivado v2016.3 (64-bit)
# SW Build 1682563 on Mon Oct 10 19:07:27 MDT 2016
# IP Build 1681267 on Mon Oct 10 21:28:31 MDT 2016
# Start of session at: Wed Dec 28 16:47:57 2016
# Process ID: 18644
# Current directory: C:/Users/speci/vivado/hdmi_vga_pxl_ip
# Command line: vivado.exe -gui_launcher_event rodinguilauncherevent17848 C:\Users\speci\vivado\hdmi_vga_pxl_ip\hdmi_vga_pxl_ip.xpr
# Log file: C:/Users/speci/vivado/hdmi_vga_pxl_ip/vivado.log
# Journal file: C:/Users/speci/vivado/hdmi_vga_pxl_ip\vivado.jou
#-----------------------------------------------------------
start_gui
open_project C:/Users/speci/vivado/hdmi_vga_pxl_ip/hdmi_vga_pxl_ip.xpr
Scanning sources...
Finished scanning sources
WARNING: [filemgmt 56-3] IP Output Repository Path: Could not find the directory 'C:/Users/speci/vivado/hdmi_vga_pxl_ip/hdmi_vga_pxl_ip.cache/ip'.
INFO: [IP_Flow 19-234] Refreshing IP repositories
INFO: [IP_Flow 19-1700] Loaded user IP repository 'c:/Users/speci/vivado/hdmi_vga_pxl_ip/hdmi_vga_pxl_ip.srcs'.
INFO: [IP_Flow 19-1700] Loaded user IP repository 'c:/Xilinx/vivado-library'.
INFO: [IP_Flow 19-2313] Loaded Vivado IP repository 'C:/Xilinx/Vivado/2016.3/data/ip'.
open_project: Time (s): cpu = 00:00:07 ; elapsed = 00:00:05 . Memory (MB): peak = 793.270 ; gain = 134.328
ipx::open_ipxact_file C:/Users/speci/vivado/hdmi_vga_pxl_ip/hdmi_vga_pxl_ip.srcs/component.xml
ipx::merge_project_changes ports [ipx::current_core]
set_property core_revision 10 [ipx::current_core]
ipx::create_xgui_files [ipx::current_core]
ipx::update_checksums [ipx::current_core]
ipx::save_core [ipx::current_core]
update_ip_catalog -rebuild -repo_path c:/Users/speci/vivado/hdmi_vga_pxl_ip/hdmi_vga_pxl_ip.srcs
INFO: [IP_Flow 19-725] Reloaded user IP repository 'c:/Users/speci/vivado/hdmi_vga_pxl_ip/hdmi_vga_pxl_ip.srcs'
ipx::merge_project_changes ports [ipx::current_core]
ipx::merge_project_changes hdl_parameters [ipx::current_core]
set_property core_revision 11 [ipx::current_core]
ipx::create_xgui_files [ipx::current_core]
ipx::update_checksums [ipx::current_core]
ipx::save_core [ipx::current_core]
update_ip_catalog -rebuild -repo_path c:/Users/speci/vivado/hdmi_vga_pxl_ip/hdmi_vga_pxl_ip.srcs
INFO: [IP_Flow 19-725] Reloaded user IP repository 'c:/Users/speci/vivado/hdmi_vga_pxl_ip/hdmi_vga_pxl_ip.srcs'
ipx::merge_project_changes ports [ipx::current_core]
set_property core_revision 12 [ipx::current_core]
ipx::create_xgui_files [ipx::current_core]
ipx::update_checksums [ipx::current_core]
ipx::save_core [ipx::current_core]
update_ip_catalog -rebuild -repo_path c:/Users/speci/vivado/hdmi_vga_pxl_ip/hdmi_vga_pxl_ip.srcs
INFO: [IP_Flow 19-725] Reloaded user IP repository 'c:/Users/speci/vivado/hdmi_vga_pxl_ip/hdmi_vga_pxl_ip.srcs'
set_property core_revision 13 [ipx::current_core]
ipx::create_xgui_files [ipx::current_core]
ipx::update_checksums [ipx::current_core]
ipx::save_core [ipx::current_core]
update_ip_catalog -rebuild -repo_path c:/Users/speci/vivado/hdmi_vga_pxl_ip/hdmi_vga_pxl_ip.srcs
INFO: [IP_Flow 19-725] Reloaded user IP repository 'c:/Users/speci/vivado/hdmi_vga_pxl_ip/hdmi_vga_pxl_ip.srcs'
ipx::merge_project_changes hdl_parameters [ipx::current_core]
set_property core_revision 14 [ipx::current_core]
ipx::create_xgui_files [ipx::current_core]
ipx::update_checksums [ipx::current_core]
ipx::save_core [ipx::current_core]
update_ip_catalog -rebuild -repo_path c:/Users/speci/vivado/hdmi_vga_pxl_ip/hdmi_vga_pxl_ip.srcs
INFO: [IP_Flow 19-725] Reloaded user IP repository 'c:/Users/speci/vivado/hdmi_vga_pxl_ip/hdmi_vga_pxl_ip.srcs'
reset_run synth_1
launch_runs synth_1
INFO: [HDL 9-2216] Analyzing Verilog file "C:/Users/speci/vivado/hdmi_vga_pxl_ip/hdmi_vga_pxl_ip.srcs/sources_1/new/pixel_processor.v" into library work [C:/Users/speci/vivado/hdmi_vga_pxl_ip/hdmi_vga_pxl_ip.srcs/sources_1/new/pixel_processor.v:1]
[Wed Dec 28 17:50:56 2016] Launched synth_1...
Run output will be captured here: C:/Users/speci/vivado/hdmi_vga_pxl_ip/hdmi_vga_pxl_ip.runs/synth_1/runme.log
exit
INFO: [Common 17-206] Exiting Vivado at Wed Dec 28 17:54:15 2016...
