#-----------------------------------------------------------
# Webtalk v2016.3 (64-bit)
# SW Build 1682563 on Mon Oct 10 19:07:27 MDT 2016
# 
# Start of session at: Thu Dec 22 18:04:04 2016
# Process ID: 14444
# Current directory: C:/Users/speci/vivado/bram_example/bram_example.sdk/webtalk
# Command line: wbtcv.exe -mode batch -source sdk_webtalk.tcl
# Log file: C:/Users/speci/vivado/bram_example/bram_example.sdk/webtalk/webtalk.log
# Journal file: C:/Users/speci/vivado/bram_example/bram_example.sdk/webtalk\webtalk.jou
#-----------------------------------------------------------
source sdk_webtalk.tcl
# webtalk_init -webtalk_dir C:\\Users\\speci\\vivado\\bram_example\\bram_example.sdk\\webtalk
# webtalk_register_client -client project
# webtalk_add_data -client project -key date_generated -value "2016-12-22 18:04:03" -context "software_version_and_target_device"
# webtalk_add_data -client project -key product_version -value "SDK v2016.3" -context "software_version_and_target_device"
# webtalk_add_data -client project -key build_version -value "2016.3" -context "software_version_and_target_device"
# webtalk_add_data -client project -key os_platform -value "amd64" -context "software_version_and_target_device"
# webtalk_add_data -client project -key registration_id -value "" -context "software_version_and_target_device"
# webtalk_add_data -client project -key tool_flow -value "SDK" -context "software_version_and_target_device"
# webtalk_add_data -client project -key beta -value "false" -context "software_version_and_target_device"
# webtalk_add_data -client project -key route_design -value "NA" -context "software_version_and_target_device"
# webtalk_add_data -client project -key target_family -value "NA" -context "software_version_and_target_device"
# webtalk_add_data -client project -key target_device -value "NA" -context "software_version_and_target_device"
# webtalk_add_data -client project -key target_package -value "NA" -context "software_version_and_target_device"
# webtalk_add_data -client project -key target_speed -value "NA" -context "software_version_and_target_device"
# webtalk_add_data -client project -key random_id -value "uo3d7q4bfun15bdq3c2bpkgp15" -context "software_version_and_target_device"
# webtalk_add_data -client project -key project_id -value "2016.3_2" -context "software_version_and_target_device"
# webtalk_add_data -client project -key project_iteration -value "2" -context "software_version_and_target_device"
# webtalk_add_data -client project -key os_name -value "Microsoft Windows 8 or later , 64-bit" -context "user_environment"
# webtalk_add_data -client project -key os_release -value "major release  (build 9200)" -context "user_environment"
# webtalk_add_data -client project -key cpu_name -value "Intel(R) Core(TM) i7-6700HQ CPU @ 2.60GHz" -context "user_environment"
# webtalk_add_data -client project -key cpu_speed -value "2592 MHz" -context "user_environment"
# webtalk_add_data -client project -key total_processors -value "1" -context "user_environment"
# webtalk_add_data -client project -key system_ram -value "8.000 GB" -context "user_environment"
# webtalk_register_client -client sdk
# webtalk_add_data -client sdk -key uid -value "1482411276893" -context "sdk\\\\hardware/1482411276893"
# webtalk_add_data -client sdk -key isZynq -value "true" -context "sdk\\\\hardware/1482411276893"
# webtalk_add_data -client sdk -key isZynqMP -value "false" -context "sdk\\\\hardware/1482411276893"
# webtalk_add_data -client sdk -key Processors -value "2" -context "sdk\\\\hardware/1482411276893"
# webtalk_add_data -client sdk -key VivadoVersion -value "2016.3" -context "sdk\\\\hardware/1482411276893"
# webtalk_add_data -client sdk -key Arch -value "zynq" -context "sdk\\\\hardware/1482411276893"
# webtalk_add_data -client sdk -key Device -value "7z010" -context "sdk\\\\hardware/1482411276893"
# webtalk_add_data -client sdk -key IsHandoff -value "true" -context "sdk\\\\hardware/1482411276893"
# webtalk_add_data -client sdk -key os -value "NA" -context "sdk\\\\hardware/1482411276893"
# webtalk_add_data -client sdk -key apptemplate -value "NA" -context "sdk\\\\hardware/1482411276893"
# webtalk_add_data -client sdk -key RecordType -value "HWCreation" -context "sdk\\\\hardware/1482411276893"
# webtalk_add_data -client sdk -key uid -value "NA" -context "sdk\\\\bsp/1482411843646"
# webtalk_add_data -client sdk -key RecordType -value "ToolUsage" -context "sdk\\\\bsp/1482411843646"
# webtalk_add_data -client sdk -key BootgenCount -value "0" -context "sdk\\\\bsp/1482411843646"
# webtalk_add_data -client sdk -key DebugCount -value "0" -context "sdk\\\\bsp/1482411843646"
# webtalk_add_data -client sdk -key PerfCount -value "0" -context "sdk\\\\bsp/1482411843646"
# webtalk_add_data -client sdk -key FlashCount -value "0" -context "sdk\\\\bsp/1482411843646"
# webtalk_add_data -client sdk -key CrossTriggCount -value "0" -context "sdk\\\\bsp/1482411843646"
# webtalk_add_data -client sdk -key QemuDebugCount -value "0" -context "sdk\\\\bsp/1482411843646"
# webtalk_transmit -clientid 1611258689 -regid "" -xml C:\\Users\\speci\\vivado\\bram_example\\bram_example.sdk\\webtalk\\usage_statistics_ext_sdk.xml -html C:\\Users\\speci\\vivado\\bram_example\\bram_example.sdk\\webtalk\\usage_statistics_ext_sdk.html -wdm C:\\Users\\speci\\vivado\\bram_example\\bram_example.sdk\\webtalk\\sdk_webtalk.wdm -intro "<H3>SDK Usage Report</H3><BR>"
INFO: [Common 17-186] 'C:\Users\speci\vivado\bram_example\bram_example.sdk\webtalk\usage_statistics_ext_sdk.xml' has been successfully sent to Xilinx on Thu Dec 22 18:04:10 2016. For additional details about this file, please refer to the WebTalk help file at C:/Xilinx/SDK/2016.3/doc/webtalk_introduction.html.
# webtalk_terminate
INFO: [Common 17-206] Exiting Webtalk at Thu Dec 22 18:04:10 2016...
