
*** Running vivado
    with args -log design_1_v_vid_in_axi4s_0_0.vds -m64 -product Vivado -mode batch -messageDb vivado.pb -notrace -source design_1_v_vid_in_axi4s_0_0.tcl


****** Vivado v2016.3 (64-bit)
  **** SW Build 1682563 on Mon Oct 10 19:07:27 MDT 2016
  **** IP Build 1681267 on Mon Oct 10 21:28:31 MDT 2016
    ** Copyright 1986-2016 Xilinx, Inc. All Rights Reserved.

source design_1_v_vid_in_axi4s_0_0.tcl -notrace
Starting RTL Elaboration : Time (s): cpu = 00:00:08 ; elapsed = 00:00:09 . Memory (MB): peak = 311.738 ; gain = 101.656
INFO: [Synth 8-638] synthesizing module 'design_1_v_vid_in_axi4s_0_0' [c:/Users/speci/vivado/hdmi_vga/hdmi_vga.srcs/sources_1/bd/design_1/ip/design_1_v_vid_in_axi4s_0_0/synth/design_1_v_vid_in_axi4s_0_0.v:57]
INFO: [Synth 8-638] synthesizing module 'v_vid_in_axi4s_v4_0_4' [c:/Users/speci/vivado/hdmi_vga/hdmi_vga.srcs/sources_1/bd/design_1/ipshared/251f/hdl/v_vid_in_axi4s_v4_0_vl_rfs.v:782]
INFO: [Synth 8-638] synthesizing module 'v_vid_in_axi4s_v4_0_4_formatter' [c:/Users/speci/vivado/hdmi_vga/hdmi_vga.srcs/sources_1/bd/design_1/ipshared/251f/hdl/v_vid_in_axi4s_v4_0_vl_rfs.v:570]
INFO: [Synth 8-256] done synthesizing module 'v_vid_in_axi4s_v4_0_4_formatter' (1#1) [c:/Users/speci/vivado/hdmi_vga/hdmi_vga.srcs/sources_1/bd/design_1/ipshared/251f/hdl/v_vid_in_axi4s_v4_0_vl_rfs.v:570]
INFO: [Synth 8-638] synthesizing module 'v_vid_in_axi4s_v4_0_4_coupler' [c:/Users/speci/vivado/hdmi_vga/hdmi_vga.srcs/sources_1/bd/design_1/ipshared/251f/hdl/v_vid_in_axi4s_v4_0_vl_rfs.v:63]
INFO: [Synth 8-256] done synthesizing module 'v_vid_in_axi4s_v4_0_4_coupler' (30#1) [c:/Users/speci/vivado/hdmi_vga/hdmi_vga.srcs/sources_1/bd/design_1/ipshared/251f/hdl/v_vid_in_axi4s_v4_0_vl_rfs.v:63]
INFO: [Synth 8-256] done synthesizing module 'v_vid_in_axi4s_v4_0_4' (31#1) [c:/Users/speci/vivado/hdmi_vga/hdmi_vga.srcs/sources_1/bd/design_1/ipshared/251f/hdl/v_vid_in_axi4s_v4_0_vl_rfs.v:782]
INFO: [Synth 8-256] done synthesizing module 'design_1_v_vid_in_axi4s_0_0' (32#1) [c:/Users/speci/vivado/hdmi_vga/hdmi_vga.srcs/sources_1/bd/design_1/ip/design_1_v_vid_in_axi4s_0_0/synth/design_1_v_vid_in_axi4s_0_0.v:57]
Finished RTL Elaboration : Time (s): cpu = 00:00:51 ; elapsed = 00:00:54 . Memory (MB): peak = 523.098 ; gain = 313.016
Finished RTL Optimization Phase 1 : Time (s): cpu = 00:00:52 ; elapsed = 00:00:55 . Memory (MB): peak = 523.098 ; gain = 313.016
INFO: [Device 21-403] Loading part xc7z010clg400-1
Constraint Validation Runtime : Time (s): cpu = 00:00:00 ; elapsed = 00:00:00.022 . Memory (MB): peak = 634.066 ; gain = 0.000
Finished Constraint Validation : Time (s): cpu = 00:01:00 ; elapsed = 00:01:03 . Memory (MB): peak = 634.066 ; gain = 423.984
Finished Loading Part and Timing Information : Time (s): cpu = 00:01:00 ; elapsed = 00:01:03 . Memory (MB): peak = 634.066 ; gain = 423.984
Finished applying 'set_property' XDC Constraints : Time (s): cpu = 00:01:00 ; elapsed = 00:01:03 . Memory (MB): peak = 634.066 ; gain = 423.984
Finished RTL Optimization Phase 2 : Time (s): cpu = 00:01:00 ; elapsed = 00:01:04 . Memory (MB): peak = 634.066 ; gain = 423.984
Finished Cross Boundary and Area Optimization : Time (s): cpu = 00:01:01 ; elapsed = 00:01:05 . Memory (MB): peak = 634.066 ; gain = 423.984
Finished Applying XDC Timing Constraints : Time (s): cpu = 00:01:10 ; elapsed = 00:01:14 . Memory (MB): peak = 634.066 ; gain = 423.984
Finished Timing Optimization : Time (s): cpu = 00:01:10 ; elapsed = 00:01:14 . Memory (MB): peak = 634.066 ; gain = 423.984
Finished Technology Mapping : Time (s): cpu = 00:01:10 ; elapsed = 00:01:14 . Memory (MB): peak = 634.066 ; gain = 423.984
Finished IO Insertion : Time (s): cpu = 00:01:11 ; elapsed = 00:01:15 . Memory (MB): peak = 634.066 ; gain = 423.984
Finished Renaming Generated Instances : Time (s): cpu = 00:01:11 ; elapsed = 00:01:15 . Memory (MB): peak = 634.066 ; gain = 423.984
Finished Rebuilding User Hierarchy : Time (s): cpu = 00:01:11 ; elapsed = 00:01:15 . Memory (MB): peak = 634.066 ; gain = 423.984
Finished Renaming Generated Ports : Time (s): cpu = 00:01:11 ; elapsed = 00:01:15 . Memory (MB): peak = 634.066 ; gain = 423.984
Finished Handling Custom Attributes : Time (s): cpu = 00:01:11 ; elapsed = 00:01:15 . Memory (MB): peak = 634.066 ; gain = 423.984
Finished Renaming Generated Nets : Time (s): cpu = 00:01:11 ; elapsed = 00:01:15 . Memory (MB): peak = 634.066 ; gain = 423.984

Report Cell Usage: 
+------+---------+------+
|      |Cell     |Count |
+------+---------+------+
|1     |LUT1     |     5|
|2     |LUT2     |     7|
|3     |LUT3     |     5|
|4     |LUT4     |     8|
|5     |LUT5     |     6|
|6     |LUT6     |     9|
|7     |RAMB18E1 |     1|
|8     |FDRE     |   119|
|9     |FDSE     |     3|
+------+---------+------+
Finished Writing Synthesis Report : Time (s): cpu = 00:01:11 ; elapsed = 00:01:15 . Memory (MB): peak = 634.066 ; gain = 423.984
synth_design: Time (s): cpu = 00:01:10 ; elapsed = 00:01:12 . Memory (MB): peak = 644.344 ; gain = 412.996
