
*** Running vivado
    with args -log design_1_wrapper.vdi -applog -m64 -product Vivado -messageDb vivado.pb -mode batch -source design_1_wrapper.tcl -notrace


****** Vivado v2016.3 (64-bit)
  **** SW Build 1682563 on Mon Oct 10 19:07:27 MDT 2016
  **** IP Build 1681267 on Mon Oct 10 21:28:31 MDT 2016
    ** Copyright 1986-2016 Xilinx, Inc. All Rights Reserved.

source design_1_wrapper.tcl -notrace
Design is defaulting to srcset: sources_1
Design is defaulting to constrset: constrs_1
INFO: [Project 1-454] Reading design checkpoint 'c:/Users/speci/vivado/bram_example/bram_example.srcs/sources_1/bd/design_1/ip/design_1_axi_bram_ctrl_0_0/design_1_axi_bram_ctrl_0_0.dcp' for cell 'design_1_i/axi_bram_ctrl_0'
INFO: [Project 1-454] Reading design checkpoint 'c:/Users/speci/vivado/bram_example/bram_example.srcs/sources_1/bd/design_1/ip/design_1_blk_mem_gen_0_1/design_1_blk_mem_gen_0_1.dcp' for cell 'design_1_i/blk_mem_gen_0'
INFO: [Project 1-454] Reading design checkpoint 'c:/Users/speci/vivado/bram_example/bram_example.srcs/sources_1/bd/design_1/ip/design_1_processing_system7_0_0/design_1_processing_system7_0_0.dcp' for cell 'design_1_i/processing_system7_0'
INFO: [Project 1-454] Reading design checkpoint 'c:/Users/speci/vivado/bram_example/bram_example.srcs/sources_1/bd/design_1/ip/design_1_rst_ps7_0_100M_0/design_1_rst_ps7_0_100M_0.dcp' for cell 'design_1_i/rst_ps7_0_100M'
INFO: [Project 1-454] Reading design checkpoint 'c:/Users/speci/vivado/bram_example/bram_example.srcs/sources_1/bd/design_1/ip/design_1_auto_pc_0/design_1_auto_pc_0.dcp' for cell 'design_1_i/axi_mem_intercon/s00_couplers/auto_pc'
INFO: [Netlist 29-17] Analyzing 3 Unisim elements for replacement
INFO: [Netlist 29-28] Unisim Transformation completed in 0 CPU seconds
INFO: [Project 1-479] Netlist was created with Vivado 2016.3
INFO: [Device 21-403] Loading part xc7z010clg400-1
INFO: [Project 1-570] Preparing netlist for logic optimization
Parsing XDC File [c:/Users/speci/vivado/bram_example/bram_example.srcs/sources_1/bd/design_1/ip/design_1_processing_system7_0_0/design_1_processing_system7_0_0.xdc] for cell 'design_1_i/processing_system7_0/inst'
Finished Parsing XDC File [c:/Users/speci/vivado/bram_example/bram_example.srcs/sources_1/bd/design_1/ip/design_1_processing_system7_0_0/design_1_processing_system7_0_0.xdc] for cell 'design_1_i/processing_system7_0/inst'
Parsing XDC File [c:/Users/speci/vivado/bram_example/bram_example.srcs/sources_1/bd/design_1/ip/design_1_rst_ps7_0_100M_0/design_1_rst_ps7_0_100M_0_board.xdc] for cell 'design_1_i/rst_ps7_0_100M/U0'
Finished Parsing XDC File [c:/Users/speci/vivado/bram_example/bram_example.srcs/sources_1/bd/design_1/ip/design_1_rst_ps7_0_100M_0/design_1_rst_ps7_0_100M_0_board.xdc] for cell 'design_1_i/rst_ps7_0_100M/U0'
Parsing XDC File [c:/Users/speci/vivado/bram_example/bram_example.srcs/sources_1/bd/design_1/ip/design_1_rst_ps7_0_100M_0/design_1_rst_ps7_0_100M_0.xdc] for cell 'design_1_i/rst_ps7_0_100M/U0'
Finished Parsing XDC File [c:/Users/speci/vivado/bram_example/bram_example.srcs/sources_1/bd/design_1/ip/design_1_rst_ps7_0_100M_0/design_1_rst_ps7_0_100M_0.xdc] for cell 'design_1_i/rst_ps7_0_100M/U0'
Parsing XDC File [C:/Users/speci/vivado/bram_example/bram_example.srcs/constrs_1/imports/Xilinx/zybo-master.xdc]
Finished Parsing XDC File [C:/Users/speci/vivado/bram_example/bram_example.srcs/constrs_1/imports/Xilinx/zybo-master.xdc]
INFO: [Project 1-538] Using original IP XDC constraints instead of the XDC constraints in dcp 'c:/Users/speci/vivado/bram_example/bram_example.srcs/sources_1/bd/design_1/ip/design_1_blk_mem_gen_0_1/design_1_blk_mem_gen_0_1.dcp'
INFO: [Project 1-538] Using original IP XDC constraints instead of the XDC constraints in dcp 'c:/Users/speci/vivado/bram_example/bram_example.srcs/sources_1/bd/design_1/ip/design_1_axi_bram_ctrl_0_0/design_1_axi_bram_ctrl_0_0.dcp'
INFO: [Project 1-538] Using original IP XDC constraints instead of the XDC constraints in dcp 'c:/Users/speci/vivado/bram_example/bram_example.srcs/sources_1/bd/design_1/ip/design_1_processing_system7_0_0/design_1_processing_system7_0_0.dcp'
INFO: [Project 1-538] Using original IP XDC constraints instead of the XDC constraints in dcp 'c:/Users/speci/vivado/bram_example/bram_example.srcs/sources_1/bd/design_1/ip/design_1_rst_ps7_0_100M_0/design_1_rst_ps7_0_100M_0.dcp'
INFO: [Project 1-538] Using original IP XDC constraints instead of the XDC constraints in dcp 'c:/Users/speci/vivado/bram_example/bram_example.srcs/sources_1/bd/design_1/ip/design_1_auto_pc_0/design_1_auto_pc_0.dcp'
INFO: [Opt 31-138] Pushed 0 inverter(s) to 0 load pin(s).
Generating merged BMM file for the design top 'design_1_wrapper'...
INFO: [Project 1-111] Unisim Transformation Summary:
No Unisim elements were transformed.

link_design: Time (s): cpu = 00:00:09 ; elapsed = 00:00:09 . Memory (MB): peak = 509.539 ; gain = 297.707
Command: opt_design
Attempting to get a license for feature 'Implementation' and/or device 'xc7z010'
INFO: [Common 17-349] Got license for feature 'Implementation' and/or device 'xc7z010'
Running DRC as a precondition to command opt_design

Starting DRC Task
INFO: [DRC 23-27] Running DRC with 2 threads
INFO: [Project 1-461] DRC finished with 0 Errors
INFO: [Project 1-462] Please refer to the DRC report (report_drc) for more information.

Time (s): cpu = 00:00:01 ; elapsed = 00:00:00.503 . Memory (MB): peak = 513.676 ; gain = 4.137
INFO: [Timing 38-35] Done setting XDC timing constraints.

Starting Logic Optimization Task
Implement Debug Cores | Checksum: bfdb7bbe

Phase 1 Retarget
INFO: [Opt 31-138] Pushed 1 inverter(s) to 4 load pin(s).
INFO: [Opt 31-49] Retargeted 0 cell(s).
Phase 1 Retarget | Checksum: 1e62569bb

Time (s): cpu = 00:00:00 ; elapsed = 00:00:00.197 . Memory (MB): peak = 946.641 ; gain = 0.004

Phase 2 Constant propagation
INFO: [Opt 31-138] Pushed 2 inverter(s) to 2 load pin(s).
INFO: [Opt 31-10] Eliminated 70 cells.
Phase 2 Constant propagation | Checksum: 26164f1e9

Time (s): cpu = 00:00:01 ; elapsed = 00:00:00.379 . Memory (MB): peak = 946.641 ; gain = 0.004

Phase 3 Sweep
INFO: [Opt 31-12] Eliminated 79 unconnected nets.
INFO: [Opt 31-11] Eliminated 111 unconnected cells.
Phase 3 Sweep | Checksum: 1fb788886

Time (s): cpu = 00:00:01 ; elapsed = 00:00:00.728 . Memory (MB): peak = 946.641 ; gain = 0.004

Phase 4 BUFG optimization
INFO: [Opt 31-12] Eliminated 0 unconnected nets.
INFO: [Opt 31-11] Eliminated 0 unconnected cells.
Phase 4 BUFG optimization | Checksum: 261f71a98

Time (s): cpu = 00:00:01 ; elapsed = 00:00:01 . Memory (MB): peak = 946.641 ; gain = 0.004

Starting Connectivity Check Task

Time (s): cpu = 00:00:00 ; elapsed = 00:00:00.004 . Memory (MB): peak = 946.641 ; gain = 0.000
Ending Logic Optimization Task | Checksum: 261f71a98

Time (s): cpu = 00:00:01 ; elapsed = 00:00:01 . Memory (MB): peak = 946.641 ; gain = 0.004

Starting Power Optimization Task
INFO: [Pwropt 34-132] Skipping clock gating for clocks with a period < 2.00 ns.
INFO: [Pwropt 34-9] Applying IDT optimizations ...
INFO: [Pwropt 34-10] Applying ODC optimizations ...
INFO: [Timing 38-35] Done setting XDC timing constraints.
Running Vector-less Activity Propagation...

Finished Running Vector-less Activity Propagation


Starting PowerOpt Patch Enables Task
INFO: [Pwropt 34-162] WRITE_MODE attribute of 0 BRAM(s) out of a total of 2 has been updated to save power. Run report_power_opt to get a complete listing of the BRAMs updated.
INFO: [Pwropt 34-201] Structural ODC has moved 0 WE to EN ports
Number of BRAM Ports augmented: 0 newly gated: 0 Total Ports: 4
Ending PowerOpt Patch Enables Task | Checksum: 261f71a98

Time (s): cpu = 00:00:00 ; elapsed = 00:00:00.010 . Memory (MB): peak = 1077.188 ; gain = 0.000
Ending Power Optimization Task | Checksum: 261f71a98

Time (s): cpu = 00:00:02 ; elapsed = 00:00:00.763 . Memory (MB): peak = 1077.188 ; gain = 130.547
INFO: [Common 17-83] Releasing license: Implementation
37 Infos, 0 Warnings, 0 Critical Warnings and 0 Errors encountered.
opt_design completed successfully
opt_design: Time (s): cpu = 00:00:15 ; elapsed = 00:00:14 . Memory (MB): peak = 1077.188 ; gain = 567.648
Writing placer database...
Writing XDEF routing.
Writing XDEF routing logical nets.
Writing XDEF routing special nets.
Write XDEF Complete: Time (s): cpu = 00:00:00 ; elapsed = 00:00:00.093 . Memory (MB): peak = 1077.188 ; gain = 0.000
INFO: [Common 17-1381] The checkpoint 'C:/Users/speci/vivado/bram_example/bram_example.runs/impl_1/design_1_wrapper_opt.dcp' has been generated.
INFO: [DRC 23-27] Running DRC with 2 threads
INFO: [Coretcl 2-168] The results of DRC are in file C:/Users/speci/vivado/bram_example/bram_example.runs/impl_1/design_1_wrapper_drc_opted.rpt.
INFO: [Chipscope 16-241] No debug cores found in the current design.
Before running the implement_debug_core command, either use the Set Up Debug wizard (GUI mode)
or use the create_debug_core and connect_debug_core Tcl commands to insert debug cores into the design.
Command: place_design
Attempting to get a license for feature 'Implementation' and/or device 'xc7z010'
INFO: [Common 17-349] Got license for feature 'Implementation' and/or device 'xc7z010'
INFO: [DRC 23-27] Running DRC with 2 threads
INFO: [Vivado_Tcl 4-198] DRC finished with 0 Errors
INFO: [Vivado_Tcl 4-199] Please refer to the DRC report (report_drc) for more information.
Running DRC as a precondition to command place_design
INFO: [DRC 23-27] Running DRC with 2 threads
INFO: [Vivado_Tcl 4-198] DRC finished with 0 Errors
INFO: [Vivado_Tcl 4-199] Please refer to the DRC report (report_drc) for more information.

Starting Placer Task
INFO: [Place 30-611] Multithreading enabled for place_design using a maximum of 2 CPUs

Phase 1 Placer Initialization
Netlist sorting complete. Time (s): cpu = 00:00:00 ; elapsed = 00:00:00.008 . Memory (MB): peak = 1077.188 ; gain = 0.000
Netlist sorting complete. Time (s): cpu = 00:00:00 ; elapsed = 00:00:00.008 . Memory (MB): peak = 1077.188 ; gain = 0.000

Phase 1.1 IO Placement/ Clock Placement/ Build Placer Device
INFO: [Timing 38-35] Done setting XDC timing constraints.
Phase 1.1 IO Placement/ Clock Placement/ Build Placer Device | Checksum: a6a2096c

Time (s): cpu = 00:00:02 ; elapsed = 00:00:02 . Memory (MB): peak = 1077.188 ; gain = 0.000

Phase 1.2 Build Placer Netlist Model
Phase 1.2 Build Placer Netlist Model | Checksum: 13899c0be

Time (s): cpu = 00:00:03 ; elapsed = 00:00:02 . Memory (MB): peak = 1077.188 ; gain = 0.000

Phase 1.3 Constrain Clocks/Macros
Phase 1.3 Constrain Clocks/Macros | Checksum: 13899c0be

Time (s): cpu = 00:00:03 ; elapsed = 00:00:02 . Memory (MB): peak = 1077.188 ; gain = 0.000
Phase 1 Placer Initialization | Checksum: 13899c0be

Time (s): cpu = 00:00:03 ; elapsed = 00:00:02 . Memory (MB): peak = 1077.188 ; gain = 0.000

Phase 2 Global Placement
Phase 2 Global Placement | Checksum: 15c12ac6c

Time (s): cpu = 00:00:04 ; elapsed = 00:00:03 . Memory (MB): peak = 1077.188 ; gain = 0.000

Phase 3 Detail Placement

Phase 3.1 Commit Multi Column Macros
Phase 3.1 Commit Multi Column Macros | Checksum: 15c12ac6c

Time (s): cpu = 00:00:04 ; elapsed = 00:00:03 . Memory (MB): peak = 1077.188 ; gain = 0.000

Phase 3.2 Commit Most Macros & LUTRAMs
Phase 3.2 Commit Most Macros & LUTRAMs | Checksum: 15afa3793

Time (s): cpu = 00:00:04 ; elapsed = 00:00:03 . Memory (MB): peak = 1077.188 ; gain = 0.000

Phase 3.3 Area Swap Optimization
Phase 3.3 Area Swap Optimization | Checksum: 2000b7270

Time (s): cpu = 00:00:04 ; elapsed = 00:00:03 . Memory (MB): peak = 1077.188 ; gain = 0.000

Phase 3.4 Pipeline Register Optimization
Phase 3.4 Pipeline Register Optimization | Checksum: 2000b7270

Time (s): cpu = 00:00:04 ; elapsed = 00:00:03 . Memory (MB): peak = 1077.188 ; gain = 0.000

Phase 3.5 Timing Path Optimizer
Phase 3.5 Timing Path Optimizer | Checksum: 173e3c70f

Time (s): cpu = 00:00:04 ; elapsed = 00:00:03 . Memory (MB): peak = 1077.188 ; gain = 0.000

Phase 3.6 Small Shape Detail Placement
Phase 3.6 Small Shape Detail Placement | Checksum: 149b7cdca

Time (s): cpu = 00:00:05 ; elapsed = 00:00:03 . Memory (MB): peak = 1077.188 ; gain = 0.000

Phase 3.7 Re-assign LUT pins
Phase 3.7 Re-assign LUT pins | Checksum: 1a4eedb0d

Time (s): cpu = 00:00:05 ; elapsed = 00:00:03 . Memory (MB): peak = 1077.188 ; gain = 0.000

Phase 3.8 Pipeline Register Optimization
Phase 3.8 Pipeline Register Optimization | Checksum: 1a4eedb0d

Time (s): cpu = 00:00:05 ; elapsed = 00:00:03 . Memory (MB): peak = 1077.188 ; gain = 0.000
Phase 3 Detail Placement | Checksum: 1a4eedb0d

Time (s): cpu = 00:00:05 ; elapsed = 00:00:03 . Memory (MB): peak = 1077.188 ; gain = 0.000

Phase 4 Post Placement Optimization and Clean-Up

Phase 4.1 Post Commit Optimization
INFO: [Timing 38-35] Done setting XDC timing constraints.

Phase 4.1.1 Post Placement Optimization
INFO: [Place 30-746] Post Placement Timing Summary WNS=2.380. For the most accurate timing information please run report_timing.
Phase 4.1.1 Post Placement Optimization | Checksum: 2829bada0

Time (s): cpu = 00:00:05 ; elapsed = 00:00:03 . Memory (MB): peak = 1077.188 ; gain = 0.000
Phase 4.1 Post Commit Optimization | Checksum: 2829bada0

Time (s): cpu = 00:00:05 ; elapsed = 00:00:04 . Memory (MB): peak = 1077.188 ; gain = 0.000

Phase 4.2 Post Placement Cleanup
Phase 4.2 Post Placement Cleanup | Checksum: 2829bada0

Time (s): cpu = 00:00:05 ; elapsed = 00:00:04 . Memory (MB): peak = 1077.188 ; gain = 0.000

Phase 4.3 Placer Reporting
Phase 4.3 Placer Reporting | Checksum: 2829bada0

Time (s): cpu = 00:00:05 ; elapsed = 00:00:04 . Memory (MB): peak = 1077.188 ; gain = 0.000

Phase 4.4 Final Placement Cleanup
Phase 4.4 Final Placement Cleanup | Checksum: 1f8fa61e2

Time (s): cpu = 00:00:05 ; elapsed = 00:00:04 . Memory (MB): peak = 1077.188 ; gain = 0.000
Phase 4 Post Placement Optimization and Clean-Up | Checksum: 1f8fa61e2

Time (s): cpu = 00:00:05 ; elapsed = 00:00:04 . Memory (MB): peak = 1077.188 ; gain = 0.000
Ending Placer Task | Checksum: 108a8861b

Time (s): cpu = 00:00:05 ; elapsed = 00:00:04 . Memory (MB): peak = 1077.188 ; gain = 0.000
INFO: [Common 17-83] Releasing license: Implementation
53 Infos, 0 Warnings, 0 Critical Warnings and 0 Errors encountered.
place_design completed successfully
place_design: Time (s): cpu = 00:00:07 ; elapsed = 00:00:05 . Memory (MB): peak = 1077.188 ; gain = 0.000
Writing placer database...
Writing XDEF routing.
Writing XDEF routing logical nets.
Writing XDEF routing special nets.
Write XDEF Complete: Time (s): cpu = 00:00:01 ; elapsed = 00:00:00.156 . Memory (MB): peak = 1077.188 ; gain = 0.000
INFO: [Common 17-1381] The checkpoint 'C:/Users/speci/vivado/bram_example/bram_example.runs/impl_1/design_1_wrapper_placed.dcp' has been generated.
report_io: Time (s): cpu = 00:00:00 ; elapsed = 00:00:00.058 . Memory (MB): peak = 1077.188 ; gain = 0.000
report_utilization: Time (s): cpu = 00:00:00 ; elapsed = 00:00:00.029 . Memory (MB): peak = 1077.188 ; gain = 0.000
report_control_sets: Time (s): cpu = 00:00:00 ; elapsed = 00:00:00.006 . Memory (MB): peak = 1077.188 ; gain = 0.000
Command: route_design
Attempting to get a license for feature 'Implementation' and/or device 'xc7z010'
INFO: [Common 17-349] Got license for feature 'Implementation' and/or device 'xc7z010'
Running DRC as a precondition to command route_design
INFO: [DRC 23-27] Running DRC with 2 threads
INFO: [Vivado_Tcl 4-198] DRC finished with 0 Errors
INFO: [Vivado_Tcl 4-199] Please refer to the DRC report (report_drc) for more information.


Starting Routing Task
INFO: [Route 35-254] Multithreading enabled for route_design using a maximum of 2 CPUs
Checksum: PlaceDB: ba403d15 ConstDB: 0 ShapeSum: 4e684906 RouteDB: 0

Phase 1 Build RT Design
Phase 1 Build RT Design | Checksum: 1247cd00b

Time (s): cpu = 00:00:16 ; elapsed = 00:00:15 . Memory (MB): peak = 1077.188 ; gain = 0.000

Phase 2 Router Initialization

Phase 2.1 Create Timer
Phase 2.1 Create Timer | Checksum: 1247cd00b

Time (s): cpu = 00:00:16 ; elapsed = 00:00:15 . Memory (MB): peak = 1077.188 ; gain = 0.000

Phase 2.2 Fix Topology Constraints
Phase 2.2 Fix Topology Constraints | Checksum: 1247cd00b

Time (s): cpu = 00:00:16 ; elapsed = 00:00:15 . Memory (MB): peak = 1077.188 ; gain = 0.000

Phase 2.3 Pre Route Cleanup
Phase 2.3 Pre Route Cleanup | Checksum: 1247cd00b

Time (s): cpu = 00:00:16 ; elapsed = 00:00:15 . Memory (MB): peak = 1077.188 ; gain = 0.000
 Number of Nodes with overlaps = 0

Phase 2.4 Update Timing
Phase 2.4 Update Timing | Checksum: 1b4adf84b

Time (s): cpu = 00:00:17 ; elapsed = 00:00:16 . Memory (MB): peak = 1077.188 ; gain = 0.000
INFO: [Route 35-416] Intermediate Timing Summary | WNS=2.480  | TNS=0.000  | WHS=-0.357 | THS=-14.988|

Phase 2 Router Initialization | Checksum: 1cf1dd2b8

Time (s): cpu = 00:00:17 ; elapsed = 00:00:16 . Memory (MB): peak = 1077.188 ; gain = 0.000

Phase 3 Initial Routing
Phase 3 Initial Routing | Checksum: 1140d5e72

Time (s): cpu = 00:00:17 ; elapsed = 00:00:16 . Memory (MB): peak = 1077.188 ; gain = 0.000

Phase 4 Rip-up And Reroute

Phase 4.1 Global Iteration 0
 Number of Nodes with overlaps = 62
 Number of Nodes with overlaps = 0

Phase 4.1.1 Update Timing
Phase 4.1.1 Update Timing | Checksum: 1a2e9c723

Time (s): cpu = 00:00:18 ; elapsed = 00:00:16 . Memory (MB): peak = 1077.188 ; gain = 0.000
INFO: [Route 35-416] Intermediate Timing Summary | WNS=2.831  | TNS=0.000  | WHS=N/A    | THS=N/A    |

Phase 4.1 Global Iteration 0 | Checksum: 251766ba7

Time (s): cpu = 00:00:18 ; elapsed = 00:00:16 . Memory (MB): peak = 1077.188 ; gain = 0.000
Phase 4 Rip-up And Reroute | Checksum: 251766ba7

Time (s): cpu = 00:00:18 ; elapsed = 00:00:16 . Memory (MB): peak = 1077.188 ; gain = 0.000

Phase 5 Delay and Skew Optimization

Phase 5.1 Delay CleanUp
Phase 5.1 Delay CleanUp | Checksum: 251766ba7

Time (s): cpu = 00:00:18 ; elapsed = 00:00:16 . Memory (MB): peak = 1077.188 ; gain = 0.000

Phase 5.2 Clock Skew Optimization
Phase 5.2 Clock Skew Optimization | Checksum: 251766ba7

Time (s): cpu = 00:00:18 ; elapsed = 00:00:16 . Memory (MB): peak = 1077.188 ; gain = 0.000
Phase 5 Delay and Skew Optimization | Checksum: 251766ba7

Time (s): cpu = 00:00:18 ; elapsed = 00:00:16 . Memory (MB): peak = 1077.188 ; gain = 0.000

Phase 6 Post Hold Fix

Phase 6.1 Hold Fix Iter

Phase 6.1.1 Update Timing
Phase 6.1.1 Update Timing | Checksum: 1c1075172

Time (s): cpu = 00:00:18 ; elapsed = 00:00:16 . Memory (MB): peak = 1077.188 ; gain = 0.000
INFO: [Route 35-416] Intermediate Timing Summary | WNS=2.946  | TNS=0.000  | WHS=0.070  | THS=0.000  |

Phase 6.1 Hold Fix Iter | Checksum: 1fa603e31

Time (s): cpu = 00:00:18 ; elapsed = 00:00:16 . Memory (MB): peak = 1077.188 ; gain = 0.000
Phase 6 Post Hold Fix | Checksum: 1fa603e31

Time (s): cpu = 00:00:18 ; elapsed = 00:00:16 . Memory (MB): peak = 1077.188 ; gain = 0.000

Phase 7 Route finalize

Router Utilization Summary
  Global Vertical Routing Utilization    = 0.184403 %
  Global Horizontal Routing Utilization  = 0.279412 %
  Routable Net Status*
  *Does not include unroutable nets such as driverless and loadless.
  Run report_route_status for detailed report.
  Number of Failed Nets               = 0
  Number of Unrouted Nets             = 0
  Number of Partially Routed Nets     = 0
  Number of Node Overlaps             = 0

Phase 7 Route finalize | Checksum: 1d898f887

Time (s): cpu = 00:00:18 ; elapsed = 00:00:16 . Memory (MB): peak = 1077.188 ; gain = 0.000

Phase 8 Verifying routed nets

 Verification completed successfully
Phase 8 Verifying routed nets | Checksum: 1d898f887

Time (s): cpu = 00:00:18 ; elapsed = 00:00:16 . Memory (MB): peak = 1077.188 ; gain = 0.000

Phase 9 Depositing Routes
Phase 9 Depositing Routes | Checksum: 1543582e3

Time (s): cpu = 00:00:18 ; elapsed = 00:00:16 . Memory (MB): peak = 1077.188 ; gain = 0.000

Phase 10 Post Router Timing
INFO: [Route 35-57] Estimated Timing Summary | WNS=2.946  | TNS=0.000  | WHS=0.070  | THS=0.000  |

INFO: [Route 35-327] The final timing numbers are based on the router estimated timing analysis. For a complete and accurate timing signoff, please run report_timing_summary.
Phase 10 Post Router Timing | Checksum: 1543582e3

Time (s): cpu = 00:00:18 ; elapsed = 00:00:16 . Memory (MB): peak = 1077.188 ; gain = 0.000
INFO: [Route 35-16] Router Completed Successfully

Time (s): cpu = 00:00:18 ; elapsed = 00:00:16 . Memory (MB): peak = 1077.188 ; gain = 0.000

Routing Is Done.
INFO: [Common 17-83] Releasing license: Implementation
66 Infos, 0 Warnings, 0 Critical Warnings and 0 Errors encountered.
route_design completed successfully
route_design: Time (s): cpu = 00:00:21 ; elapsed = 00:00:18 . Memory (MB): peak = 1077.188 ; gain = 0.000
Writing placer database...
Writing XDEF routing.
Writing XDEF routing logical nets.
Writing XDEF routing special nets.
Write XDEF Complete: Time (s): cpu = 00:00:01 ; elapsed = 00:00:00.179 . Memory (MB): peak = 1077.188 ; gain = 0.000
INFO: [Common 17-1381] The checkpoint 'C:/Users/speci/vivado/bram_example/bram_example.runs/impl_1/design_1_wrapper_routed.dcp' has been generated.
INFO: [DRC 23-27] Running DRC with 2 threads
INFO: [Coretcl 2-168] The results of DRC are in file C:/Users/speci/vivado/bram_example/bram_example.runs/impl_1/design_1_wrapper_drc_routed.rpt.
INFO: [Timing 38-35] Done setting XDC timing constraints.
INFO: [DRC 23-133] Running Methodology with 2 threads
INFO: [Coretcl 2-1520] The results of Report Methodology are in file C:/Users/speci/vivado/bram_example/bram_example.runs/impl_1/design_1_wrapper_methodology_drc_routed.rpt.
INFO: [Timing 38-35] Done setting XDC timing constraints.
INFO: [Timing 38-91] UpdateTimingParams: Speed grade: -1, Delay Type: min_max.
INFO: [Timing 38-191] Multithreading enabled for timing update using a maximum of 2 CPUs
INFO: [Timing 38-35] Done setting XDC timing constraints.
Command: report_power -file design_1_wrapper_power_routed.rpt -pb design_1_wrapper_power_summary_routed.pb -rpx design_1_wrapper_power_routed.rpx
Running Vector-less Activity Propagation...

Finished Running Vector-less Activity Propagation
76 Infos, 0 Warnings, 0 Critical Warnings and 0 Errors encountered.
report_power completed successfully
Command: write_bitstream -force -no_partial_bitfile design_1_wrapper.bit
Attempting to get a license for feature 'Implementation' and/or device 'xc7z010'
INFO: [Common 17-349] Got license for feature 'Implementation' and/or device 'xc7z010'
Running DRC as a precondition to command write_bitstream
INFO: [DRC 23-27] Running DRC with 2 threads
INFO: [Vivado 12-3199] DRC finished with 0 Errors
INFO: [Vivado 12-3200] Please refer to the DRC report (report_drc) for more information.
Loading data files...
Loading site data...
Loading route data...
Processing options...
Creating bitmap...
Creating bitstream...
Writing bitstream ./design_1_wrapper.bit...
INFO: [Vivado 12-1842] Bitgen Completed Successfully.
INFO: [Project 1-120] WebTalk data collection is mandatory when using a WebPACK part without a full Vivado license. To see the specific WebTalk data collected for your design, open the usage_statistics_webtalk.html or usage_statistics_webtalk.xml file in the implementation directory.
INFO: [Common 17-83] Releasing license: Implementation
83 Infos, 0 Warnings, 0 Critical Warnings and 0 Errors encountered.
write_bitstream completed successfully
write_bitstream: Time (s): cpu = 00:00:16 ; elapsed = 00:00:19 . Memory (MB): peak = 1420.051 ; gain = 327.672
INFO: [Common 17-206] Exiting Vivado at Thu Dec 22 18:47:36 2016...
