
*** Running vivado
    with args -log design_1_pixel_processor_0_1.vds -m64 -product Vivado -mode batch -messageDb vivado.pb -notrace -source design_1_pixel_processor_0_1.tcl


****** Vivado v2016.3 (64-bit)
  **** SW Build 1682563 on Mon Oct 10 19:07:27 MDT 2016
  **** IP Build 1681267 on Mon Oct 10 21:28:31 MDT 2016
    ** Copyright 1986-2016 Xilinx, Inc. All Rights Reserved.

source design_1_pixel_processor_0_1.tcl -notrace
Command: synth_design -top design_1_pixel_processor_0_1 -part xc7z010clg400-1 -mode out_of_context
Starting synth_design
Attempting to get a license for feature 'Synthesis' and/or device 'xc7z010'
INFO: [Common 17-349] Got license for feature 'Synthesis' and/or device 'xc7z010'
INFO: Launching helper process for spawning children vivado processes
INFO: Helper process launched with PID 13888 
---------------------------------------------------------------------------------
Starting RTL Elaboration : Time (s): cpu = 00:00:07 ; elapsed = 00:00:07 . Memory (MB): peak = 307.656 ; gain = 97.574
---------------------------------------------------------------------------------
INFO: [Synth 8-638] synthesizing module 'design_1_pixel_processor_0_1' [c:/Users/speci/vivado/hdmi_vga/hdmi_vga.srcs/sources_1/bd/design_1/ip/design_1_pixel_processor_0_1/synth/design_1_pixel_processor_0_1.v:57]
INFO: [Synth 8-638] synthesizing module 'pixel_processor' [c:/Users/speci/vivado/hdmi_vga/hdmi_vga.srcs/sources_1/bd/design_1/ipshared/1ab4/sources_1/new/pixel_processor.v:23]
INFO: [Synth 8-256] done synthesizing module 'pixel_processor' (1#1) [c:/Users/speci/vivado/hdmi_vga/hdmi_vga.srcs/sources_1/bd/design_1/ipshared/1ab4/sources_1/new/pixel_processor.v:23]
INFO: [Synth 8-256] done synthesizing module 'design_1_pixel_processor_0_1' (2#1) [c:/Users/speci/vivado/hdmi_vga/hdmi_vga.srcs/sources_1/bd/design_1/ip/design_1_pixel_processor_0_1/synth/design_1_pixel_processor_0_1.v:57]
---------------------------------------------------------------------------------
Finished RTL Elaboration : Time (s): cpu = 00:00:07 ; elapsed = 00:00:08 . Memory (MB): peak = 344.102 ; gain = 134.020
---------------------------------------------------------------------------------

Report Check Netlist: 
+------+------------------+-------+---------+-------+------------------+
|      |Item              |Errors |Warnings |Status |Description       |
+------+------------------+-------+---------+-------+------------------+
|1     |multi_driven_nets |      0|        0|Passed |Multi driven nets |
+------+------------------+-------+---------+-------+------------------+
---------------------------------------------------------------------------------
Finished RTL Optimization Phase 1 : Time (s): cpu = 00:00:07 ; elapsed = 00:00:08 . Memory (MB): peak = 344.102 ; gain = 134.020
---------------------------------------------------------------------------------
INFO: [Device 21-403] Loading part xc7z010clg400-1
INFO: [Project 1-570] Preparing netlist for logic optimization

Processing XDC Constraints
Initializing timing engine
Parsing XDC File [c:/Users/speci/vivado/hdmi_vga/hdmi_vga.srcs/sources_1/bd/design_1/ip/design_1_pixel_processor_0_1/constrs_1/imports/Xilinx/zybo-master.xdc] for cell 'inst'
Finished Parsing XDC File [c:/Users/speci/vivado/hdmi_vga/hdmi_vga.srcs/sources_1/bd/design_1/ip/design_1_pixel_processor_0_1/constrs_1/imports/Xilinx/zybo-master.xdc] for cell 'inst'
Parsing XDC File [C:/Users/speci/vivado/hdmi_vga/hdmi_vga.runs/design_1_pixel_processor_0_1_synth_1/dont_touch.xdc]
Finished Parsing XDC File [C:/Users/speci/vivado/hdmi_vga/hdmi_vga.runs/design_1_pixel_processor_0_1_synth_1/dont_touch.xdc]
Completed Processing XDC Constraints

INFO: [Project 1-111] Unisim Transformation Summary:
No Unisim elements were transformed.

Constraint Validation Runtime : Time (s): cpu = 00:00:00 ; elapsed = 00:00:00.170 . Memory (MB): peak = 624.809 ; gain = 0.000
---------------------------------------------------------------------------------
Finished Constraint Validation : Time (s): cpu = 00:00:16 ; elapsed = 00:00:17 . Memory (MB): peak = 624.809 ; gain = 414.727
---------------------------------------------------------------------------------
---------------------------------------------------------------------------------
Start Loading Part and Timing Information
---------------------------------------------------------------------------------
Loading part: xc7z010clg400-1
---------------------------------------------------------------------------------
Finished Loading Part and Timing Information : Time (s): cpu = 00:00:16 ; elapsed = 00:00:17 . Memory (MB): peak = 624.809 ; gain = 414.727
---------------------------------------------------------------------------------
---------------------------------------------------------------------------------
Start Applying 'set_property' XDC Constraints
---------------------------------------------------------------------------------
Applied set_property DONT_TOUCH = true for inst. (constraint file  auto generated constraint, line ).
---------------------------------------------------------------------------------
Finished applying 'set_property' XDC Constraints : Time (s): cpu = 00:00:16 ; elapsed = 00:00:17 . Memory (MB): peak = 624.809 ; gain = 414.727
---------------------------------------------------------------------------------
WARNING: [Synth 8-327] inferring latch for variable 'pxl_out_reg' [c:/Users/speci/vivado/hdmi_vga/hdmi_vga.srcs/sources_1/bd/design_1/ipshared/1ab4/sources_1/new/pixel_processor.v:34]
---------------------------------------------------------------------------------
Finished RTL Optimization Phase 2 : Time (s): cpu = 00:00:16 ; elapsed = 00:00:17 . Memory (MB): peak = 624.809 ; gain = 414.727
---------------------------------------------------------------------------------

Report RTL Partitions: 
+-+--------------+------------+----------+
| |RTL Partition |Replication |Instances |
+-+--------------+------------+----------+
+-+--------------+------------+----------+
---------------------------------------------------------------------------------
Start RTL Component Statistics 
---------------------------------------------------------------------------------
Detailed RTL Component Info : 
---------------------------------------------------------------------------------
Finished RTL Component Statistics 
---------------------------------------------------------------------------------
---------------------------------------------------------------------------------
Start RTL Hierarchical Component Statistics 
---------------------------------------------------------------------------------
Hierarchical RTL Component report 
---------------------------------------------------------------------------------
Finished RTL Hierarchical Component Statistics
---------------------------------------------------------------------------------
---------------------------------------------------------------------------------
Start Part Resource Summary
---------------------------------------------------------------------------------
Part Resources:
DSPs: 80 (col length:40)
BRAMs: 120 (col length: RAMB18 40 RAMB36 20)
---------------------------------------------------------------------------------
Finished Part Resource Summary
---------------------------------------------------------------------------------
---------------------------------------------------------------------------------
Start Cross Boundary and Area Optimization
---------------------------------------------------------------------------------
---------------------------------------------------------------------------------
Finished Cross Boundary and Area Optimization : Time (s): cpu = 00:00:16 ; elapsed = 00:00:17 . Memory (MB): peak = 624.809 ; gain = 414.727
---------------------------------------------------------------------------------

Report RTL Partitions: 
+-+--------------+------------+----------+
| |RTL Partition |Replication |Instances |
+-+--------------+------------+----------+
+-+--------------+------------+----------+
---------------------------------------------------------------------------------
Start Timing Optimization
---------------------------------------------------------------------------------
---------------------------------------------------------------------------------
Start Applying XDC Timing Constraints
---------------------------------------------------------------------------------
---------------------------------------------------------------------------------
Finished Applying XDC Timing Constraints : Time (s): cpu = 00:00:25 ; elapsed = 00:00:26 . Memory (MB): peak = 624.809 ; gain = 414.727
---------------------------------------------------------------------------------
---------------------------------------------------------------------------------
Finished Timing Optimization : Time (s): cpu = 00:00:25 ; elapsed = 00:00:26 . Memory (MB): peak = 624.809 ; gain = 414.727
---------------------------------------------------------------------------------

Report RTL Partitions: 
+-+--------------+------------+----------+
| |RTL Partition |Replication |Instances |
+-+--------------+------------+----------+
+-+--------------+------------+----------+
---------------------------------------------------------------------------------
Start Technology Mapping
---------------------------------------------------------------------------------
---------------------------------------------------------------------------------
Finished Technology Mapping : Time (s): cpu = 00:00:25 ; elapsed = 00:00:26 . Memory (MB): peak = 624.809 ; gain = 414.727
---------------------------------------------------------------------------------

Report RTL Partitions: 
+-+--------------+------------+----------+
| |RTL Partition |Replication |Instances |
+-+--------------+------------+----------+
+-+--------------+------------+----------+
---------------------------------------------------------------------------------
Start IO Insertion
---------------------------------------------------------------------------------
---------------------------------------------------------------------------------
Start Flattening Before IO Insertion
---------------------------------------------------------------------------------
---------------------------------------------------------------------------------
Finished Flattening Before IO Insertion
---------------------------------------------------------------------------------
---------------------------------------------------------------------------------
Start Final Netlist Cleanup
---------------------------------------------------------------------------------
---------------------------------------------------------------------------------
Finished Final Netlist Cleanup
---------------------------------------------------------------------------------
---------------------------------------------------------------------------------
Finished IO Insertion : Time (s): cpu = 00:00:25 ; elapsed = 00:00:27 . Memory (MB): peak = 624.809 ; gain = 414.727
---------------------------------------------------------------------------------
CRITICAL WARNING: [Synth 8-3352] multi-driven net pxl_out[23] with 1st driver pin 'inst/pxl_out_reg[23]__0/Q' [c:/Users/speci/vivado/hdmi_vga/hdmi_vga.srcs/sources_1/bd/design_1/ipshared/1ab4/sources_1/new/pixel_processor.v:34]
CRITICAL WARNING: [Synth 8-3352] multi-driven net pxl_out[23] with 2nd driver pin 'inst/pxl_out_reg[23]/Q' [c:/Users/speci/vivado/hdmi_vga/hdmi_vga.srcs/sources_1/bd/design_1/ipshared/1ab4/sources_1/new/pixel_processor.v:39]
CRITICAL WARNING: [Synth 8-3352] multi-driven net pxl_out[22] with 1st driver pin 'inst/pxl_out_reg[22]__0/Q' [c:/Users/speci/vivado/hdmi_vga/hdmi_vga.srcs/sources_1/bd/design_1/ipshared/1ab4/sources_1/new/pixel_processor.v:34]
CRITICAL WARNING: [Synth 8-3352] multi-driven net pxl_out[22] with 2nd driver pin 'inst/pxl_out_reg[22]/Q' [c:/Users/speci/vivado/hdmi_vga/hdmi_vga.srcs/sources_1/bd/design_1/ipshared/1ab4/sources_1/new/pixel_processor.v:39]
CRITICAL WARNING: [Synth 8-3352] multi-driven net pxl_out[21] with 1st driver pin 'inst/pxl_out_reg[21]__0/Q' [c:/Users/speci/vivado/hdmi_vga/hdmi_vga.srcs/sources_1/bd/design_1/ipshared/1ab4/sources_1/new/pixel_processor.v:34]
CRITICAL WARNING: [Synth 8-3352] multi-driven net pxl_out[21] with 2nd driver pin 'inst/pxl_out_reg[21]/Q' [c:/Users/speci/vivado/hdmi_vga/hdmi_vga.srcs/sources_1/bd/design_1/ipshared/1ab4/sources_1/new/pixel_processor.v:39]
CRITICAL WARNING: [Synth 8-3352] multi-driven net pxl_out[20] with 1st driver pin 'inst/pxl_out_reg[20]__0/Q' [c:/Users/speci/vivado/hdmi_vga/hdmi_vga.srcs/sources_1/bd/design_1/ipshared/1ab4/sources_1/new/pixel_processor.v:34]
CRITICAL WARNING: [Synth 8-3352] multi-driven net pxl_out[20] with 2nd driver pin 'inst/pxl_out_reg[20]/Q' [c:/Users/speci/vivado/hdmi_vga/hdmi_vga.srcs/sources_1/bd/design_1/ipshared/1ab4/sources_1/new/pixel_processor.v:39]
CRITICAL WARNING: [Synth 8-3352] multi-driven net pxl_out[19] with 1st driver pin 'inst/pxl_out_reg[19]__0/Q' [c:/Users/speci/vivado/hdmi_vga/hdmi_vga.srcs/sources_1/bd/design_1/ipshared/1ab4/sources_1/new/pixel_processor.v:34]
CRITICAL WARNING: [Synth 8-3352] multi-driven net pxl_out[19] with 2nd driver pin 'inst/pxl_out_reg[19]/Q' [c:/Users/speci/vivado/hdmi_vga/hdmi_vga.srcs/sources_1/bd/design_1/ipshared/1ab4/sources_1/new/pixel_processor.v:39]
CRITICAL WARNING: [Synth 8-3352] multi-driven net pxl_out[18] with 1st driver pin 'inst/pxl_out_reg[18]__0/Q' [c:/Users/speci/vivado/hdmi_vga/hdmi_vga.srcs/sources_1/bd/design_1/ipshared/1ab4/sources_1/new/pixel_processor.v:34]
CRITICAL WARNING: [Synth 8-3352] multi-driven net pxl_out[18] with 2nd driver pin 'inst/pxl_out_reg[18]/Q' [c:/Users/speci/vivado/hdmi_vga/hdmi_vga.srcs/sources_1/bd/design_1/ipshared/1ab4/sources_1/new/pixel_processor.v:39]
CRITICAL WARNING: [Synth 8-3352] multi-driven net pxl_out[17] with 1st driver pin 'inst/pxl_out_reg[17]__0/Q' [c:/Users/speci/vivado/hdmi_vga/hdmi_vga.srcs/sources_1/bd/design_1/ipshared/1ab4/sources_1/new/pixel_processor.v:34]
CRITICAL WARNING: [Synth 8-3352] multi-driven net pxl_out[17] with 2nd driver pin 'inst/pxl_out_reg[17]/Q' [c:/Users/speci/vivado/hdmi_vga/hdmi_vga.srcs/sources_1/bd/design_1/ipshared/1ab4/sources_1/new/pixel_processor.v:39]
CRITICAL WARNING: [Synth 8-3352] multi-driven net pxl_out[16] with 1st driver pin 'inst/pxl_out_reg[16]__0/Q' [c:/Users/speci/vivado/hdmi_vga/hdmi_vga.srcs/sources_1/bd/design_1/ipshared/1ab4/sources_1/new/pixel_processor.v:34]
CRITICAL WARNING: [Synth 8-3352] multi-driven net pxl_out[16] with 2nd driver pin 'inst/pxl_out_reg[16]/Q' [c:/Users/speci/vivado/hdmi_vga/hdmi_vga.srcs/sources_1/bd/design_1/ipshared/1ab4/sources_1/new/pixel_processor.v:39]
CRITICAL WARNING: [Synth 8-3352] multi-driven net pxl_out[15] with 1st driver pin 'inst/pxl_out_reg[15]__0/Q' [c:/Users/speci/vivado/hdmi_vga/hdmi_vga.srcs/sources_1/bd/design_1/ipshared/1ab4/sources_1/new/pixel_processor.v:34]
CRITICAL WARNING: [Synth 8-3352] multi-driven net pxl_out[15] with 2nd driver pin 'inst/pxl_out_reg[15]/Q' [c:/Users/speci/vivado/hdmi_vga/hdmi_vga.srcs/sources_1/bd/design_1/ipshared/1ab4/sources_1/new/pixel_processor.v:39]
CRITICAL WARNING: [Synth 8-3352] multi-driven net pxl_out[14] with 1st driver pin 'inst/pxl_out_reg[14]__0/Q' [c:/Users/speci/vivado/hdmi_vga/hdmi_vga.srcs/sources_1/bd/design_1/ipshared/1ab4/sources_1/new/pixel_processor.v:34]
CRITICAL WARNING: [Synth 8-3352] multi-driven net pxl_out[14] with 2nd driver pin 'inst/pxl_out_reg[14]/Q' [c:/Users/speci/vivado/hdmi_vga/hdmi_vga.srcs/sources_1/bd/design_1/ipshared/1ab4/sources_1/new/pixel_processor.v:39]
CRITICAL WARNING: [Synth 8-3352] multi-driven net pxl_out[13] with 1st driver pin 'inst/pxl_out_reg[13]__0/Q' [c:/Users/speci/vivado/hdmi_vga/hdmi_vga.srcs/sources_1/bd/design_1/ipshared/1ab4/sources_1/new/pixel_processor.v:34]
CRITICAL WARNING: [Synth 8-3352] multi-driven net pxl_out[13] with 2nd driver pin 'inst/pxl_out_reg[13]/Q' [c:/Users/speci/vivado/hdmi_vga/hdmi_vga.srcs/sources_1/bd/design_1/ipshared/1ab4/sources_1/new/pixel_processor.v:39]
CRITICAL WARNING: [Synth 8-3352] multi-driven net pxl_out[12] with 1st driver pin 'inst/pxl_out_reg[12]__0/Q' [c:/Users/speci/vivado/hdmi_vga/hdmi_vga.srcs/sources_1/bd/design_1/ipshared/1ab4/sources_1/new/pixel_processor.v:34]
CRITICAL WARNING: [Synth 8-3352] multi-driven net pxl_out[12] with 2nd driver pin 'inst/pxl_out_reg[12]/Q' [c:/Users/speci/vivado/hdmi_vga/hdmi_vga.srcs/sources_1/bd/design_1/ipshared/1ab4/sources_1/new/pixel_processor.v:39]
CRITICAL WARNING: [Synth 8-3352] multi-driven net pxl_out[11] with 1st driver pin 'inst/pxl_out_reg[11]__0/Q' [c:/Users/speci/vivado/hdmi_vga/hdmi_vga.srcs/sources_1/bd/design_1/ipshared/1ab4/sources_1/new/pixel_processor.v:34]
CRITICAL WARNING: [Synth 8-3352] multi-driven net pxl_out[11] with 2nd driver pin 'inst/pxl_out_reg[11]/Q' [c:/Users/speci/vivado/hdmi_vga/hdmi_vga.srcs/sources_1/bd/design_1/ipshared/1ab4/sources_1/new/pixel_processor.v:39]
CRITICAL WARNING: [Synth 8-3352] multi-driven net pxl_out[10] with 1st driver pin 'inst/pxl_out_reg[10]__0/Q' [c:/Users/speci/vivado/hdmi_vga/hdmi_vga.srcs/sources_1/bd/design_1/ipshared/1ab4/sources_1/new/pixel_processor.v:34]
CRITICAL WARNING: [Synth 8-3352] multi-driven net pxl_out[10] with 2nd driver pin 'inst/pxl_out_reg[10]/Q' [c:/Users/speci/vivado/hdmi_vga/hdmi_vga.srcs/sources_1/bd/design_1/ipshared/1ab4/sources_1/new/pixel_processor.v:39]
CRITICAL WARNING: [Synth 8-3352] multi-driven net pxl_out[9] with 1st driver pin 'inst/pxl_out_reg[9]__0/Q' [c:/Users/speci/vivado/hdmi_vga/hdmi_vga.srcs/sources_1/bd/design_1/ipshared/1ab4/sources_1/new/pixel_processor.v:34]
CRITICAL WARNING: [Synth 8-3352] multi-driven net pxl_out[9] with 2nd driver pin 'inst/pxl_out_reg[9]/Q' [c:/Users/speci/vivado/hdmi_vga/hdmi_vga.srcs/sources_1/bd/design_1/ipshared/1ab4/sources_1/new/pixel_processor.v:39]
CRITICAL WARNING: [Synth 8-3352] multi-driven net pxl_out[8] with 1st driver pin 'inst/pxl_out_reg[8]__0/Q' [c:/Users/speci/vivado/hdmi_vga/hdmi_vga.srcs/sources_1/bd/design_1/ipshared/1ab4/sources_1/new/pixel_processor.v:34]
CRITICAL WARNING: [Synth 8-3352] multi-driven net pxl_out[8] with 2nd driver pin 'inst/pxl_out_reg[8]/Q' [c:/Users/speci/vivado/hdmi_vga/hdmi_vga.srcs/sources_1/bd/design_1/ipshared/1ab4/sources_1/new/pixel_processor.v:39]
CRITICAL WARNING: [Synth 8-3352] multi-driven net pxl_out[7] with 1st driver pin 'inst/pxl_out_reg[7]__0/Q' [c:/Users/speci/vivado/hdmi_vga/hdmi_vga.srcs/sources_1/bd/design_1/ipshared/1ab4/sources_1/new/pixel_processor.v:34]
CRITICAL WARNING: [Synth 8-3352] multi-driven net pxl_out[7] with 2nd driver pin 'inst/pxl_out_reg[7]/Q' [c:/Users/speci/vivado/hdmi_vga/hdmi_vga.srcs/sources_1/bd/design_1/ipshared/1ab4/sources_1/new/pixel_processor.v:39]
CRITICAL WARNING: [Synth 8-3352] multi-driven net pxl_out[6] with 1st driver pin 'inst/pxl_out_reg[6]__0/Q' [c:/Users/speci/vivado/hdmi_vga/hdmi_vga.srcs/sources_1/bd/design_1/ipshared/1ab4/sources_1/new/pixel_processor.v:34]
CRITICAL WARNING: [Synth 8-3352] multi-driven net pxl_out[6] with 2nd driver pin 'inst/pxl_out_reg[6]/Q' [c:/Users/speci/vivado/hdmi_vga/hdmi_vga.srcs/sources_1/bd/design_1/ipshared/1ab4/sources_1/new/pixel_processor.v:39]
CRITICAL WARNING: [Synth 8-3352] multi-driven net pxl_out[5] with 1st driver pin 'inst/pxl_out_reg[5]__0/Q' [c:/Users/speci/vivado/hdmi_vga/hdmi_vga.srcs/sources_1/bd/design_1/ipshared/1ab4/sources_1/new/pixel_processor.v:34]
CRITICAL WARNING: [Synth 8-3352] multi-driven net pxl_out[5] with 2nd driver pin 'inst/pxl_out_reg[5]/Q' [c:/Users/speci/vivado/hdmi_vga/hdmi_vga.srcs/sources_1/bd/design_1/ipshared/1ab4/sources_1/new/pixel_processor.v:39]
CRITICAL WARNING: [Synth 8-3352] multi-driven net pxl_out[4] with 1st driver pin 'inst/pxl_out_reg[4]__0/Q' [c:/Users/speci/vivado/hdmi_vga/hdmi_vga.srcs/sources_1/bd/design_1/ipshared/1ab4/sources_1/new/pixel_processor.v:34]
CRITICAL WARNING: [Synth 8-3352] multi-driven net pxl_out[4] with 2nd driver pin 'inst/pxl_out_reg[4]/Q' [c:/Users/speci/vivado/hdmi_vga/hdmi_vga.srcs/sources_1/bd/design_1/ipshared/1ab4/sources_1/new/pixel_processor.v:39]
CRITICAL WARNING: [Synth 8-3352] multi-driven net pxl_out[3] with 1st driver pin 'inst/pxl_out_reg[3]__0/Q' [c:/Users/speci/vivado/hdmi_vga/hdmi_vga.srcs/sources_1/bd/design_1/ipshared/1ab4/sources_1/new/pixel_processor.v:34]
CRITICAL WARNING: [Synth 8-3352] multi-driven net pxl_out[3] with 2nd driver pin 'inst/pxl_out_reg[3]/Q' [c:/Users/speci/vivado/hdmi_vga/hdmi_vga.srcs/sources_1/bd/design_1/ipshared/1ab4/sources_1/new/pixel_processor.v:39]
CRITICAL WARNING: [Synth 8-3352] multi-driven net pxl_out[2] with 1st driver pin 'inst/pxl_out_reg[2]__0/Q' [c:/Users/speci/vivado/hdmi_vga/hdmi_vga.srcs/sources_1/bd/design_1/ipshared/1ab4/sources_1/new/pixel_processor.v:34]
CRITICAL WARNING: [Synth 8-3352] multi-driven net pxl_out[2] with 2nd driver pin 'inst/pxl_out_reg[2]/Q' [c:/Users/speci/vivado/hdmi_vga/hdmi_vga.srcs/sources_1/bd/design_1/ipshared/1ab4/sources_1/new/pixel_processor.v:39]
CRITICAL WARNING: [Synth 8-3352] multi-driven net pxl_out[1] with 1st driver pin 'inst/pxl_out_reg[1]__0/Q' [c:/Users/speci/vivado/hdmi_vga/hdmi_vga.srcs/sources_1/bd/design_1/ipshared/1ab4/sources_1/new/pixel_processor.v:34]
CRITICAL WARNING: [Synth 8-3352] multi-driven net pxl_out[1] with 2nd driver pin 'inst/pxl_out_reg[1]/Q' [c:/Users/speci/vivado/hdmi_vga/hdmi_vga.srcs/sources_1/bd/design_1/ipshared/1ab4/sources_1/new/pixel_processor.v:39]
CRITICAL WARNING: [Synth 8-3352] multi-driven net pxl_out[0] with 1st driver pin 'inst/pxl_out_reg[0]__0/Q' [c:/Users/speci/vivado/hdmi_vga/hdmi_vga.srcs/sources_1/bd/design_1/ipshared/1ab4/sources_1/new/pixel_processor.v:34]
CRITICAL WARNING: [Synth 8-3352] multi-driven net pxl_out[0] with 2nd driver pin 'inst/pxl_out_reg[0]/Q' [c:/Users/speci/vivado/hdmi_vga/hdmi_vga.srcs/sources_1/bd/design_1/ipshared/1ab4/sources_1/new/pixel_processor.v:39]

Report Check Netlist: 
+------+------------------+-------+---------+-------+------------------+
|      |Item              |Errors |Warnings |Status |Description       |
+------+------------------+-------+---------+-------+------------------+
|1     |multi_driven_nets |      0|       24|Failed |Multi driven nets |
+------+------------------+-------+---------+-------+------------------+
---------------------------------------------------------------------------------
Start Renaming Generated Instances
---------------------------------------------------------------------------------
---------------------------------------------------------------------------------
Finished Renaming Generated Instances : Time (s): cpu = 00:00:25 ; elapsed = 00:00:27 . Memory (MB): peak = 624.809 ; gain = 414.727
---------------------------------------------------------------------------------

Report RTL Partitions: 
+-+--------------+------------+----------+
| |RTL Partition |Replication |Instances |
+-+--------------+------------+----------+
+-+--------------+------------+----------+
---------------------------------------------------------------------------------
Start Rebuilding User Hierarchy
---------------------------------------------------------------------------------
---------------------------------------------------------------------------------
Finished Rebuilding User Hierarchy : Time (s): cpu = 00:00:25 ; elapsed = 00:00:27 . Memory (MB): peak = 624.809 ; gain = 414.727
---------------------------------------------------------------------------------
---------------------------------------------------------------------------------
Start Renaming Generated Ports
---------------------------------------------------------------------------------
---------------------------------------------------------------------------------
Finished Renaming Generated Ports : Time (s): cpu = 00:00:25 ; elapsed = 00:00:27 . Memory (MB): peak = 624.809 ; gain = 414.727
---------------------------------------------------------------------------------
---------------------------------------------------------------------------------
Start Handling Custom Attributes
---------------------------------------------------------------------------------
---------------------------------------------------------------------------------
Finished Handling Custom Attributes : Time (s): cpu = 00:00:25 ; elapsed = 00:00:27 . Memory (MB): peak = 624.809 ; gain = 414.727
---------------------------------------------------------------------------------
---------------------------------------------------------------------------------
Start Renaming Generated Nets
---------------------------------------------------------------------------------
---------------------------------------------------------------------------------
Finished Renaming Generated Nets : Time (s): cpu = 00:00:25 ; elapsed = 00:00:27 . Memory (MB): peak = 624.809 ; gain = 414.727
---------------------------------------------------------------------------------
---------------------------------------------------------------------------------
Start Writing Synthesis Report
---------------------------------------------------------------------------------

Report BlackBoxes: 
+-+--------------+----------+
| |BlackBox name |Instances |
+-+--------------+----------+
+-+--------------+----------+

Report Cell Usage: 
+------+-----+------+
|      |Cell |Count |
+------+-----+------+
|1     |LUT1 |     1|
|2     |FDRE |    24|
|3     |LD   |    24|
+------+-----+------+

Report Instance Areas: 
+------+---------+----------------+------+
|      |Instance |Module          |Cells |
+------+---------+----------------+------+
|1     |top      |                |    49|
|2     |  inst   |pixel_processor |    49|
+------+---------+----------------+------+
---------------------------------------------------------------------------------
Finished Writing Synthesis Report : Time (s): cpu = 00:00:25 ; elapsed = 00:00:27 . Memory (MB): peak = 624.809 ; gain = 414.727
---------------------------------------------------------------------------------
Synthesis finished with 0 errors, 48 critical warnings and 1 warnings.
Synthesis Optimization Runtime : Time (s): cpu = 00:00:13 ; elapsed = 00:00:17 . Memory (MB): peak = 624.809 ; gain = 110.277
Synthesis Optimization Complete : Time (s): cpu = 00:00:26 ; elapsed = 00:00:27 . Memory (MB): peak = 624.809 ; gain = 414.727
INFO: [Project 1-571] Translating synthesized netlist
INFO: [Netlist 29-17] Analyzing 24 Unisim elements for replacement
INFO: [Netlist 29-28] Unisim Transformation completed in 0 CPU seconds
INFO: [Project 1-570] Preparing netlist for logic optimization
Parsing XDC File [c:/Users/speci/vivado/hdmi_vga/hdmi_vga.srcs/sources_1/bd/design_1/ip/design_1_pixel_processor_0_1/constrs_1/imports/Xilinx/zybo-master.xdc] for cell 'inst'
Finished Parsing XDC File [c:/Users/speci/vivado/hdmi_vga/hdmi_vga.srcs/sources_1/bd/design_1/ip/design_1_pixel_processor_0_1/constrs_1/imports/Xilinx/zybo-master.xdc] for cell 'inst'
INFO: [Opt 31-138] Pushed 1 inverter(s) to 24 load pin(s).
INFO: [Project 1-111] Unisim Transformation Summary:
  A total of 24 instances were transformed.
  LD => LDCE (inverted pins: G): 24 instances

INFO: [Common 17-83] Releasing license: Synthesis
15 Infos, 1 Warnings, 48 Critical Warnings and 0 Errors encountered.
synth_design completed successfully
synth_design: Time (s): cpu = 00:00:23 ; elapsed = 00:00:24 . Memory (MB): peak = 624.809 ; gain = 393.496
INFO: [Common 17-1381] The checkpoint 'C:/Users/speci/vivado/hdmi_vga/hdmi_vga.runs/design_1_pixel_processor_0_1_synth_1/design_1_pixel_processor_0_1.dcp' has been generated.
