
*** Running vivado
    with args -log design_1_v_vid_in_axi4s_0_0.vds -m64 -product Vivado -mode batch -messageDb vivado.pb -notrace -source design_1_v_vid_in_axi4s_0_0.tcl


****** Vivado v2016.3 (64-bit)
  **** SW Build 1682563 on Mon Oct 10 19:07:27 MDT 2016
  **** IP Build 1681267 on Mon Oct 10 21:28:31 MDT 2016
    ** Copyright 1986-2016 Xilinx, Inc. All Rights Reserved.

source design_1_v_vid_in_axi4s_0_0.tcl -notrace
Starting RTL Elaboration : Time (s): cpu = 00:00:11 ; elapsed = 00:00:14 . Memory (MB): peak = 312.008 ; gain = 102.582
INFO: [Synth 8-638] synthesizing module 'design_1_v_vid_in_axi4s_0_0' [c:/Users/speci/vivado/hdmi_vga/hdmi_vga.srcs/sources_1/bd/design_1/ip/design_1_v_vid_in_axi4s_0_0/synth/design_1_v_vid_in_axi4s_0_0.v:57]
INFO: [Synth 8-638] synthesizing module 'v_vid_in_axi4s_v4_0_4' [c:/Users/speci/vivado/hdmi_vga/hdmi_vga.srcs/sources_1/bd/design_1/ipshared/251f/hdl/v_vid_in_axi4s_v4_0_vl_rfs.v:782]
INFO: [Synth 8-638] synthesizing module 'v_vid_in_axi4s_v4_0_4_formatter' [c:/Users/speci/vivado/hdmi_vga/hdmi_vga.srcs/sources_1/bd/design_1/ipshared/251f/hdl/v_vid_in_axi4s_v4_0_vl_rfs.v:570]
INFO: [Synth 8-256] done synthesizing module 'v_vid_in_axi4s_v4_0_4_formatter' (1#1) [c:/Users/speci/vivado/hdmi_vga/hdmi_vga.srcs/sources_1/bd/design_1/ipshared/251f/hdl/v_vid_in_axi4s_v4_0_vl_rfs.v:570]
INFO: [Synth 8-638] synthesizing module 'v_vid_in_axi4s_v4_0_4_coupler' [c:/Users/speci/vivado/hdmi_vga/hdmi_vga.srcs/sources_1/bd/design_1/ipshared/251f/hdl/v_vid_in_axi4s_v4_0_vl_rfs.v:63]
INFO: [Synth 8-256] done synthesizing module 'v_vid_in_axi4s_v4_0_4_coupler' (32#1) [c:/Users/speci/vivado/hdmi_vga/hdmi_vga.srcs/sources_1/bd/design_1/ipshared/251f/hdl/v_vid_in_axi4s_v4_0_vl_rfs.v:63]
INFO: [Synth 8-256] done synthesizing module 'v_vid_in_axi4s_v4_0_4' (33#1) [c:/Users/speci/vivado/hdmi_vga/hdmi_vga.srcs/sources_1/bd/design_1/ipshared/251f/hdl/v_vid_in_axi4s_v4_0_vl_rfs.v:782]
INFO: [Synth 8-256] done synthesizing module 'design_1_v_vid_in_axi4s_0_0' (34#1) [c:/Users/speci/vivado/hdmi_vga/hdmi_vga.srcs/sources_1/bd/design_1/ip/design_1_v_vid_in_axi4s_0_0/synth/design_1_v_vid_in_axi4s_0_0.v:57]
Finished RTL Elaboration : Time (s): cpu = 00:00:58 ; elapsed = 00:01:04 . Memory (MB): peak = 523.746 ; gain = 314.320
Finished RTL Optimization Phase 1 : Time (s): cpu = 00:00:59 ; elapsed = 00:01:04 . Memory (MB): peak = 523.746 ; gain = 314.320
INFO: [Device 21-403] Loading part xc7z010clg400-1
Constraint Validation Runtime : Time (s): cpu = 00:00:00 ; elapsed = 00:00:00.040 . Memory (MB): peak = 616.422 ; gain = 0.000
Finished Constraint Validation : Time (s): cpu = 00:01:08 ; elapsed = 00:01:14 . Memory (MB): peak = 616.422 ; gain = 406.996
Finished Loading Part and Timing Information : Time (s): cpu = 00:01:08 ; elapsed = 00:01:14 . Memory (MB): peak = 616.422 ; gain = 406.996
Finished applying 'set_property' XDC Constraints : Time (s): cpu = 00:01:08 ; elapsed = 00:01:14 . Memory (MB): peak = 616.422 ; gain = 406.996
Finished RTL Optimization Phase 2 : Time (s): cpu = 00:01:09 ; elapsed = 00:01:15 . Memory (MB): peak = 616.422 ; gain = 406.996
Finished Cross Boundary and Area Optimization : Time (s): cpu = 00:01:10 ; elapsed = 00:01:16 . Memory (MB): peak = 616.422 ; gain = 406.996
Finished Applying XDC Timing Constraints : Time (s): cpu = 00:01:20 ; elapsed = 00:01:27 . Memory (MB): peak = 616.422 ; gain = 406.996
Finished Timing Optimization : Time (s): cpu = 00:01:20 ; elapsed = 00:01:27 . Memory (MB): peak = 616.422 ; gain = 406.996
Finished Technology Mapping : Time (s): cpu = 00:01:20 ; elapsed = 00:01:27 . Memory (MB): peak = 634.922 ; gain = 425.496
Finished IO Insertion : Time (s): cpu = 00:01:21 ; elapsed = 00:01:27 . Memory (MB): peak = 634.922 ; gain = 425.496
Finished Renaming Generated Instances : Time (s): cpu = 00:01:21 ; elapsed = 00:01:27 . Memory (MB): peak = 634.922 ; gain = 425.496
Finished Rebuilding User Hierarchy : Time (s): cpu = 00:01:21 ; elapsed = 00:01:27 . Memory (MB): peak = 634.922 ; gain = 425.496
Finished Renaming Generated Ports : Time (s): cpu = 00:01:21 ; elapsed = 00:01:27 . Memory (MB): peak = 634.922 ; gain = 425.496
Finished Handling Custom Attributes : Time (s): cpu = 00:01:21 ; elapsed = 00:01:27 . Memory (MB): peak = 634.922 ; gain = 425.496
Finished Renaming Generated Nets : Time (s): cpu = 00:01:21 ; elapsed = 00:01:27 . Memory (MB): peak = 634.922 ; gain = 425.496

Report Cell Usage: 
+------+---------+------+
|      |Cell     |Count |
+------+---------+------+
|1     |LUT1     |     2|
|2     |LUT2     |    35|
|3     |LUT3     |    11|
|4     |LUT4     |    34|
|5     |LUT5     |    14|
|6     |LUT6     |    13|
|7     |MUXCY    |    20|
|8     |RAMB36E1 |     1|
|9     |FDCE     |   130|
|10    |FDPE     |    27|
|11    |FDRE     |    94|
+------+---------+------+
Finished Writing Synthesis Report : Time (s): cpu = 00:01:21 ; elapsed = 00:01:27 . Memory (MB): peak = 634.922 ; gain = 425.496
synth_design: Time (s): cpu = 00:01:21 ; elapsed = 00:01:24 . Memory (MB): peak = 1037.480 ; gain = 805.801
