
*** Running vivado
    with args -log design_1_v_vid_in_axi4s_0_0.vds -m64 -product Vivado -mode batch -messageDb vivado.pb -notrace -source design_1_v_vid_in_axi4s_0_0.tcl


****** Vivado v2016.3 (64-bit)
  **** SW Build 1682563 on Mon Oct 10 19:07:27 MDT 2016
  **** IP Build 1681267 on Mon Oct 10 21:28:31 MDT 2016
    ** Copyright 1986-2016 Xilinx, Inc. All Rights Reserved.

source design_1_v_vid_in_axi4s_0_0.tcl -notrace
Starting RTL Elaboration : Time (s): cpu = 00:00:13 ; elapsed = 00:00:20 . Memory (MB): peak = 311.977 ; gain = 102.074
INFO: [Synth 8-638] synthesizing module 'design_1_v_vid_in_axi4s_0_0' [c:/Users/speci/vivado/hdmi_vga/hdmi_vga.srcs/sources_1/bd/design_1/ip/design_1_v_vid_in_axi4s_0_0/synth/design_1_v_vid_in_axi4s_0_0.v:57]
INFO: [Synth 8-638] synthesizing module 'v_vid_in_axi4s_v4_0_4' [c:/Users/speci/vivado/hdmi_vga/hdmi_vga.srcs/sources_1/bd/design_1/ipshared/251f/hdl/v_vid_in_axi4s_v4_0_vl_rfs.v:782]
INFO: [Synth 8-638] synthesizing module 'v_vid_in_axi4s_v4_0_4_formatter' [c:/Users/speci/vivado/hdmi_vga/hdmi_vga.srcs/sources_1/bd/design_1/ipshared/251f/hdl/v_vid_in_axi4s_v4_0_vl_rfs.v:570]
INFO: [Synth 8-256] done synthesizing module 'v_vid_in_axi4s_v4_0_4_formatter' (1#1) [c:/Users/speci/vivado/hdmi_vga/hdmi_vga.srcs/sources_1/bd/design_1/ipshared/251f/hdl/v_vid_in_axi4s_v4_0_vl_rfs.v:570]
INFO: [Synth 8-638] synthesizing module 'v_vid_in_axi4s_v4_0_4_coupler' [c:/Users/speci/vivado/hdmi_vga/hdmi_vga.srcs/sources_1/bd/design_1/ipshared/251f/hdl/v_vid_in_axi4s_v4_0_vl_rfs.v:63]
INFO: [Synth 8-256] done synthesizing module 'v_vid_in_axi4s_v4_0_4_coupler' (32#1) [c:/Users/speci/vivado/hdmi_vga/hdmi_vga.srcs/sources_1/bd/design_1/ipshared/251f/hdl/v_vid_in_axi4s_v4_0_vl_rfs.v:63]
INFO: [Synth 8-256] done synthesizing module 'v_vid_in_axi4s_v4_0_4' (33#1) [c:/Users/speci/vivado/hdmi_vga/hdmi_vga.srcs/sources_1/bd/design_1/ipshared/251f/hdl/v_vid_in_axi4s_v4_0_vl_rfs.v:782]
INFO: [Synth 8-256] done synthesizing module 'design_1_v_vid_in_axi4s_0_0' (34#1) [c:/Users/speci/vivado/hdmi_vga/hdmi_vga.srcs/sources_1/bd/design_1/ip/design_1_v_vid_in_axi4s_0_0/synth/design_1_v_vid_in_axi4s_0_0.v:57]
Finished RTL Elaboration : Time (s): cpu = 00:01:04 ; elapsed = 00:01:13 . Memory (MB): peak = 523.219 ; gain = 313.316
Finished RTL Optimization Phase 1 : Time (s): cpu = 00:01:04 ; elapsed = 00:01:13 . Memory (MB): peak = 523.219 ; gain = 313.316
INFO: [Device 21-403] Loading part xc7z010clg400-1
Constraint Validation Runtime : Time (s): cpu = 00:00:00 ; elapsed = 00:00:00.209 . Memory (MB): peak = 640.605 ; gain = 0.000
Finished Constraint Validation : Time (s): cpu = 00:01:14 ; elapsed = 00:01:24 . Memory (MB): peak = 640.605 ; gain = 430.703
Finished Loading Part and Timing Information : Time (s): cpu = 00:01:14 ; elapsed = 00:01:24 . Memory (MB): peak = 640.605 ; gain = 430.703
Finished applying 'set_property' XDC Constraints : Time (s): cpu = 00:01:14 ; elapsed = 00:01:24 . Memory (MB): peak = 640.605 ; gain = 430.703
Finished RTL Optimization Phase 2 : Time (s): cpu = 00:01:15 ; elapsed = 00:01:25 . Memory (MB): peak = 640.605 ; gain = 430.703
Finished Cross Boundary and Area Optimization : Time (s): cpu = 00:01:16 ; elapsed = 00:01:26 . Memory (MB): peak = 640.605 ; gain = 430.703
Finished Applying XDC Timing Constraints : Time (s): cpu = 00:01:26 ; elapsed = 00:01:37 . Memory (MB): peak = 640.605 ; gain = 430.703
Finished Timing Optimization : Time (s): cpu = 00:01:26 ; elapsed = 00:01:37 . Memory (MB): peak = 640.605 ; gain = 430.703
Finished Technology Mapping : Time (s): cpu = 00:01:26 ; elapsed = 00:01:37 . Memory (MB): peak = 640.605 ; gain = 430.703
Finished IO Insertion : Time (s): cpu = 00:01:27 ; elapsed = 00:01:37 . Memory (MB): peak = 640.605 ; gain = 430.703
Finished Renaming Generated Instances : Time (s): cpu = 00:01:27 ; elapsed = 00:01:37 . Memory (MB): peak = 640.605 ; gain = 430.703
Finished Rebuilding User Hierarchy : Time (s): cpu = 00:01:27 ; elapsed = 00:01:38 . Memory (MB): peak = 640.605 ; gain = 430.703
Finished Renaming Generated Ports : Time (s): cpu = 00:01:27 ; elapsed = 00:01:38 . Memory (MB): peak = 640.605 ; gain = 430.703
Finished Handling Custom Attributes : Time (s): cpu = 00:01:27 ; elapsed = 00:01:38 . Memory (MB): peak = 640.605 ; gain = 430.703
Finished Renaming Generated Nets : Time (s): cpu = 00:01:27 ; elapsed = 00:01:38 . Memory (MB): peak = 640.605 ; gain = 430.703

Report Cell Usage: 
+------+---------+------+
|      |Cell     |Count |
+------+---------+------+
|1     |LUT1     |     2|
|2     |LUT2     |    21|
|3     |LUT3     |     8|
|4     |LUT4     |    17|
|5     |LUT5     |     9|
|6     |LUT6     |     5|
|7     |RAMB18E1 |     1|
|8     |FDCE     |    65|
|9     |FDPE     |    27|
|10    |FDRE     |    94|
+------+---------+------+
Finished Writing Synthesis Report : Time (s): cpu = 00:01:27 ; elapsed = 00:01:38 . Memory (MB): peak = 640.605 ; gain = 430.703
synth_design: Time (s): cpu = 00:01:26 ; elapsed = 00:01:32 . Memory (MB): peak = 1054.801 ; gain = 823.625
