17:54:22 INFO  : Registering command handlers for SDK TCF services
17:54:23 INFO  : Launching XSCT server: xsct.bat -interactive C:\Users\speci\vivado\bram_example\bram_example.sdk\temp_xsdb_launch_script.tcl
17:54:27 INFO  : XSCT server has started successfully.
17:54:27 INFO  : Successfully done setting XSCT server connection channel  
17:54:32 INFO  : Successfully done setting SDK workspace  
17:54:32 INFO  : Processing command line option -hwspec C:/Users/speci/vivado/bram_example/bram_example.sdk/design_1_wrapper.hdf.
18:16:55 INFO  : Launching XSCT server: xsct.bat -interactive C:\Users\speci\vivado\bram_example\bram_example.sdk\temp_xsdb_launch_script.tcl
18:16:56 INFO  : XSCT server has started successfully.
18:16:58 INFO  : Successfully done setting XSCT server connection channel  
18:16:58 INFO  : Successfully done setting SDK workspace  
18:17:01 INFO  : Registering command handlers for SDK TCF services
18:17:02 INFO  : Processing command line option -hwspec C:/Users/speci/vivado/bram_example/bram_example.sdk/design_1_wrapper.hdf.
18:17:02 INFO  : Checking for hwspec changes in the project design_1_wrapper_hw_platform_0.
18:28:30 INFO  : Connected to target on host '127.0.0.1' and port '3121'.
18:28:33 INFO  : 'targets -set -filter {jtag_cable_name =~ "Digilent Zybo 210279778566A" && level==0} -index 1' command is executed.
18:28:36 INFO  : FPGA configured successfully with bitstream "C:/Users/speci/vivado/bram_example/bram_example.sdk/design_1_wrapper_hw_platform_0/design_1_wrapper.bit"
18:29:16 INFO  : 'targets -set -filter {jtag_cable_name =~ "Digilent Zybo 210279778566A" && level==0} -index 1' command is executed.
18:29:16 INFO  : 'fpga -state' command is executed.
18:29:17 INFO  : Connected to target on host '127.0.0.1' and port '3121'.
18:29:17 INFO  : Jtag cable 'Digilent Zybo 210279778566A' is selected.
18:29:17 INFO  : 'jtag frequency' command is executed.
18:29:17 INFO  : Sourcing of 'C:/Users/speci/vivado/bram_example/bram_example.sdk/design_1_wrapper_hw_platform_0/ps7_init.tcl' is done.
18:29:17 INFO  : Context for 'APU' is selected.
18:29:17 INFO  : Hardware design information is loaded from 'C:/Users/speci/vivado/bram_example/bram_example.sdk/design_1_wrapper_hw_platform_0/system.hdf'.
18:29:17 INFO  : Context for 'APU' is selected.
18:29:17 INFO  : 'stop' command is executed.
18:29:38 INFO  : 'ps7_init' command is executed.
18:29:38 INFO  : 'ps7_post_config' command is executed.
18:29:39 INFO  : Context for processor 'ps7_cortexa9_0' is selected.
18:29:40 INFO  : Processor reset is completed for 'ps7_cortexa9_0'.
18:29:40 INFO  : Context for processor 'ps7_cortexa9_0' is selected.
18:29:40 INFO  : The application 'C:/Users/speci/vivado/bram_example/bram_example.sdk/test1/Debug/test1.elf' is downloaded to processor 'ps7_cortexa9_0'.
18:29:40 INFO  : ----------------XSDB Script----------------
connect -url tcp:127.0.0.1:3121
source C:/Users/speci/vivado/bram_example/bram_example.sdk/design_1_wrapper_hw_platform_0/ps7_init.tcl
targets -set -nocase -filter {name =~"APU*" && jtag_cable_name =~ "Digilent Zybo 210279778566A"} -index 0
loadhw C:/Users/speci/vivado/bram_example/bram_example.sdk/design_1_wrapper_hw_platform_0/system.hdf
targets -set -nocase -filter {name =~"APU*" && jtag_cable_name =~ "Digilent Zybo 210279778566A"} -index 0
stop
ps7_init
ps7_post_config
targets -set -nocase -filter {name =~ "ARM*#0" && jtag_cable_name =~ "Digilent Zybo 210279778566A"} -index 0
rst -processor
targets -set -nocase -filter {name =~ "ARM*#0" && jtag_cable_name =~ "Digilent Zybo 210279778566A"} -index 0
dow C:/Users/speci/vivado/bram_example/bram_example.sdk/test1/Debug/test1.elf
----------------End of Script----------------

18:29:40 INFO  : Memory regions updated for context APU
18:29:40 INFO  : Context for processor 'ps7_cortexa9_0' is selected.
18:29:40 INFO  : 'con' command is executed.
18:29:40 INFO  : ----------------XSDB Script (After Launch)----------------
targets -set -nocase -filter {name =~ "ARM*#0" && jtag_cable_name =~ "Digilent Zybo 210279778566A"} -index 0
con
----------------End of Script----------------

18:29:40 INFO  : Launch script is exported to file 'C:\Users\speci\vivado\bram_example\bram_example.sdk\.sdk\launch_scripts\xilinx_c-c++_application_(system_debugger)\system_debugger_using_debug_test1.elf_on_local.tcl'
18:34:52 INFO  : SDK has detected change in the last modified timestamps for source hardware specification file Source:1482413674859,  Project:1482411058782
18:34:52 INFO  : Project design_1_wrapper_hw_platform_0's source hardware specification located at C:/Users/speci/vivado/bram_example/bram_example.sdk/design_1_wrapper.hdf is now different from the local copy.
		 The local copy will be replaced with the source specification and your workspace will be updated.
18:34:59 INFO  : Copied contents of C:/Users/speci/vivado/bram_example/bram_example.sdk/design_1_wrapper.hdf into \design_1_wrapper_hw_platform_0\system.hdf.
18:35:03 INFO  : Synchronizing projects in the workspace with the hardware platform specification changes.
18:35:08 INFO  : 
18:35:09 INFO  : Updating hardware inferred compiler options for test1.
18:35:09 INFO  : Clearing existing target manager status.
18:35:12 INFO  : Closing and re-opening the MSS file of ther project test1_bsp
18:35:13 INFO  : Workspace synchronized with the new hardware specification file. Cleaning dependent projects...
18:35:13 WARN  : Linker script will not be updated automatically. Users need to update it manually.
18:36:59 INFO  : Connected to target on host '127.0.0.1' and port '3121'.
18:36:59 INFO  : 'targets -set -filter {jtag_cable_name =~ "Digilent Zybo 210279778566A" && level==0} -index 1' command is executed.
18:37:03 INFO  : FPGA configured successfully with bitstream "C:/Users/speci/vivado/bram_example/bram_example.sdk/design_1_wrapper_hw_platform_0/design_1_wrapper.bit"
18:37:15 INFO  : Disconnected from the channel tcfchan#1.
18:37:18 INFO  : 'targets -set -filter {jtag_cable_name =~ "Digilent Zybo 210279778566A" && level==0} -index 1' command is executed.
18:37:20 INFO  : 'fpga -state' command is executed.
18:37:20 INFO  : Connected to target on host '127.0.0.1' and port '3121'.
18:37:20 INFO  : Jtag cable 'Digilent Zybo 210279778566A' is selected.
18:37:20 INFO  : 'jtag frequency' command is executed.
18:37:20 INFO  : Sourcing of 'C:/Users/speci/vivado/bram_example/bram_example.sdk/design_1_wrapper_hw_platform_0/ps7_init.tcl' is done.
18:37:20 INFO  : Context for 'APU' is selected.
18:37:21 INFO  : Hardware design information is loaded from 'C:/Users/speci/vivado/bram_example/bram_example.sdk/design_1_wrapper_hw_platform_0/system.hdf'.
18:37:21 INFO  : Context for 'APU' is selected.
18:37:21 INFO  : 'stop' command is executed.
18:37:40 INFO  : 'ps7_init' command is executed.
18:37:41 INFO  : 'ps7_post_config' command is executed.
18:37:41 INFO  : Context for processor 'ps7_cortexa9_0' is selected.
18:37:42 INFO  : Processor reset is completed for 'ps7_cortexa9_0'.
18:37:42 INFO  : Context for processor 'ps7_cortexa9_0' is selected.
18:37:43 INFO  : The application 'C:/Users/speci/vivado/bram_example/bram_example.sdk/test1/Debug/test1.elf' is downloaded to processor 'ps7_cortexa9_0'.
18:37:43 INFO  : ----------------XSDB Script----------------
connect -url tcp:127.0.0.1:3121
source C:/Users/speci/vivado/bram_example/bram_example.sdk/design_1_wrapper_hw_platform_0/ps7_init.tcl
targets -set -nocase -filter {name =~"APU*" && jtag_cable_name =~ "Digilent Zybo 210279778566A"} -index 0
loadhw C:/Users/speci/vivado/bram_example/bram_example.sdk/design_1_wrapper_hw_platform_0/system.hdf
targets -set -nocase -filter {name =~"APU*" && jtag_cable_name =~ "Digilent Zybo 210279778566A"} -index 0
stop
ps7_init
ps7_post_config
targets -set -nocase -filter {name =~ "ARM*#0" && jtag_cable_name =~ "Digilent Zybo 210279778566A"} -index 0
rst -processor
targets -set -nocase -filter {name =~ "ARM*#0" && jtag_cable_name =~ "Digilent Zybo 210279778566A"} -index 0
dow C:/Users/speci/vivado/bram_example/bram_example.sdk/test1/Debug/test1.elf
----------------End of Script----------------

18:37:44 INFO  : Memory regions updated for context APU
18:37:44 INFO  : Context for processor 'ps7_cortexa9_0' is selected.
18:37:44 INFO  : 'con' command is executed.
18:37:44 INFO  : ----------------XSDB Script (After Launch)----------------
targets -set -nocase -filter {name =~ "ARM*#0" && jtag_cable_name =~ "Digilent Zybo 210279778566A"} -index 0
con
----------------End of Script----------------

18:37:44 INFO  : Launch script is exported to file 'C:\Users\speci\vivado\bram_example\bram_example.sdk\.sdk\launch_scripts\xilinx_c-c++_application_(system_debugger)\system_debugger_using_debug_test1.elf_on_local.tcl'
18:48:54 INFO  : SDK has detected change in the last modified timestamps for source hardware specification file Source:1482414456513,  Project:1482413674859
18:48:54 INFO  : Project design_1_wrapper_hw_platform_0's source hardware specification located at C:/Users/speci/vivado/bram_example/bram_example.sdk/design_1_wrapper.hdf is now different from the local copy.
		 The local copy will be replaced with the source specification and your workspace will be updated.
18:48:54 INFO  : Copied contents of C:/Users/speci/vivado/bram_example/bram_example.sdk/design_1_wrapper.hdf into \design_1_wrapper_hw_platform_0\system.hdf.
18:48:58 INFO  : Synchronizing projects in the workspace with the hardware platform specification changes.
18:49:02 INFO  : 
18:49:03 INFO  : Updating hardware inferred compiler options for test1.
18:49:03 INFO  : Clearing existing target manager status.
18:49:03 INFO  : Closing and re-opening the MSS file of ther project test1_bsp
18:49:04 INFO  : Workspace synchronized with the new hardware specification file. Cleaning dependent projects...
18:49:04 WARN  : Linker script will not be updated automatically. Users need to update it manually.
18:49:29 INFO  : Connected to target on host '127.0.0.1' and port '3121'.
18:49:29 INFO  : 'targets -set -filter {jtag_cable_name =~ "Digilent Zybo 210279778566A" && level==0} -index 1' command is executed.
18:49:31 INFO  : FPGA configured successfully with bitstream "C:/Users/speci/vivado/bram_example/bram_example.sdk/design_1_wrapper_hw_platform_0/design_1_wrapper.bit"
18:49:45 INFO  : Disconnected from the channel tcfchan#2.
18:49:47 INFO  : 'targets -set -filter {jtag_cable_name =~ "Digilent Zybo 210279778566A" && level==0} -index 1' command is executed.
18:49:47 INFO  : 'fpga -state' command is executed.
18:49:47 INFO  : Connected to target on host '127.0.0.1' and port '3121'.
18:49:47 INFO  : Jtag cable 'Digilent Zybo 210279778566A' is selected.
18:49:48 INFO  : 'jtag frequency' command is executed.
18:49:48 INFO  : Sourcing of 'C:/Users/speci/vivado/bram_example/bram_example.sdk/design_1_wrapper_hw_platform_0/ps7_init.tcl' is done.
18:49:48 INFO  : Context for 'APU' is selected.
18:49:48 INFO  : Hardware design information is loaded from 'C:/Users/speci/vivado/bram_example/bram_example.sdk/design_1_wrapper_hw_platform_0/system.hdf'.
18:49:48 INFO  : Context for 'APU' is selected.
18:49:48 INFO  : 'stop' command is executed.
18:49:59 INFO  : 'ps7_init' command is executed.
18:50:00 INFO  : 'ps7_post_config' command is executed.
18:50:00 INFO  : Context for processor 'ps7_cortexa9_0' is selected.
18:50:00 INFO  : Processor reset is completed for 'ps7_cortexa9_0'.
18:50:01 INFO  : Context for processor 'ps7_cortexa9_0' is selected.
18:50:02 INFO  : The application 'C:/Users/speci/vivado/bram_example/bram_example.sdk/test1/Debug/test1.elf' is downloaded to processor 'ps7_cortexa9_0'.
18:50:02 INFO  : ----------------XSDB Script----------------
connect -url tcp:127.0.0.1:3121
source C:/Users/speci/vivado/bram_example/bram_example.sdk/design_1_wrapper_hw_platform_0/ps7_init.tcl
targets -set -nocase -filter {name =~"APU*" && jtag_cable_name =~ "Digilent Zybo 210279778566A"} -index 0
loadhw C:/Users/speci/vivado/bram_example/bram_example.sdk/design_1_wrapper_hw_platform_0/system.hdf
targets -set -nocase -filter {name =~"APU*" && jtag_cable_name =~ "Digilent Zybo 210279778566A"} -index 0
stop
ps7_init
ps7_post_config
targets -set -nocase -filter {name =~ "ARM*#0" && jtag_cable_name =~ "Digilent Zybo 210279778566A"} -index 0
rst -processor
targets -set -nocase -filter {name =~ "ARM*#0" && jtag_cable_name =~ "Digilent Zybo 210279778566A"} -index 0
dow C:/Users/speci/vivado/bram_example/bram_example.sdk/test1/Debug/test1.elf
----------------End of Script----------------

18:50:02 INFO  : Memory regions updated for context APU
18:50:02 INFO  : Context for processor 'ps7_cortexa9_0' is selected.
18:50:03 INFO  : 'con' command is executed.
18:50:03 INFO  : ----------------XSDB Script (After Launch)----------------
targets -set -nocase -filter {name =~ "ARM*#0" && jtag_cable_name =~ "Digilent Zybo 210279778566A"} -index 0
con
----------------End of Script----------------

18:50:03 INFO  : Launch script is exported to file 'C:\Users\speci\vivado\bram_example\bram_example.sdk\.sdk\launch_scripts\xilinx_c-c++_application_(system_debugger)\system_debugger_using_debug_test1.elf_on_local.tcl'
18:53:19 INFO  : Disconnected from the channel tcfchan#3.
18:53:22 ERROR : Unexpected error while parsing XMD response ?: com.google.gson.JsonSyntaxException: com.google.gson.stream.MalformedJsonException: invalid number or unquoted string near 
