
*** Running vivado
    with args -log design_1_v_axi4s_vid_out_0_0.vds -m64 -product Vivado -mode batch -messageDb vivado.pb -notrace -source design_1_v_axi4s_vid_out_0_0.tcl


****** Vivado v2016.3 (64-bit)
  **** SW Build 1682563 on Mon Oct 10 19:07:27 MDT 2016
  **** IP Build 1681267 on Mon Oct 10 21:28:31 MDT 2016
    ** Copyright 1986-2016 Xilinx, Inc. All Rights Reserved.

source design_1_v_axi4s_vid_out_0_0.tcl -notrace
Starting RTL Elaboration : Time (s): cpu = 00:00:09 ; elapsed = 00:00:11 . Memory (MB): peak = 312.773 ; gain = 103.102
INFO: [Synth 8-638] synthesizing module 'design_1_v_axi4s_vid_out_0_0' [c:/Users/speci/vivado/hdmi_vga/hdmi_vga.srcs/sources_1/bd/design_1/ip/design_1_v_axi4s_vid_out_0_0/synth/design_1_v_axi4s_vid_out_0_0.v:57]
INFO: [Synth 8-638] synthesizing module 'v_axi4s_vid_out_v4_0_4' [c:/Users/speci/vivado/hdmi_vga/hdmi_vga.srcs/sources_1/bd/design_1/ipshared/a7c9/hdl/v_axi4s_vid_out_v4_0_vl_rfs.v:76]
INFO: [Synth 8-638] synthesizing module 'v_axi4s_vid_out_v4_0_4_coupler' [c:/Users/speci/vivado/hdmi_vga/hdmi_vga.srcs/sources_1/bd/design_1/ipshared/a7c9/hdl/v_axi4s_vid_out_v4_0_vl_rfs.v:311]
INFO: [Synth 8-256] done synthesizing module 'v_axi4s_vid_out_v4_0_4_coupler' (29#1) [c:/Users/speci/vivado/hdmi_vga/hdmi_vga.srcs/sources_1/bd/design_1/ipshared/a7c9/hdl/v_axi4s_vid_out_v4_0_vl_rfs.v:311]
INFO: [Synth 8-638] synthesizing module 'v_axi4s_vid_out_v4_0_4_sync' [c:/Users/speci/vivado/hdmi_vga/hdmi_vga.srcs/sources_1/bd/design_1/ipshared/a7c9/hdl/v_axi4s_vid_out_v4_0_vl_rfs.v:822]
INFO: [Synth 8-256] done synthesizing module 'v_axi4s_vid_out_v4_0_4_sync' (30#1) [c:/Users/speci/vivado/hdmi_vga/hdmi_vga.srcs/sources_1/bd/design_1/ipshared/a7c9/hdl/v_axi4s_vid_out_v4_0_vl_rfs.v:822]
INFO: [Synth 8-638] synthesizing module 'v_axi4s_vid_out_v4_0_4_formatter' [c:/Users/speci/vivado/hdmi_vga/hdmi_vga.srcs/sources_1/bd/design_1/ipshared/a7c9/hdl/v_axi4s_vid_out_v4_0_vl_rfs.v:1453]
INFO: [Synth 8-256] done synthesizing module 'v_axi4s_vid_out_v4_0_4_formatter' (31#1) [c:/Users/speci/vivado/hdmi_vga/hdmi_vga.srcs/sources_1/bd/design_1/ipshared/a7c9/hdl/v_axi4s_vid_out_v4_0_vl_rfs.v:1453]
INFO: [Synth 8-256] done synthesizing module 'v_axi4s_vid_out_v4_0_4' (32#1) [c:/Users/speci/vivado/hdmi_vga/hdmi_vga.srcs/sources_1/bd/design_1/ipshared/a7c9/hdl/v_axi4s_vid_out_v4_0_vl_rfs.v:76]
INFO: [Synth 8-256] done synthesizing module 'design_1_v_axi4s_vid_out_0_0' (33#1) [c:/Users/speci/vivado/hdmi_vga/hdmi_vga.srcs/sources_1/bd/design_1/ip/design_1_v_axi4s_vid_out_0_0/synth/design_1_v_axi4s_vid_out_0_0.v:57]
Finished RTL Elaboration : Time (s): cpu = 00:00:58 ; elapsed = 00:01:02 . Memory (MB): peak = 523.215 ; gain = 313.543
Finished RTL Optimization Phase 1 : Time (s): cpu = 00:00:58 ; elapsed = 00:01:02 . Memory (MB): peak = 523.215 ; gain = 313.543
INFO: [Device 21-403] Loading part xc7z010clg400-1
Constraint Validation Runtime : Time (s): cpu = 00:00:00 ; elapsed = 00:00:00.193 . Memory (MB): peak = 624.348 ; gain = 0.000
Finished Constraint Validation : Time (s): cpu = 00:01:07 ; elapsed = 00:01:13 . Memory (MB): peak = 624.348 ; gain = 414.676
Finished Loading Part and Timing Information : Time (s): cpu = 00:01:07 ; elapsed = 00:01:13 . Memory (MB): peak = 624.348 ; gain = 414.676
Finished applying 'set_property' XDC Constraints : Time (s): cpu = 00:01:07 ; elapsed = 00:01:13 . Memory (MB): peak = 624.348 ; gain = 414.676
Finished RTL Optimization Phase 2 : Time (s): cpu = 00:01:08 ; elapsed = 00:01:14 . Memory (MB): peak = 624.348 ; gain = 414.676
Finished Cross Boundary and Area Optimization : Time (s): cpu = 00:01:10 ; elapsed = 00:01:16 . Memory (MB): peak = 624.348 ; gain = 414.676
Finished Applying XDC Timing Constraints : Time (s): cpu = 00:01:20 ; elapsed = 00:01:26 . Memory (MB): peak = 624.348 ; gain = 414.676
Finished Timing Optimization : Time (s): cpu = 00:01:20 ; elapsed = 00:01:26 . Memory (MB): peak = 631.277 ; gain = 421.605
Finished Technology Mapping : Time (s): cpu = 00:01:20 ; elapsed = 00:01:27 . Memory (MB): peak = 641.691 ; gain = 432.020
Finished IO Insertion : Time (s): cpu = 00:01:21 ; elapsed = 00:01:27 . Memory (MB): peak = 641.691 ; gain = 432.020
Finished Renaming Generated Instances : Time (s): cpu = 00:01:21 ; elapsed = 00:01:27 . Memory (MB): peak = 641.691 ; gain = 432.020
Finished Rebuilding User Hierarchy : Time (s): cpu = 00:01:21 ; elapsed = 00:01:27 . Memory (MB): peak = 641.691 ; gain = 432.020
Finished Renaming Generated Ports : Time (s): cpu = 00:01:21 ; elapsed = 00:01:27 . Memory (MB): peak = 641.691 ; gain = 432.020
Finished Handling Custom Attributes : Time (s): cpu = 00:01:21 ; elapsed = 00:01:27 . Memory (MB): peak = 641.691 ; gain = 432.020
Finished Renaming Generated Nets : Time (s): cpu = 00:01:21 ; elapsed = 00:01:27 . Memory (MB): peak = 641.691 ; gain = 432.020

Report Cell Usage: 
+------+---------+------+
|      |Cell     |Count |
+------+---------+------+
|1     |CARRY4   |    23|
|2     |LUT1     |    67|
|3     |LUT2     |    31|
|4     |LUT3     |    21|
|5     |LUT4     |    68|
|6     |LUT5     |    31|
|7     |LUT6     |    44|
|8     |MUXCY    |    20|
|9     |MUXF7    |     2|
|10    |RAMB36E1 |     1|
|11    |FDRE     |   230|
|12    |FDSE     |    11|
+------+---------+------+
Finished Writing Synthesis Report : Time (s): cpu = 00:01:21 ; elapsed = 00:01:27 . Memory (MB): peak = 641.691 ; gain = 432.020
synth_design: Time (s): cpu = 00:01:20 ; elapsed = 00:01:24 . Memory (MB): peak = 651.508 ; gain = 420.508
