
*** Running vivado
    with args -log design_1_pixel_processor_0_0.vds -m64 -product Vivado -mode batch -messageDb vivado.pb -notrace -source design_1_pixel_processor_0_0.tcl


****** Vivado v2016.3 (64-bit)
  **** SW Build 1682563 on Mon Oct 10 19:07:27 MDT 2016
  **** IP Build 1681267 on Mon Oct 10 21:28:31 MDT 2016
    ** Copyright 1986-2016 Xilinx, Inc. All Rights Reserved.

source design_1_pixel_processor_0_0.tcl -notrace
Command: synth_design -top design_1_pixel_processor_0_0 -part xc7z010clg400-1 -mode out_of_context
Starting synth_design
Attempting to get a license for feature 'Synthesis' and/or device 'xc7z010'
INFO: [Common 17-349] Got license for feature 'Synthesis' and/or device 'xc7z010'
INFO: Launching helper process for spawning children vivado processes
INFO: Helper process launched with PID 1472 
---------------------------------------------------------------------------------
Starting RTL Elaboration : Time (s): cpu = 00:00:06 ; elapsed = 00:00:07 . Memory (MB): peak = 308.133 ; gain = 98.449
---------------------------------------------------------------------------------
INFO: [Synth 8-638] synthesizing module 'design_1_pixel_processor_0_0' [c:/Users/speci/vivado/hdmi_vga/hdmi_vga.srcs/sources_1/bd/design_1/ip/design_1_pixel_processor_0_0/synth/design_1_pixel_processor_0_0.v:57]
INFO: [Synth 8-638] synthesizing module 'pixel_processor' [c:/Users/speci/vivado/hdmi_vga/hdmi_vga.srcs/sources_1/bd/design_1/ipshared/d600/sources_1/new/pixel_processor.v:23]
INFO: [Synth 8-155] case statement is not full and has no default [c:/Users/speci/vivado/hdmi_vga/hdmi_vga.srcs/sources_1/bd/design_1/ipshared/d600/sources_1/new/pixel_processor.v:40]
INFO: [Synth 8-256] done synthesizing module 'pixel_processor' (1#1) [c:/Users/speci/vivado/hdmi_vga/hdmi_vga.srcs/sources_1/bd/design_1/ipshared/d600/sources_1/new/pixel_processor.v:23]
INFO: [Synth 8-256] done synthesizing module 'design_1_pixel_processor_0_0' (2#1) [c:/Users/speci/vivado/hdmi_vga/hdmi_vga.srcs/sources_1/bd/design_1/ip/design_1_pixel_processor_0_0/synth/design_1_pixel_processor_0_0.v:57]
---------------------------------------------------------------------------------
Finished RTL Elaboration : Time (s): cpu = 00:00:07 ; elapsed = 00:00:08 . Memory (MB): peak = 344.539 ; gain = 134.855
---------------------------------------------------------------------------------

Report Check Netlist: 
+------+------------------+-------+---------+-------+------------------+
|      |Item              |Errors |Warnings |Status |Description       |
+------+------------------+-------+---------+-------+------------------+
|1     |multi_driven_nets |      0|        0|Passed |Multi driven nets |
+------+------------------+-------+---------+-------+------------------+
---------------------------------------------------------------------------------
Finished RTL Optimization Phase 1 : Time (s): cpu = 00:00:07 ; elapsed = 00:00:08 . Memory (MB): peak = 344.539 ; gain = 134.855
---------------------------------------------------------------------------------
INFO: [Device 21-403] Loading part xc7z010clg400-1
INFO: [Project 1-570] Preparing netlist for logic optimization

Processing XDC Constraints
Initializing timing engine
Parsing XDC File [c:/Users/speci/vivado/hdmi_vga/hdmi_vga.srcs/sources_1/bd/design_1/ip/design_1_pixel_processor_0_0/constrs_1/imports/Xilinx/zybo-master.xdc] for cell 'inst'
Finished Parsing XDC File [c:/Users/speci/vivado/hdmi_vga/hdmi_vga.srcs/sources_1/bd/design_1/ip/design_1_pixel_processor_0_0/constrs_1/imports/Xilinx/zybo-master.xdc] for cell 'inst'
Parsing XDC File [C:/Users/speci/vivado/hdmi_vga/hdmi_vga.runs/design_1_pixel_processor_0_0_synth_1/dont_touch.xdc]
Finished Parsing XDC File [C:/Users/speci/vivado/hdmi_vga/hdmi_vga.runs/design_1_pixel_processor_0_0_synth_1/dont_touch.xdc]
Completed Processing XDC Constraints

INFO: [Project 1-111] Unisim Transformation Summary:
No Unisim elements were transformed.

Constraint Validation Runtime : Time (s): cpu = 00:00:00 ; elapsed = 00:00:00.185 . Memory (MB): peak = 626.172 ; gain = 0.000
---------------------------------------------------------------------------------
Finished Constraint Validation : Time (s): cpu = 00:00:14 ; elapsed = 00:00:16 . Memory (MB): peak = 626.172 ; gain = 416.488
---------------------------------------------------------------------------------
---------------------------------------------------------------------------------
Start Loading Part and Timing Information
---------------------------------------------------------------------------------
Loading part: xc7z010clg400-1
---------------------------------------------------------------------------------
Finished Loading Part and Timing Information : Time (s): cpu = 00:00:14 ; elapsed = 00:00:16 . Memory (MB): peak = 626.172 ; gain = 416.488
---------------------------------------------------------------------------------
---------------------------------------------------------------------------------
Start Applying 'set_property' XDC Constraints
---------------------------------------------------------------------------------
Applied set_property DONT_TOUCH = true for inst. (constraint file  auto generated constraint, line ).
---------------------------------------------------------------------------------
Finished applying 'set_property' XDC Constraints : Time (s): cpu = 00:00:14 ; elapsed = 00:00:16 . Memory (MB): peak = 626.172 ; gain = 416.488
---------------------------------------------------------------------------------
---------------------------------------------------------------------------------
Finished RTL Optimization Phase 2 : Time (s): cpu = 00:00:14 ; elapsed = 00:00:16 . Memory (MB): peak = 626.172 ; gain = 416.488
---------------------------------------------------------------------------------

Report RTL Partitions: 
+-+--------------+------------+----------+
| |RTL Partition |Replication |Instances |
+-+--------------+------------+----------+
+-+--------------+------------+----------+
---------------------------------------------------------------------------------
Start RTL Component Statistics 
---------------------------------------------------------------------------------
Detailed RTL Component Info : 
+---Adders : 
	   3 Input     24 Bit       Adders := 1     
+---Registers : 
	               24 Bit    Registers := 2     
+---Muxes : 
	   2 Input      1 Bit        Muxes := 2     
	   8 Input      1 Bit        Muxes := 2     
---------------------------------------------------------------------------------
Finished RTL Component Statistics 
---------------------------------------------------------------------------------
---------------------------------------------------------------------------------
Start RTL Hierarchical Component Statistics 
---------------------------------------------------------------------------------
Hierarchical RTL Component report 
Module pixel_processor 
Detailed RTL Component Info : 
+---Adders : 
	   3 Input     24 Bit       Adders := 1     
+---Registers : 
	               24 Bit    Registers := 2     
+---Muxes : 
	   2 Input      1 Bit        Muxes := 2     
	   8 Input      1 Bit        Muxes := 2     
---------------------------------------------------------------------------------
Finished RTL Hierarchical Component Statistics
---------------------------------------------------------------------------------
---------------------------------------------------------------------------------
Start Part Resource Summary
---------------------------------------------------------------------------------
Part Resources:
DSPs: 80 (col length:40)
BRAMs: 120 (col length: RAMB18 40 RAMB36 20)
---------------------------------------------------------------------------------
Finished Part Resource Summary
---------------------------------------------------------------------------------
---------------------------------------------------------------------------------
Start Cross Boundary and Area Optimization
---------------------------------------------------------------------------------
WARNING: [Synth 8-3332] Sequential element (tpx_reg[23]) is unused and will be removed from module pixel_processor.
CRITICAL WARNING: [Synth 8-3352] multi-driven net tpx_reg[23] with 1st driver pin 'inst/tpx_reg[23]/Q' [c:/Users/speci/vivado/hdmi_vga/hdmi_vga.srcs/sources_1/bd/design_1/ipshared/d600/sources_1/new/pixel_processor.v:44]
CRITICAL WARNING: [Synth 8-3352] multi-driven net tpx_reg[23] with 2nd driver pin 'GND' [c:/Users/speci/vivado/hdmi_vga/hdmi_vga.srcs/sources_1/bd/design_1/ipshared/d600/sources_1/new/pixel_processor.v:44]
CRITICAL WARNING: [Synth 8-5559] multi-driven net tpx_reg[23] is connected to constant driver, other driver is ignored [c:/Users/speci/vivado/hdmi_vga/hdmi_vga.srcs/sources_1/bd/design_1/ipshared/d600/sources_1/new/pixel_processor.v:44]
WARNING: [Synth 8-3332] Sequential element (tpx_reg[22]) is unused and will be removed from module pixel_processor.
CRITICAL WARNING: [Synth 8-3352] multi-driven net tpx_reg[22] with 1st driver pin 'inst/tpx_reg[22]/Q' [c:/Users/speci/vivado/hdmi_vga/hdmi_vga.srcs/sources_1/bd/design_1/ipshared/d600/sources_1/new/pixel_processor.v:44]
CRITICAL WARNING: [Synth 8-3352] multi-driven net tpx_reg[22] with 2nd driver pin 'GND' [c:/Users/speci/vivado/hdmi_vga/hdmi_vga.srcs/sources_1/bd/design_1/ipshared/d600/sources_1/new/pixel_processor.v:44]
CRITICAL WARNING: [Synth 8-5559] multi-driven net tpx_reg[22] is connected to constant driver, other driver is ignored [c:/Users/speci/vivado/hdmi_vga/hdmi_vga.srcs/sources_1/bd/design_1/ipshared/d600/sources_1/new/pixel_processor.v:44]
WARNING: [Synth 8-3332] Sequential element (tpx_reg[21]) is unused and will be removed from module pixel_processor.
CRITICAL WARNING: [Synth 8-3352] multi-driven net tpx_reg[21] with 1st driver pin 'inst/tpx_reg[21]/Q' [c:/Users/speci/vivado/hdmi_vga/hdmi_vga.srcs/sources_1/bd/design_1/ipshared/d600/sources_1/new/pixel_processor.v:44]
CRITICAL WARNING: [Synth 8-3352] multi-driven net tpx_reg[21] with 2nd driver pin 'GND' [c:/Users/speci/vivado/hdmi_vga/hdmi_vga.srcs/sources_1/bd/design_1/ipshared/d600/sources_1/new/pixel_processor.v:44]
CRITICAL WARNING: [Synth 8-5559] multi-driven net tpx_reg[21] is connected to constant driver, other driver is ignored [c:/Users/speci/vivado/hdmi_vga/hdmi_vga.srcs/sources_1/bd/design_1/ipshared/d600/sources_1/new/pixel_processor.v:44]
WARNING: [Synth 8-3332] Sequential element (tpx_reg[20]) is unused and will be removed from module pixel_processor.
CRITICAL WARNING: [Synth 8-3352] multi-driven net tpx_reg[20] with 1st driver pin 'inst/tpx_reg[20]/Q' [c:/Users/speci/vivado/hdmi_vga/hdmi_vga.srcs/sources_1/bd/design_1/ipshared/d600/sources_1/new/pixel_processor.v:44]
CRITICAL WARNING: [Synth 8-3352] multi-driven net tpx_reg[20] with 2nd driver pin 'GND' [c:/Users/speci/vivado/hdmi_vga/hdmi_vga.srcs/sources_1/bd/design_1/ipshared/d600/sources_1/new/pixel_processor.v:44]
CRITICAL WARNING: [Synth 8-5559] multi-driven net tpx_reg[20] is connected to constant driver, other driver is ignored [c:/Users/speci/vivado/hdmi_vga/hdmi_vga.srcs/sources_1/bd/design_1/ipshared/d600/sources_1/new/pixel_processor.v:44]
WARNING: [Synth 8-3332] Sequential element (tpx_reg[19]) is unused and will be removed from module pixel_processor.
CRITICAL WARNING: [Synth 8-3352] multi-driven net tpx_reg[19] with 1st driver pin 'inst/tpx_reg[19]/Q' [c:/Users/speci/vivado/hdmi_vga/hdmi_vga.srcs/sources_1/bd/design_1/ipshared/d600/sources_1/new/pixel_processor.v:44]
CRITICAL WARNING: [Synth 8-3352] multi-driven net tpx_reg[19] with 2nd driver pin 'GND' [c:/Users/speci/vivado/hdmi_vga/hdmi_vga.srcs/sources_1/bd/design_1/ipshared/d600/sources_1/new/pixel_processor.v:44]
CRITICAL WARNING: [Synth 8-5559] multi-driven net tpx_reg[19] is connected to constant driver, other driver is ignored [c:/Users/speci/vivado/hdmi_vga/hdmi_vga.srcs/sources_1/bd/design_1/ipshared/d600/sources_1/new/pixel_processor.v:44]
WARNING: [Synth 8-3332] Sequential element (tpx_reg[18]) is unused and will be removed from module pixel_processor.
CRITICAL WARNING: [Synth 8-3352] multi-driven net tpx_reg[18] with 1st driver pin 'inst/tpx_reg[18]/Q' [c:/Users/speci/vivado/hdmi_vga/hdmi_vga.srcs/sources_1/bd/design_1/ipshared/d600/sources_1/new/pixel_processor.v:44]
CRITICAL WARNING: [Synth 8-3352] multi-driven net tpx_reg[18] with 2nd driver pin 'GND' [c:/Users/speci/vivado/hdmi_vga/hdmi_vga.srcs/sources_1/bd/design_1/ipshared/d600/sources_1/new/pixel_processor.v:44]
CRITICAL WARNING: [Synth 8-5559] multi-driven net tpx_reg[18] is connected to constant driver, other driver is ignored [c:/Users/speci/vivado/hdmi_vga/hdmi_vga.srcs/sources_1/bd/design_1/ipshared/d600/sources_1/new/pixel_processor.v:44]
WARNING: [Synth 8-3332] Sequential element (tpx_reg[17]) is unused and will be removed from module pixel_processor.
CRITICAL WARNING: [Synth 8-3352] multi-driven net tpx_reg[17] with 1st driver pin 'inst/tpx_reg[17]/Q' [c:/Users/speci/vivado/hdmi_vga/hdmi_vga.srcs/sources_1/bd/design_1/ipshared/d600/sources_1/new/pixel_processor.v:44]
CRITICAL WARNING: [Synth 8-3352] multi-driven net tpx_reg[17] with 2nd driver pin 'GND' [c:/Users/speci/vivado/hdmi_vga/hdmi_vga.srcs/sources_1/bd/design_1/ipshared/d600/sources_1/new/pixel_processor.v:44]
CRITICAL WARNING: [Synth 8-5559] multi-driven net tpx_reg[17] is connected to constant driver, other driver is ignored [c:/Users/speci/vivado/hdmi_vga/hdmi_vga.srcs/sources_1/bd/design_1/ipshared/d600/sources_1/new/pixel_processor.v:44]
WARNING: [Synth 8-3332] Sequential element (tpx_reg[16]) is unused and will be removed from module pixel_processor.
CRITICAL WARNING: [Synth 8-3352] multi-driven net tpx_reg[16] with 1st driver pin 'inst/tpx_reg[16]/Q' [c:/Users/speci/vivado/hdmi_vga/hdmi_vga.srcs/sources_1/bd/design_1/ipshared/d600/sources_1/new/pixel_processor.v:44]
CRITICAL WARNING: [Synth 8-3352] multi-driven net tpx_reg[16] with 2nd driver pin 'GND' [c:/Users/speci/vivado/hdmi_vga/hdmi_vga.srcs/sources_1/bd/design_1/ipshared/d600/sources_1/new/pixel_processor.v:44]
CRITICAL WARNING: [Synth 8-5559] multi-driven net tpx_reg[16] is connected to constant driver, other driver is ignored [c:/Users/speci/vivado/hdmi_vga/hdmi_vga.srcs/sources_1/bd/design_1/ipshared/d600/sources_1/new/pixel_processor.v:44]
WARNING: [Synth 8-3332] Sequential element (tpx_reg[15]) is unused and will be removed from module pixel_processor.
CRITICAL WARNING: [Synth 8-3352] multi-driven net tpx_reg[15] with 1st driver pin 'inst/tpx_reg[15]/Q' [c:/Users/speci/vivado/hdmi_vga/hdmi_vga.srcs/sources_1/bd/design_1/ipshared/d600/sources_1/new/pixel_processor.v:44]
CRITICAL WARNING: [Synth 8-3352] multi-driven net tpx_reg[15] with 2nd driver pin 'GND' [c:/Users/speci/vivado/hdmi_vga/hdmi_vga.srcs/sources_1/bd/design_1/ipshared/d600/sources_1/new/pixel_processor.v:44]
CRITICAL WARNING: [Synth 8-5559] multi-driven net tpx_reg[15] is connected to constant driver, other driver is ignored [c:/Users/speci/vivado/hdmi_vga/hdmi_vga.srcs/sources_1/bd/design_1/ipshared/d600/sources_1/new/pixel_processor.v:44]
WARNING: [Synth 8-3332] Sequential element (tpx_reg[14]) is unused and will be removed from module pixel_processor.
CRITICAL WARNING: [Synth 8-3352] multi-driven net tpx_reg[14] with 1st driver pin 'inst/tpx_reg[14]/Q' [c:/Users/speci/vivado/hdmi_vga/hdmi_vga.srcs/sources_1/bd/design_1/ipshared/d600/sources_1/new/pixel_processor.v:44]
CRITICAL WARNING: [Synth 8-3352] multi-driven net tpx_reg[14] with 2nd driver pin 'GND' [c:/Users/speci/vivado/hdmi_vga/hdmi_vga.srcs/sources_1/bd/design_1/ipshared/d600/sources_1/new/pixel_processor.v:44]
CRITICAL WARNING: [Synth 8-5559] multi-driven net tpx_reg[14] is connected to constant driver, other driver is ignored [c:/Users/speci/vivado/hdmi_vga/hdmi_vga.srcs/sources_1/bd/design_1/ipshared/d600/sources_1/new/pixel_processor.v:44]
WARNING: [Synth 8-3332] Sequential element (tpx_reg[13]) is unused and will be removed from module pixel_processor.
CRITICAL WARNING: [Synth 8-3352] multi-driven net tpx_reg[13] with 1st driver pin 'inst/tpx_reg[13]/Q' [c:/Users/speci/vivado/hdmi_vga/hdmi_vga.srcs/sources_1/bd/design_1/ipshared/d600/sources_1/new/pixel_processor.v:44]
CRITICAL WARNING: [Synth 8-3352] multi-driven net tpx_reg[13] with 2nd driver pin 'GND' [c:/Users/speci/vivado/hdmi_vga/hdmi_vga.srcs/sources_1/bd/design_1/ipshared/d600/sources_1/new/pixel_processor.v:44]
CRITICAL WARNING: [Synth 8-5559] multi-driven net tpx_reg[13] is connected to constant driver, other driver is ignored [c:/Users/speci/vivado/hdmi_vga/hdmi_vga.srcs/sources_1/bd/design_1/ipshared/d600/sources_1/new/pixel_processor.v:44]
WARNING: [Synth 8-3332] Sequential element (tpx_reg[12]) is unused and will be removed from module pixel_processor.
CRITICAL WARNING: [Synth 8-3352] multi-driven net tpx_reg[12] with 1st driver pin 'inst/tpx_reg[12]/Q' [c:/Users/speci/vivado/hdmi_vga/hdmi_vga.srcs/sources_1/bd/design_1/ipshared/d600/sources_1/new/pixel_processor.v:44]
CRITICAL WARNING: [Synth 8-3352] multi-driven net tpx_reg[12] with 2nd driver pin 'GND' [c:/Users/speci/vivado/hdmi_vga/hdmi_vga.srcs/sources_1/bd/design_1/ipshared/d600/sources_1/new/pixel_processor.v:44]
CRITICAL WARNING: [Synth 8-5559] multi-driven net tpx_reg[12] is connected to constant driver, other driver is ignored [c:/Users/speci/vivado/hdmi_vga/hdmi_vga.srcs/sources_1/bd/design_1/ipshared/d600/sources_1/new/pixel_processor.v:44]
WARNING: [Synth 8-3332] Sequential element (tpx_reg[11]) is unused and will be removed from module pixel_processor.
CRITICAL WARNING: [Synth 8-3352] multi-driven net tpx_reg[11] with 1st driver pin 'inst/tpx_reg[11]/Q' [c:/Users/speci/vivado/hdmi_vga/hdmi_vga.srcs/sources_1/bd/design_1/ipshared/d600/sources_1/new/pixel_processor.v:44]
CRITICAL WARNING: [Synth 8-3352] multi-driven net tpx_reg[11] with 2nd driver pin 'GND' [c:/Users/speci/vivado/hdmi_vga/hdmi_vga.srcs/sources_1/bd/design_1/ipshared/d600/sources_1/new/pixel_processor.v:44]
CRITICAL WARNING: [Synth 8-5559] multi-driven net tpx_reg[11] is connected to constant driver, other driver is ignored [c:/Users/speci/vivado/hdmi_vga/hdmi_vga.srcs/sources_1/bd/design_1/ipshared/d600/sources_1/new/pixel_processor.v:44]
WARNING: [Synth 8-3332] Sequential element (tpx_reg[10]) is unused and will be removed from module pixel_processor.
CRITICAL WARNING: [Synth 8-3352] multi-driven net tpx_reg[10] with 1st driver pin 'inst/tpx_reg[10]/Q' [c:/Users/speci/vivado/hdmi_vga/hdmi_vga.srcs/sources_1/bd/design_1/ipshared/d600/sources_1/new/pixel_processor.v:44]
CRITICAL WARNING: [Synth 8-3352] multi-driven net tpx_reg[10] with 2nd driver pin 'GND' [c:/Users/speci/vivado/hdmi_vga/hdmi_vga.srcs/sources_1/bd/design_1/ipshared/d600/sources_1/new/pixel_processor.v:44]
CRITICAL WARNING: [Synth 8-5559] multi-driven net tpx_reg[10] is connected to constant driver, other driver is ignored [c:/Users/speci/vivado/hdmi_vga/hdmi_vga.srcs/sources_1/bd/design_1/ipshared/d600/sources_1/new/pixel_processor.v:44]
WARNING: [Synth 8-3332] Sequential element (tpx_reg[9]) is unused and will be removed from module pixel_processor.
CRITICAL WARNING: [Synth 8-3352] multi-driven net tpx_reg[9] with 1st driver pin 'inst/tpx_reg[9]/Q' [c:/Users/speci/vivado/hdmi_vga/hdmi_vga.srcs/sources_1/bd/design_1/ipshared/d600/sources_1/new/pixel_processor.v:44]
CRITICAL WARNING: [Synth 8-3352] multi-driven net tpx_reg[9] with 2nd driver pin 'GND' [c:/Users/speci/vivado/hdmi_vga/hdmi_vga.srcs/sources_1/bd/design_1/ipshared/d600/sources_1/new/pixel_processor.v:44]
CRITICAL WARNING: [Synth 8-5559] multi-driven net tpx_reg[9] is connected to constant driver, other driver is ignored [c:/Users/speci/vivado/hdmi_vga/hdmi_vga.srcs/sources_1/bd/design_1/ipshared/d600/sources_1/new/pixel_processor.v:44]
WARNING: [Synth 8-3332] Sequential element (tpx_reg[8]) is unused and will be removed from module pixel_processor.
CRITICAL WARNING: [Synth 8-3352] multi-driven net tpx_reg[8] with 1st driver pin 'inst/tpx_reg[8]/Q' [c:/Users/speci/vivado/hdmi_vga/hdmi_vga.srcs/sources_1/bd/design_1/ipshared/d600/sources_1/new/pixel_processor.v:44]
CRITICAL WARNING: [Synth 8-3352] multi-driven net tpx_reg[8] with 2nd driver pin 'GND' [c:/Users/speci/vivado/hdmi_vga/hdmi_vga.srcs/sources_1/bd/design_1/ipshared/d600/sources_1/new/pixel_processor.v:44]
CRITICAL WARNING: [Synth 8-5559] multi-driven net tpx_reg[8] is connected to constant driver, other driver is ignored [c:/Users/speci/vivado/hdmi_vga/hdmi_vga.srcs/sources_1/bd/design_1/ipshared/d600/sources_1/new/pixel_processor.v:44]
WARNING: [Synth 8-3332] Sequential element (tpx_reg[7]) is unused and will be removed from module pixel_processor.
CRITICAL WARNING: [Synth 8-3352] multi-driven net tpx_reg[7] with 1st driver pin 'inst/tpx_reg[7]/Q' [c:/Users/speci/vivado/hdmi_vga/hdmi_vga.srcs/sources_1/bd/design_1/ipshared/d600/sources_1/new/pixel_processor.v:44]
CRITICAL WARNING: [Synth 8-3352] multi-driven net tpx_reg[7] with 2nd driver pin 'GND' [c:/Users/speci/vivado/hdmi_vga/hdmi_vga.srcs/sources_1/bd/design_1/ipshared/d600/sources_1/new/pixel_processor.v:44]
CRITICAL WARNING: [Synth 8-5559] multi-driven net tpx_reg[7] is connected to constant driver, other driver is ignored [c:/Users/speci/vivado/hdmi_vga/hdmi_vga.srcs/sources_1/bd/design_1/ipshared/d600/sources_1/new/pixel_processor.v:44]
WARNING: [Synth 8-3332] Sequential element (tpx_reg[6]) is unused and will be removed from module pixel_processor.
CRITICAL WARNING: [Synth 8-3352] multi-driven net tpx_reg[6] with 1st driver pin 'inst/tpx_reg[6]/Q' [c:/Users/speci/vivado/hdmi_vga/hdmi_vga.srcs/sources_1/bd/design_1/ipshared/d600/sources_1/new/pixel_processor.v:44]
CRITICAL WARNING: [Synth 8-3352] multi-driven net tpx_reg[6] with 2nd driver pin 'GND' [c:/Users/speci/vivado/hdmi_vga/hdmi_vga.srcs/sources_1/bd/design_1/ipshared/d600/sources_1/new/pixel_processor.v:44]
CRITICAL WARNING: [Synth 8-5559] multi-driven net tpx_reg[6] is connected to constant driver, other driver is ignored [c:/Users/speci/vivado/hdmi_vga/hdmi_vga.srcs/sources_1/bd/design_1/ipshared/d600/sources_1/new/pixel_processor.v:44]
WARNING: [Synth 8-3332] Sequential element (tpx_reg[5]) is unused and will be removed from module pixel_processor.
CRITICAL WARNING: [Synth 8-3352] multi-driven net tpx_reg[5] with 1st driver pin 'inst/tpx_reg[5]/Q' [c:/Users/speci/vivado/hdmi_vga/hdmi_vga.srcs/sources_1/bd/design_1/ipshared/d600/sources_1/new/pixel_processor.v:44]
CRITICAL WARNING: [Synth 8-3352] multi-driven net tpx_reg[5] with 2nd driver pin 'GND' [c:/Users/speci/vivado/hdmi_vga/hdmi_vga.srcs/sources_1/bd/design_1/ipshared/d600/sources_1/new/pixel_processor.v:44]
CRITICAL WARNING: [Synth 8-5559] multi-driven net tpx_reg[5] is connected to constant driver, other driver is ignored [c:/Users/speci/vivado/hdmi_vga/hdmi_vga.srcs/sources_1/bd/design_1/ipshared/d600/sources_1/new/pixel_processor.v:44]
WARNING: [Synth 8-3332] Sequential element (tpx_reg[4]) is unused and will be removed from module pixel_processor.
CRITICAL WARNING: [Synth 8-3352] multi-driven net tpx_reg[4] with 1st driver pin 'inst/tpx_reg[4]/Q' [c:/Users/speci/vivado/hdmi_vga/hdmi_vga.srcs/sources_1/bd/design_1/ipshared/d600/sources_1/new/pixel_processor.v:44]
CRITICAL WARNING: [Synth 8-3352] multi-driven net tpx_reg[4] with 2nd driver pin 'GND' [c:/Users/speci/vivado/hdmi_vga/hdmi_vga.srcs/sources_1/bd/design_1/ipshared/d600/sources_1/new/pixel_processor.v:44]
CRITICAL WARNING: [Synth 8-5559] multi-driven net tpx_reg[4] is connected to constant driver, other driver is ignored [c:/Users/speci/vivado/hdmi_vga/hdmi_vga.srcs/sources_1/bd/design_1/ipshared/d600/sources_1/new/pixel_processor.v:44]
WARNING: [Synth 8-3332] Sequential element (tpx_reg[3]) is unused and will be removed from module pixel_processor.
CRITICAL WARNING: [Synth 8-3352] multi-driven net tpx_reg[3] with 1st driver pin 'inst/tpx_reg[3]/Q' [c:/Users/speci/vivado/hdmi_vga/hdmi_vga.srcs/sources_1/bd/design_1/ipshared/d600/sources_1/new/pixel_processor.v:44]
CRITICAL WARNING: [Synth 8-3352] multi-driven net tpx_reg[3] with 2nd driver pin 'GND' [c:/Users/speci/vivado/hdmi_vga/hdmi_vga.srcs/sources_1/bd/design_1/ipshared/d600/sources_1/new/pixel_processor.v:44]
CRITICAL WARNING: [Synth 8-5559] multi-driven net tpx_reg[3] is connected to constant driver, other driver is ignored [c:/Users/speci/vivado/hdmi_vga/hdmi_vga.srcs/sources_1/bd/design_1/ipshared/d600/sources_1/new/pixel_processor.v:44]
WARNING: [Synth 8-3332] Sequential element (tpx_reg[2]) is unused and will be removed from module pixel_processor.
CRITICAL WARNING: [Synth 8-3352] multi-driven net tpx_reg[2] with 1st driver pin 'inst/tpx_reg[2]/Q' [c:/Users/speci/vivado/hdmi_vga/hdmi_vga.srcs/sources_1/bd/design_1/ipshared/d600/sources_1/new/pixel_processor.v:44]
CRITICAL WARNING: [Synth 8-3352] multi-driven net tpx_reg[2] with 2nd driver pin 'GND' [c:/Users/speci/vivado/hdmi_vga/hdmi_vga.srcs/sources_1/bd/design_1/ipshared/d600/sources_1/new/pixel_processor.v:44]
CRITICAL WARNING: [Synth 8-5559] multi-driven net tpx_reg[2] is connected to constant driver, other driver is ignored [c:/Users/speci/vivado/hdmi_vga/hdmi_vga.srcs/sources_1/bd/design_1/ipshared/d600/sources_1/new/pixel_processor.v:44]
WARNING: [Synth 8-3332] Sequential element (tpx_reg[1]) is unused and will be removed from module pixel_processor.
CRITICAL WARNING: [Synth 8-3352] multi-driven net tpx_reg[1] with 1st driver pin 'inst/tpx_reg[1]/Q' [c:/Users/speci/vivado/hdmi_vga/hdmi_vga.srcs/sources_1/bd/design_1/ipshared/d600/sources_1/new/pixel_processor.v:44]
CRITICAL WARNING: [Synth 8-3352] multi-driven net tpx_reg[1] with 2nd driver pin 'GND' [c:/Users/speci/vivado/hdmi_vga/hdmi_vga.srcs/sources_1/bd/design_1/ipshared/d600/sources_1/new/pixel_processor.v:44]
CRITICAL WARNING: [Synth 8-5559] multi-driven net tpx_reg[1] is connected to constant driver, other driver is ignored [c:/Users/speci/vivado/hdmi_vga/hdmi_vga.srcs/sources_1/bd/design_1/ipshared/d600/sources_1/new/pixel_processor.v:44]
WARNING: [Synth 8-3332] Sequential element (tpx_reg[0]) is unused and will be removed from module pixel_processor.
CRITICAL WARNING: [Synth 8-3352] multi-driven net tpx_reg[0] with 1st driver pin 'inst/tpx_reg[0]/Q' [c:/Users/speci/vivado/hdmi_vga/hdmi_vga.srcs/sources_1/bd/design_1/ipshared/d600/sources_1/new/pixel_processor.v:44]
CRITICAL WARNING: [Synth 8-3352] multi-driven net tpx_reg[0] with 2nd driver pin 'GND' [c:/Users/speci/vivado/hdmi_vga/hdmi_vga.srcs/sources_1/bd/design_1/ipshared/d600/sources_1/new/pixel_processor.v:44]
CRITICAL WARNING: [Synth 8-5559] multi-driven net tpx_reg[0] is connected to constant driver, other driver is ignored [c:/Users/speci/vivado/hdmi_vga/hdmi_vga.srcs/sources_1/bd/design_1/ipshared/d600/sources_1/new/pixel_processor.v:44]
---------------------------------------------------------------------------------
Finished Cross Boundary and Area Optimization : Time (s): cpu = 00:00:15 ; elapsed = 00:00:16 . Memory (MB): peak = 626.172 ; gain = 416.488
---------------------------------------------------------------------------------

Report RTL Partitions: 
+-+--------------+------------+----------+
| |RTL Partition |Replication |Instances |
+-+--------------+------------+----------+
+-+--------------+------------+----------+
---------------------------------------------------------------------------------
Start Timing Optimization
---------------------------------------------------------------------------------
---------------------------------------------------------------------------------
Start Applying XDC Timing Constraints
---------------------------------------------------------------------------------
---------------------------------------------------------------------------------
Finished Applying XDC Timing Constraints : Time (s): cpu = 00:00:24 ; elapsed = 00:00:26 . Memory (MB): peak = 626.172 ; gain = 416.488
---------------------------------------------------------------------------------
---------------------------------------------------------------------------------
Finished Timing Optimization : Time (s): cpu = 00:00:24 ; elapsed = 00:00:26 . Memory (MB): peak = 626.172 ; gain = 416.488
---------------------------------------------------------------------------------

Report RTL Partitions: 
+-+--------------+------------+----------+
| |RTL Partition |Replication |Instances |
+-+--------------+------------+----------+
+-+--------------+------------+----------+
---------------------------------------------------------------------------------
Start Technology Mapping
---------------------------------------------------------------------------------
---------------------------------------------------------------------------------
Finished Technology Mapping : Time (s): cpu = 00:00:24 ; elapsed = 00:00:26 . Memory (MB): peak = 626.172 ; gain = 416.488
---------------------------------------------------------------------------------

Report RTL Partitions: 
+-+--------------+------------+----------+
| |RTL Partition |Replication |Instances |
+-+--------------+------------+----------+
+-+--------------+------------+----------+
---------------------------------------------------------------------------------
Start IO Insertion
---------------------------------------------------------------------------------
---------------------------------------------------------------------------------
Start Flattening Before IO Insertion
---------------------------------------------------------------------------------
---------------------------------------------------------------------------------
Finished Flattening Before IO Insertion
---------------------------------------------------------------------------------
---------------------------------------------------------------------------------
Start Final Netlist Cleanup
---------------------------------------------------------------------------------
---------------------------------------------------------------------------------
Finished Final Netlist Cleanup
---------------------------------------------------------------------------------
---------------------------------------------------------------------------------
Finished IO Insertion : Time (s): cpu = 00:00:25 ; elapsed = 00:00:26 . Memory (MB): peak = 626.172 ; gain = 416.488
---------------------------------------------------------------------------------

Report Check Netlist: 
+------+------------------+-------+---------+-------+------------------+
|      |Item              |Errors |Warnings |Status |Description       |
+------+------------------+-------+---------+-------+------------------+
|1     |multi_driven_nets |      0|        0|Passed |Multi driven nets |
+------+------------------+-------+---------+-------+------------------+
---------------------------------------------------------------------------------
Start Renaming Generated Instances
---------------------------------------------------------------------------------
---------------------------------------------------------------------------------
Finished Renaming Generated Instances : Time (s): cpu = 00:00:25 ; elapsed = 00:00:26 . Memory (MB): peak = 626.172 ; gain = 416.488
---------------------------------------------------------------------------------

Report RTL Partitions: 
+-+--------------+------------+----------+
| |RTL Partition |Replication |Instances |
+-+--------------+------------+----------+
+-+--------------+------------+----------+
---------------------------------------------------------------------------------
Start Rebuilding User Hierarchy
---------------------------------------------------------------------------------
---------------------------------------------------------------------------------
Finished Rebuilding User Hierarchy : Time (s): cpu = 00:00:25 ; elapsed = 00:00:26 . Memory (MB): peak = 626.172 ; gain = 416.488
---------------------------------------------------------------------------------
---------------------------------------------------------------------------------
Start Renaming Generated Ports
---------------------------------------------------------------------------------
---------------------------------------------------------------------------------
Finished Renaming Generated Ports : Time (s): cpu = 00:00:25 ; elapsed = 00:00:26 . Memory (MB): peak = 626.172 ; gain = 416.488
---------------------------------------------------------------------------------
---------------------------------------------------------------------------------
Start Handling Custom Attributes
---------------------------------------------------------------------------------
---------------------------------------------------------------------------------
Finished Handling Custom Attributes : Time (s): cpu = 00:00:25 ; elapsed = 00:00:26 . Memory (MB): peak = 626.172 ; gain = 416.488
---------------------------------------------------------------------------------
---------------------------------------------------------------------------------
Start Renaming Generated Nets
---------------------------------------------------------------------------------
---------------------------------------------------------------------------------
Finished Renaming Generated Nets : Time (s): cpu = 00:00:25 ; elapsed = 00:00:26 . Memory (MB): peak = 626.172 ; gain = 416.488
---------------------------------------------------------------------------------
---------------------------------------------------------------------------------
Start Writing Synthesis Report
---------------------------------------------------------------------------------

Report BlackBoxes: 
+-+--------------+----------+
| |BlackBox name |Instances |
+-+--------------+----------+
+-+--------------+----------+

Report Cell Usage: 
+------+-----+------+
|      |Cell |Count |
+------+-----+------+
|1     |LUT1 |     1|
|2     |LUT4 |    24|
|3     |FDRE |    24|
+------+-----+------+

Report Instance Areas: 
+------+---------+----------------+------+
|      |Instance |Module          |Cells |
+------+---------+----------------+------+
|1     |top      |                |    49|
|2     |  inst   |pixel_processor |    49|
+------+---------+----------------+------+
---------------------------------------------------------------------------------
Finished Writing Synthesis Report : Time (s): cpu = 00:00:25 ; elapsed = 00:00:26 . Memory (MB): peak = 626.172 ; gain = 416.488
---------------------------------------------------------------------------------
Synthesis finished with 0 errors, 72 critical warnings and 24 warnings.
Synthesis Optimization Runtime : Time (s): cpu = 00:00:14 ; elapsed = 00:00:18 . Memory (MB): peak = 626.172 ; gain = 110.309
Synthesis Optimization Complete : Time (s): cpu = 00:00:25 ; elapsed = 00:00:27 . Memory (MB): peak = 626.172 ; gain = 416.488
INFO: [Project 1-571] Translating synthesized netlist
INFO: [Project 1-570] Preparing netlist for logic optimization
Parsing XDC File [c:/Users/speci/vivado/hdmi_vga/hdmi_vga.srcs/sources_1/bd/design_1/ip/design_1_pixel_processor_0_0/constrs_1/imports/Xilinx/zybo-master.xdc] for cell 'inst'
Finished Parsing XDC File [c:/Users/speci/vivado/hdmi_vga/hdmi_vga.srcs/sources_1/bd/design_1/ip/design_1_pixel_processor_0_0/constrs_1/imports/Xilinx/zybo-master.xdc] for cell 'inst'
INFO: [Opt 31-138] Pushed 0 inverter(s) to 0 load pin(s).
INFO: [Project 1-111] Unisim Transformation Summary:
No Unisim elements were transformed.

INFO: [Common 17-83] Releasing license: Synthesis
14 Infos, 24 Warnings, 72 Critical Warnings and 0 Errors encountered.
synth_design completed successfully
synth_design: Time (s): cpu = 00:00:24 ; elapsed = 00:00:23 . Memory (MB): peak = 626.172 ; gain = 395.215
INFO: [Common 17-1381] The checkpoint 'C:/Users/speci/vivado/hdmi_vga/hdmi_vga.runs/design_1_pixel_processor_0_0_synth_1/design_1_pixel_processor_0_0.dcp' has been generated.
