15:27:23 INFO  : Registering command handlers for SDK TCF services
15:27:25 INFO  : Launching XSCT server: xsct.bat -interactive C:\Users\speci\vivado\custom_ip\custom_ip.sdk\temp_xsdb_launch_script.tcl
15:27:30 INFO  : XSCT server has started successfully.
15:27:40 INFO  : Successfully done setting XSCT server connection channel  
15:27:40 INFO  : Successfully done setting SDK workspace  
15:27:40 INFO  : Processing command line option -hwspec C:/Users/speci/vivado/custom_ip/custom_ip.sdk/design_1_wrapper.hdf.
15:46:14 INFO  : Connected to target on host '127.0.0.1' and port '3121'.
15:46:15 INFO  : 'targets -set -filter {jtag_cable_name =~ "Digilent Zybo 210279778566A" && level==0} -index 1' command is executed.
15:46:18 INFO  : FPGA configured successfully with bitstream "C:/Users/speci/vivado/custom_ip/custom_ip.sdk/design_1_wrapper_hw_platform_0/design_1_wrapper.bit"
15:46:27 INFO  : 'targets -set -filter {jtag_cable_name =~ "Digilent Zybo 210279778566A" && level==0} -index 1' command is executed.
15:46:27 INFO  : 'fpga -state' command is executed.
15:46:27 INFO  : Connected to target on host '127.0.0.1' and port '3121'.
15:46:28 INFO  : Jtag cable 'Digilent Zybo 210279778566A' is selected.
15:46:29 INFO  : 'jtag frequency' command is executed.
15:46:29 INFO  : Sourcing of 'C:/Users/speci/vivado/custom_ip/custom_ip.sdk/design_1_wrapper_hw_platform_0/ps7_init.tcl' is done.
15:46:29 INFO  : Context for 'APU' is selected.
15:46:30 INFO  : Hardware design information is loaded from 'C:/Users/speci/vivado/custom_ip/custom_ip.sdk/design_1_wrapper_hw_platform_0/system.hdf'.
15:46:30 INFO  : Context for 'APU' is selected.
15:46:32 INFO  : 'stop' command is executed.
15:47:08 INFO  : 'ps7_init' command is executed.
15:47:08 INFO  : 'ps7_post_config' command is executed.
15:47:08 INFO  : Context for processor 'ps7_cortexa9_0' is selected.
15:47:09 INFO  : Processor reset is completed for 'ps7_cortexa9_0'.
15:47:09 INFO  : Context for processor 'ps7_cortexa9_0' is selected.
15:47:10 INFO  : The application 'C:/Users/speci/vivado/custom_ip/custom_ip.sdk/axiwrite/Debug/axiwrite.elf' is downloaded to processor 'ps7_cortexa9_0'.
15:47:10 INFO  : ----------------XSDB Script----------------
connect -url tcp:127.0.0.1:3121
source C:/Users/speci/vivado/custom_ip/custom_ip.sdk/design_1_wrapper_hw_platform_0/ps7_init.tcl
targets -set -nocase -filter {name =~"APU*" && jtag_cable_name =~ "Digilent Zybo 210279778566A"} -index 0
loadhw C:/Users/speci/vivado/custom_ip/custom_ip.sdk/design_1_wrapper_hw_platform_0/system.hdf
targets -set -nocase -filter {name =~"APU*" && jtag_cable_name =~ "Digilent Zybo 210279778566A"} -index 0
stop
ps7_init
ps7_post_config
targets -set -nocase -filter {name =~ "ARM*#0" && jtag_cable_name =~ "Digilent Zybo 210279778566A"} -index 0
rst -processor
targets -set -nocase -filter {name =~ "ARM*#0" && jtag_cable_name =~ "Digilent Zybo 210279778566A"} -index 0
dow C:/Users/speci/vivado/custom_ip/custom_ip.sdk/axiwrite/Debug/axiwrite.elf
----------------End of Script----------------

15:47:11 INFO  : Memory regions updated for context APU
15:47:12 INFO  : Context for processor 'ps7_cortexa9_0' is selected.
15:47:12 INFO  : 'con' command is executed.
15:47:12 INFO  : ----------------XSDB Script (After Launch)----------------
targets -set -nocase -filter {name =~ "ARM*#0" && jtag_cable_name =~ "Digilent Zybo 210279778566A"} -index 0
con
----------------End of Script----------------

15:47:12 INFO  : Launch script is exported to file 'C:\Users\speci\vivado\custom_ip\custom_ip.sdk\.sdk\launch_scripts\xilinx_c-c++_application_(system_debugger)\system_debugger_using_debug_axiwrite.elf_on_local.tcl'
15:51:20 INFO  : Disconnected from the channel tcfchan#1.
18:03:46 INFO  : Registering command handlers for SDK TCF services
18:03:46 INFO  : Launching XSCT server: xsct.bat -interactive C:\Users\speci\vivado\custom_ip\custom_ip.sdk\temp_xsdb_launch_script.tcl
18:03:48 INFO  : XSCT server has started successfully.
18:03:48 INFO  : Successfully done setting XSCT server connection channel  
18:03:48 INFO  : Processing command line option -hwspec C:/Users/speci/vivado/custom_ip/custom_ip.sdk/design_1_wrapper.hdf.
18:03:48 INFO  : Successfully done setting SDK workspace  
18:03:48 INFO  : Checking for hwspec changes in the project design_1_wrapper_hw_platform_0.
18:10:29 INFO  : Connected to target on host '127.0.0.1' and port '3121'.
18:10:35 INFO  : 'targets -set -filter {jtag_cable_name =~ "Digilent Zybo 210279778566A" && level==0} -index 1' command is executed.
18:10:39 INFO  : FPGA configured successfully with bitstream "C:/Users/speci/vivado/custom_ip/custom_ip.sdk/design_1_wrapper_hw_platform_0/design_1_wrapper.bit"
18:12:49 INFO  : 'targets -set -filter {jtag_cable_name =~ "Digilent Zybo 210279778566A" && level==0} -index 1' command is executed.
18:12:49 INFO  : 'fpga -state' command is executed.
18:12:49 INFO  : Connected to target on host '127.0.0.1' and port '3121'.
18:12:49 INFO  : Jtag cable 'Digilent Zybo 210279778566A' is selected.
18:12:49 INFO  : 'jtag frequency' command is executed.
18:12:50 INFO  : Sourcing of 'C:/Users/speci/vivado/custom_ip/custom_ip.sdk/design_1_wrapper_hw_platform_0/ps7_init.tcl' is done.
18:12:50 INFO  : Context for 'APU' is selected.
18:12:50 INFO  : Hardware design information is loaded from 'C:/Users/speci/vivado/custom_ip/custom_ip.sdk/design_1_wrapper_hw_platform_0/system.hdf'.
18:12:50 INFO  : Context for 'APU' is selected.
18:12:50 INFO  : 'stop' command is executed.
18:12:59 INFO  : 'ps7_init' command is executed.
18:12:59 INFO  : 'ps7_post_config' command is executed.
18:12:59 INFO  : Context for processor 'ps7_cortexa9_0' is selected.
18:13:00 INFO  : Processor reset is completed for 'ps7_cortexa9_0'.
18:13:01 INFO  : Context for processor 'ps7_cortexa9_0' is selected.
18:13:01 INFO  : The application 'C:/Users/speci/vivado/custom_ip/custom_ip.sdk/axiwrite/Debug/axiwrite.elf' is downloaded to processor 'ps7_cortexa9_0'.
18:13:01 INFO  : ----------------XSDB Script----------------
connect -url tcp:127.0.0.1:3121
source C:/Users/speci/vivado/custom_ip/custom_ip.sdk/design_1_wrapper_hw_platform_0/ps7_init.tcl
targets -set -nocase -filter {name =~"APU*" && jtag_cable_name =~ "Digilent Zybo 210279778566A"} -index 0
loadhw C:/Users/speci/vivado/custom_ip/custom_ip.sdk/design_1_wrapper_hw_platform_0/system.hdf
targets -set -nocase -filter {name =~"APU*" && jtag_cable_name =~ "Digilent Zybo 210279778566A"} -index 0
stop
ps7_init
ps7_post_config
targets -set -nocase -filter {name =~ "ARM*#0" && jtag_cable_name =~ "Digilent Zybo 210279778566A"} -index 0
rst -processor
targets -set -nocase -filter {name =~ "ARM*#0" && jtag_cable_name =~ "Digilent Zybo 210279778566A"} -index 0
dow C:/Users/speci/vivado/custom_ip/custom_ip.sdk/axiwrite/Debug/axiwrite.elf
----------------End of Script----------------

18:13:02 INFO  : Memory regions updated for context APU
18:13:03 INFO  : Context for processor 'ps7_cortexa9_0' is selected.
18:13:04 INFO  : 'con' command is executed.
18:13:04 INFO  : ----------------XSDB Script (After Launch)----------------
targets -set -nocase -filter {name =~ "ARM*#0" && jtag_cable_name =~ "Digilent Zybo 210279778566A"} -index 0
con
----------------End of Script----------------

18:13:04 INFO  : Launch script is exported to file 'C:\Users\speci\vivado\custom_ip\custom_ip.sdk\.sdk\launch_scripts\xilinx_c-c++_application_(system_debugger)\system_debugger_using_debug_axiwrite.elf_on_local.tcl'
18:14:21 INFO  : Disconnected from the channel tcfchan#1.
18:14:24 INFO  : 'targets -set -filter {jtag_cable_name =~ "Digilent Zybo 210279778566A" && level==0} -index 1' command is executed.
18:14:25 INFO  : 'fpga -state' command is executed.
18:14:25 INFO  : Connected to target on host '127.0.0.1' and port '3121'.
18:14:25 INFO  : Jtag cable 'Digilent Zybo 210279778566A' is selected.
18:14:26 INFO  : 'jtag frequency' command is executed.
18:14:26 INFO  : Sourcing of 'C:/Users/speci/vivado/custom_ip/custom_ip.sdk/design_1_wrapper_hw_platform_0/ps7_init.tcl' is done.
18:14:27 INFO  : Context for 'APU' is selected.
18:14:30 INFO  : Hardware design information is loaded from 'C:/Users/speci/vivado/custom_ip/custom_ip.sdk/design_1_wrapper_hw_platform_0/system.hdf'.
18:14:30 INFO  : Context for 'APU' is selected.
18:14:30 INFO  : 'stop' command is executed.
18:14:47 INFO  : 'ps7_init' command is executed.
18:14:47 INFO  : 'ps7_post_config' command is executed.
18:14:47 INFO  : Context for processor 'ps7_cortexa9_0' is selected.
18:14:49 INFO  : Processor reset is completed for 'ps7_cortexa9_0'.
18:14:49 INFO  : Context for processor 'ps7_cortexa9_0' is selected.
18:14:51 INFO  : The application 'C:/Users/speci/vivado/custom_ip/custom_ip.sdk/axiwrite/Debug/axiwrite.elf' is downloaded to processor 'ps7_cortexa9_0'.
18:14:51 INFO  : ----------------XSDB Script----------------
connect -url tcp:127.0.0.1:3121
source C:/Users/speci/vivado/custom_ip/custom_ip.sdk/design_1_wrapper_hw_platform_0/ps7_init.tcl
targets -set -nocase -filter {name =~"APU*" && jtag_cable_name =~ "Digilent Zybo 210279778566A"} -index 0
loadhw C:/Users/speci/vivado/custom_ip/custom_ip.sdk/design_1_wrapper_hw_platform_0/system.hdf
targets -set -nocase -filter {name =~"APU*" && jtag_cable_name =~ "Digilent Zybo 210279778566A"} -index 0
stop
ps7_init
ps7_post_config
targets -set -nocase -filter {name =~ "ARM*#0" && jtag_cable_name =~ "Digilent Zybo 210279778566A"} -index 0
rst -processor
targets -set -nocase -filter {name =~ "ARM*#0" && jtag_cable_name =~ "Digilent Zybo 210279778566A"} -index 0
dow C:/Users/speci/vivado/custom_ip/custom_ip.sdk/axiwrite/Debug/axiwrite.elf
----------------End of Script----------------

18:14:51 INFO  : Memory regions updated for context APU
18:14:52 INFO  : Context for processor 'ps7_cortexa9_0' is selected.
18:14:53 INFO  : 'con' command is executed.
18:14:53 INFO  : ----------------XSDB Script (After Launch)----------------
targets -set -nocase -filter {name =~ "ARM*#0" && jtag_cable_name =~ "Digilent Zybo 210279778566A"} -index 0
con
----------------End of Script----------------

18:14:53 INFO  : Launch script is exported to file 'C:\Users\speci\vivado\custom_ip\custom_ip.sdk\.sdk\launch_scripts\xilinx_c-c++_application_(system_debugger)\system_debugger_using_debug_axiwrite.elf_on_local.tcl'
18:15:12 INFO  : Disconnected from the channel tcfchan#2.
