#-----------------------------------------------------------
# Vivado v2016.3 (64-bit)
# SW Build 1682563 on Mon Oct 10 19:07:27 MDT 2016
# IP Build 1681267 on Mon Oct 10 21:28:31 MDT 2016
# Start of session at: Wed Dec 28 11:36:42 2016
# Process ID: 8068
# Current directory: c:/Users/speci/vivado/axi_dma_0_ex
# Command line: vivado.exe -source c:/Users/speci/vivado/hdmi_vga/.Xil/axi_dma_0/tmp_axi_dma_0.srcs/sources_1/ip/axi_dma_0/axi_dma_0_ex.tcl
# Log file: c:/Users/speci/vivado/axi_dma_0_ex/vivado.log
# Journal file: c:/Users/speci/vivado/axi_dma_0_ex\vivado.jou
#-----------------------------------------------------------
start_gui
source c:/Users/speci/vivado/hdmi_vga/.Xil/axi_dma_0/tmp_axi_dma_0.srcs/sources_1/ip/axi_dma_0/axi_dma_0_ex.tcl
# set srcIpDir "c:/Users/speci/vivado/hdmi_vga/.Xil/axi_dma_0/tmp_axi_dma_0.srcs/sources_1/ip/axi_dma_0"
# create_project -name axi_dma_0_ex -force
INFO: [IP_Flow 19-234] Refreshing IP repositories
INFO: [IP_Flow 19-1704] No user IP repositories specified
INFO: [IP_Flow 19-2313] Loaded Vivado IP repository 'C:/Xilinx/Vivado/2016.3/data/ip'.
# set_property part xc7z010clg400-1 [current_project]
# set_property target_language verilog [current_project]
# set_property simulator_language MIXED [current_project]
# set projDir [get_property DIRECTORY [current_project]]
# set importDir [file join $projDir imports]
# file mkdir $importDir
# set_property coreContainer.enable false [current_project]
# set_property board_part digilentinc.com:zybo:part0:1.0 [current_project]
# set returnCode 0
# set_property ip_repo_paths [list [list c:/Xilinx/vivado-library] [list c:/Users/speci/vivado/hdmi_vga_pxl_ip/hdmi_vga_pxl_ip.srcs]] [current_fileset]
# update_ip_catalog
INFO: [IP_Flow 19-234] Refreshing IP repositories
INFO: [IP_Flow 19-1700] Loaded user IP repository 'c:/Xilinx/vivado-library'.
INFO: [IP_Flow 19-1700] Loaded user IP repository 'c:/Users/speci/vivado/hdmi_vga_pxl_ip/hdmi_vga_pxl_ip.srcs'.
# import_ip -files [list [file join $srcIpDir axi_dma_0.xci]] -name axi_dma_0
# reset_target {open_example} [get_ips axi_dma_0]
# proc _filter_supported_targets {targets ip} {
#   set res {}
#   set all [get_property SUPPORTED_TARGETS $ip]
#   foreach target $targets {
#     lappend res {*}[lsearch -all -inline -nocase $all $target]
#   }
#   return $res
# }
# generate_target -quiet [_filter_supported_targets {instantiation_template synthesis simulation implementation shared_logic} [get_ips axi_dma_0]] [get_ips axi_dma_0]
# add_files -scan_for_includes -quiet -copy_to $importDir -fileset [current_fileset] \
#   [list [file join $srcIpDir axi_dma_0/example_design/axi4_write_master.vhd]] \
#   [list [file join $srcIpDir axi_dma_0/example_design/axi_lite_sm.vhd]] \
#   [list [file join $srcIpDir axi_dma_0/example_design/axis_ctrl_read.vhd]] \
#   [list [file join $srcIpDir axi_dma_0/example_design/axis_data_read.vhd]] \
#   [list [file join $srcIpDir axi_dma_0/example_design/axis_write_master.vhd]] \
#   [list [file join $srcIpDir axi_dma_0/example_design/axis_sts_master.vhd]] \
#   [list [file join $srcIpDir axi_dma_0/example_design/axi_s2mm_read.vhd]] \
#   [list [file join $srcIpDir axi_dma_0/example_design/clock_gen.vhd]] \
#   [list [file join $srcIpDir axi_dma_0/example_design/axi_dma_0_exdes.vhd]]
# add_files -quiet -copy_to $importDir -fileset [current_fileset] \
#   [list [file join $srcIpDir axi_dma_0/example_design/sg_mif.coe]] \
#   [list [file join $srcIpDir axi_dma_0/example_design/atg_addr.coe]] \
#   [list [file join $srcIpDir axi_dma_0/example_design/atg_data.coe]] \
#   [list [file join $srcIpDir axi_dma_0/example_design/atg_ctrl.coe]] \
#   [list [file join $srcIpDir axi_dma_0/example_design/atg_mask.coe]]
# add_files -quiet -copy_to $importDir -fileset [current_fileset -constrset] \
#   [list [file join $srcIpDir axi_dma_0/example_design/axi_dma_0_exdes.xdc]]
# if { [catch {current_fileset -simset} exc] } { create_fileset -simset sim_1 }
# add_files -quiet -scan_for_includes -copy_to $importDir -fileset [current_fileset -simset] \
#   [list [file join $srcIpDir axi_dma_0/simulation/axi_dma_0_exdes_tb.vhd]]
# set_property USED_IN_SYNTHESIS false [get_files [list [file join $importDir axi_dma_0_exdes_tb.vhd]]]
# set_property TOP [lindex [find_top] 0] [current_fileset]
# if {[catch {source [file join $srcIpDir axi_dma_0/example_design/top_set.tcl]} errMsg]} {
#   puts "Error encountered while sourcing custom IP example design script."
#   puts "$errorInfo"
#   incr returnCode
# }
## list CONFIG.PRIM_IN_FREQ {200.000} CONFIG.PRIM_SOURCE {Differential_clock_capable_pin} CONFIG.CLKOUT1_REQUESTED_OUT_FREQ {25.000} CONFIG.CLKOUT2_USED {true} CONFIG.CLKOUT2_REQUESTED_OUT_FREQ {50.000}
## get_ips clk_wiz_0
## get_ips clk_wiz_0
INFO: [IP_Flow 19-1686] Generating 'Instantiation Template' target for IP 'clk_wiz_0'...
INFO: [IP_Flow 19-1686] Generating 'Synthesis' target for IP 'clk_wiz_0'...
INFO: [IP_Flow 19-1686] Generating 'Simulation' target for IP 'clk_wiz_0'...
INFO: [IP_Flow 19-1686] Generating 'Implementation' target for IP 'clk_wiz_0'...
INFO: [IP_Flow 19-1686] Generating 'Change Log' target for IP 'clk_wiz_0'...
INFO: [Device 21-403] Loading part xc7z010clg400-1
## lindex [get_property name [get_files *sg_mif.coe]] 0 
## list CONFIG.Interface_Type {AXI4} CONFIG.Load_Init_File {true} CONFIG.Coe_File $coe1
## get_ips blk_mem_gen_0
INFO: [IP_Flow 19-3484] Absolute path of file 'c:/Users/speci/vivado/axi_dma_0_ex/imports/sg_mif.coe' provided. It will be converted relative to IP Instance files '../../../../imports/sg_mif.coe'
## get_ips blk_mem_gen_0
INFO: [IP_Flow 19-1686] Generating 'Instantiation Template' target for IP 'blk_mem_gen_0'...
INFO: [IP_Flow 19-1686] Generating 'Synthesis' target for IP 'blk_mem_gen_0'...
INFO: [IP_Flow 19-1686] Generating 'Simulation' target for IP 'blk_mem_gen_0'...
INFO: [IP_Flow 19-1686] Generating 'Miscellaneous' target for IP 'blk_mem_gen_0'...
INFO: [IP_Flow 19-1686] Generating 'Change Log' target for IP 'blk_mem_gen_0'...
INFO: [xilinx.com:ip:axi_bram_ctrl:4.0-2] axi_bram_ctrl_0: In IP Integrator, please note that memory depth value gets calculated based on the Data Width of the IP and Address range selected in the Address Editor.Incase a validation error occured on the range of this parameter, please check if the selected Data width and the Address Range are valid. For valid Data width and memory depth values, please refer to the AXI BRAM Controller Product Guide.
INFO: [xilinx.com:ip:axi_bram_ctrl:4.0-1] axi_bram_ctrl_0: In IP Integrator, The Maximum address range supported is 2G. Selecting the address range more than 2G in the address editor may resets the value of Memory depth to default value (1024). please refer to the AXI BRAM Controller Product Guide.
## list CONFIG.DATA_WIDTH {32} CONFIG.MEM_DEPTH {1024} CONFIG.BMG_INSTANCE {INTERNAL} CONFIG.ID_WIDTH {1}
## get_ips axi_bram_ctrl_0
INFO: [xilinx.com:ip:axi_bram_ctrl:4.0-2] axi_bram_ctrl_0: In IP Integrator, please note that memory depth value gets calculated based on the Data Width of the IP and Address range selected in the Address Editor.Incase a validation error occured on the range of this parameter, please check if the selected Data width and the Address Range are valid. For valid Data width and memory depth values, please refer to the AXI BRAM Controller Product Guide.
INFO: [xilinx.com:ip:axi_bram_ctrl:4.0-1] axi_bram_ctrl_0: In IP Integrator, The Maximum address range supported is 2G. Selecting the address range more than 2G in the address editor may resets the value of Memory depth to default value (1024). please refer to the AXI BRAM Controller Product Guide.
## get_ips axi_bram_ctrl_0
INFO: [IP_Flow 19-1686] Generating 'Instantiation Template' target for IP 'axi_bram_ctrl_0'...
INFO: [IP_Flow 19-1686] Generating 'Synthesis' target for IP 'axi_bram_ctrl_0'...
INFO: [IP_Flow 19-1686] Generating 'Simulation' target for IP 'axi_bram_ctrl_0'...
INFO: [IP_Flow 19-1686] Generating 'Change Log' target for IP 'axi_bram_ctrl_0'...
INFO: [xilinx.com:ip:axi_bram_ctrl:4.0-2] axi_bram_ctrl_1: In IP Integrator, please note that memory depth value gets calculated based on the Data Width of the IP and Address range selected in the Address Editor.Incase a validation error occured on the range of this parameter, please check if the selected Data width and the Address Range are valid. For valid Data width and memory depth values, please refer to the AXI BRAM Controller Product Guide.
INFO: [xilinx.com:ip:axi_bram_ctrl:4.0-1] axi_bram_ctrl_1: In IP Integrator, The Maximum address range supported is 2G. Selecting the address range more than 2G in the address editor may resets the value of Memory depth to default value (1024). please refer to the AXI BRAM Controller Product Guide.
## list CONFIG.DATA_WIDTH {32} CONFIG.MEM_DEPTH {1024} CONFIG.BMG_INSTANCE {INTERNAL} CONFIG.ID_WIDTH {1}
## get_ips axi_bram_ctrl_1
INFO: [xilinx.com:ip:axi_bram_ctrl:4.0-2] axi_bram_ctrl_1: In IP Integrator, please note that memory depth value gets calculated based on the Data Width of the IP and Address range selected in the Address Editor.Incase a validation error occured on the range of this parameter, please check if the selected Data width and the Address Range are valid. For valid Data width and memory depth values, please refer to the AXI BRAM Controller Product Guide.
INFO: [xilinx.com:ip:axi_bram_ctrl:4.0-1] axi_bram_ctrl_1: In IP Integrator, The Maximum address range supported is 2G. Selecting the address range more than 2G in the address editor may resets the value of Memory depth to default value (1024). please refer to the AXI BRAM Controller Product Guide.
## get_ips axi_bram_ctrl_1
INFO: [IP_Flow 19-1686] Generating 'Instantiation Template' target for IP 'axi_bram_ctrl_1'...
INFO: [IP_Flow 19-1686] Generating 'Synthesis' target for IP 'axi_bram_ctrl_1'...
INFO: [IP_Flow 19-1686] Generating 'Simulation' target for IP 'axi_bram_ctrl_1'...
INFO: [IP_Flow 19-1686] Generating 'Change Log' target for IP 'axi_bram_ctrl_1'...
## lindex [get_property name [get_files *atg_addr.coe]] 0 
## lindex [get_property name [get_files *atg_mask.coe]] 0 
## lindex [get_property name [get_files *atg_ctrl.coe]] 0 
## lindex [get_property name [get_files *atg_data.coe]] 0 
## list CONFIG.C_ATG_MODE {AXI4-Lite} CONFIG.C_ATG_SYSINIT_MODES {System_Test} CONFIG.C_ATG_MIF_DATA_DEPTH {16} CONFIG.C_ATG_SYSTEM_TEST_MAX_CLKS {2147483647} CONFIG.C_ATG_SYSTEM_CMD_MAX_RETRY {2147483647} CONFIG.C_ATG_SYSTEM_INIT_ADDR_MIF $coe1 CONFIG.C_ATG_SYSTEM_INIT_MASK_MIF $coe2 CONFIG.C_ATG_SYSTEM_INIT_CTRL_MIF $coe3 CONFIG.C_ATG_SYSTEM_INIT_DATA_MIF $coe4
## get_ips axi_traffic_gen_0
INFO: [IP_Flow 19-3484] Absolute path of file 'c:/Users/speci/vivado/axi_dma_0_ex/imports/atg_data.coe' provided. It will be converted relative to IP Instance files '../../../../imports/atg_data.coe'
INFO: [IP_Flow 19-3484] Absolute path of file 'c:/Users/speci/vivado/axi_dma_0_ex/imports/atg_addr.coe' provided. It will be converted relative to IP Instance files '../../../../imports/atg_addr.coe'
INFO: [IP_Flow 19-3484] Absolute path of file 'c:/Users/speci/vivado/axi_dma_0_ex/imports/atg_mask.coe' provided. It will be converted relative to IP Instance files '../../../../imports/atg_mask.coe'
INFO: [IP_Flow 19-3484] Absolute path of file 'c:/Users/speci/vivado/axi_dma_0_ex/imports/atg_ctrl.coe' provided. It will be converted relative to IP Instance files '../../../../imports/atg_ctrl.coe'
## get_ips axi_traffic_gen_0
INFO: [IP_Flow 19-1686] Generating 'Instantiation Template' target for IP 'axi_traffic_gen_0'...
INFO: [IP_Flow 19-1686] Generating 'Synthesis' target for IP 'axi_traffic_gen_0'...
INFO: [IP_Flow 19-1686] Generating 'Simulation' target for IP 'axi_traffic_gen_0'...
INFO: [IP_Flow 19-1686] Generating 'Change Log' target for IP 'axi_traffic_gen_0'...
## current_fileset
## get_filesets sim_1
## get_filesets sim_1
## get_filesets sim_1
# update_compile_order -fileset [current_fileset]
# update_compile_order -fileset [current_fileset -simset]
# set tops [list]
# foreach tfile [ get_files -filter {name=~"*.xci" || name=~"*.bd"}] { if { [lsearch [list_property $tfile] PARENT_COMPOSITE_FILE ] == -1} {lappend tops $tfile} }
# generate_target all $tops
INFO: [IP_Flow 19-1686] Generating 'Change Log' target for IP 'axi_dma_0'...
# export_ip_user_files -force
INFO: [exportsim-Tcl-35] Exporting simulation files for "XSIM" (Xilinx Vivado Simulator)...
INFO: [exportsim-Tcl-29] Script generated: 'C:/Users/speci/vivado/axi_dma_0_ex/axi_dma_0_ex.ip_user_files/sim_scripts/clk_wiz_0/xsim/clk_wiz_0.sh'
INFO: [exportsim-Tcl-35] Exporting simulation files for "MODELSIM" (Mentor Graphics ModelSim Simulator)...
INFO: [exportsim-Tcl-29] Script generated: 'C:/Users/speci/vivado/axi_dma_0_ex/axi_dma_0_ex.ip_user_files/sim_scripts/clk_wiz_0/modelsim/clk_wiz_0.sh'
INFO: [exportsim-Tcl-35] Exporting simulation files for "QUESTA" (Mentor Graphics Questa Advanced Simulator)...
INFO: [exportsim-Tcl-29] Script generated: 'C:/Users/speci/vivado/axi_dma_0_ex/axi_dma_0_ex.ip_user_files/sim_scripts/clk_wiz_0/questa/clk_wiz_0.sh'
INFO: [exportsim-Tcl-35] Exporting simulation files for "IES" (Cadence Incisive Enterprise Simulator)...
INFO: [exportsim-Tcl-29] Script generated: 'C:/Users/speci/vivado/axi_dma_0_ex/axi_dma_0_ex.ip_user_files/sim_scripts/clk_wiz_0/ies/clk_wiz_0.sh'
INFO: [exportsim-Tcl-35] Exporting simulation files for "VCS" (Synopsys Verilog Compiler Simulator)...
INFO: [exportsim-Tcl-29] Script generated: 'C:/Users/speci/vivado/axi_dma_0_ex/axi_dma_0_ex.ip_user_files/sim_scripts/clk_wiz_0/vcs/clk_wiz_0.sh'
INFO: [exportsim-Tcl-35] Exporting simulation files for "RIVIERA" (Aldec Riviera-PRO Simulator)...
INFO: [exportsim-Tcl-29] Script generated: 'C:/Users/speci/vivado/axi_dma_0_ex/axi_dma_0_ex.ip_user_files/sim_scripts/clk_wiz_0/riviera/clk_wiz_0.sh'
INFO: [exportsim-Tcl-35] Exporting simulation files for "ACTIVEHDL" (Aldec Active-HDL Simulator)...
INFO: [exportsim-Tcl-29] Script generated: 'C:/Users/speci/vivado/axi_dma_0_ex/axi_dma_0_ex.ip_user_files/sim_scripts/clk_wiz_0/activehdl/clk_wiz_0.sh'
INFO: [exportsim-Tcl-35] Exporting simulation files for "XSIM" (Xilinx Vivado Simulator)...
INFO: [exportsim-Tcl-29] Script generated: 'C:/Users/speci/vivado/axi_dma_0_ex/axi_dma_0_ex.ip_user_files/sim_scripts/axi_dma_0/xsim/axi_dma_0.sh'
INFO: [exportsim-Tcl-35] Exporting simulation files for "MODELSIM" (Mentor Graphics ModelSim Simulator)...
INFO: [exportsim-Tcl-29] Script generated: 'C:/Users/speci/vivado/axi_dma_0_ex/axi_dma_0_ex.ip_user_files/sim_scripts/axi_dma_0/modelsim/axi_dma_0.sh'
INFO: [exportsim-Tcl-35] Exporting simulation files for "QUESTA" (Mentor Graphics Questa Advanced Simulator)...
INFO: [exportsim-Tcl-29] Script generated: 'C:/Users/speci/vivado/axi_dma_0_ex/axi_dma_0_ex.ip_user_files/sim_scripts/axi_dma_0/questa/axi_dma_0.sh'
INFO: [exportsim-Tcl-35] Exporting simulation files for "IES" (Cadence Incisive Enterprise Simulator)...
INFO: [exportsim-Tcl-29] Script generated: 'C:/Users/speci/vivado/axi_dma_0_ex/axi_dma_0_ex.ip_user_files/sim_scripts/axi_dma_0/ies/axi_dma_0.sh'
INFO: [exportsim-Tcl-35] Exporting simulation files for "VCS" (Synopsys Verilog Compiler Simulator)...
INFO: [exportsim-Tcl-29] Script generated: 'C:/Users/speci/vivado/axi_dma_0_ex/axi_dma_0_ex.ip_user_files/sim_scripts/axi_dma_0/vcs/axi_dma_0.sh'
INFO: [exportsim-Tcl-35] Exporting simulation files for "RIVIERA" (Aldec Riviera-PRO Simulator)...
INFO: [exportsim-Tcl-29] Script generated: 'C:/Users/speci/vivado/axi_dma_0_ex/axi_dma_0_ex.ip_user_files/sim_scripts/axi_dma_0/riviera/axi_dma_0.sh'
INFO: [exportsim-Tcl-35] Exporting simulation files for "ACTIVEHDL" (Aldec Active-HDL Simulator)...
INFO: [exportsim-Tcl-29] Script generated: 'C:/Users/speci/vivado/axi_dma_0_ex/axi_dma_0_ex.ip_user_files/sim_scripts/axi_dma_0/activehdl/axi_dma_0.sh'
INFO: [exportsim-Tcl-35] Exporting simulation files for "XSIM" (Xilinx Vivado Simulator)...
INFO: [exportsim-Tcl-29] Script generated: 'C:/Users/speci/vivado/axi_dma_0_ex/axi_dma_0_ex.ip_user_files/sim_scripts/blk_mem_gen_0/xsim/blk_mem_gen_0.sh'
INFO: [SIM-utils-43] Exported 'C:/Users/speci/vivado/axi_dma_0_ex/axi_dma_0_ex.ip_user_files/sim_scripts/blk_mem_gen_0/xsim/sg_mif.coe'
INFO: [SIM-utils-43] Exported 'C:/Users/speci/vivado/axi_dma_0_ex/axi_dma_0_ex.ip_user_files/sim_scripts/blk_mem_gen_0/xsim/blk_mem_gen_0.mif'
INFO: [SIM-utils-43] Exported 'C:/Users/speci/vivado/axi_dma_0_ex/axi_dma_0_ex.ip_user_files/sim_scripts/blk_mem_gen_0/xsim/summary.log'
INFO: [exportsim-Tcl-35] Exporting simulation files for "MODELSIM" (Mentor Graphics ModelSim Simulator)...
INFO: [exportsim-Tcl-29] Script generated: 'C:/Users/speci/vivado/axi_dma_0_ex/axi_dma_0_ex.ip_user_files/sim_scripts/blk_mem_gen_0/modelsim/blk_mem_gen_0.sh'
INFO: [SIM-utils-43] Exported 'C:/Users/speci/vivado/axi_dma_0_ex/axi_dma_0_ex.ip_user_files/sim_scripts/blk_mem_gen_0/modelsim/sg_mif.coe'
INFO: [SIM-utils-43] Exported 'C:/Users/speci/vivado/axi_dma_0_ex/axi_dma_0_ex.ip_user_files/sim_scripts/blk_mem_gen_0/modelsim/blk_mem_gen_0.mif'
INFO: [SIM-utils-43] Exported 'C:/Users/speci/vivado/axi_dma_0_ex/axi_dma_0_ex.ip_user_files/sim_scripts/blk_mem_gen_0/modelsim/summary.log'
INFO: [exportsim-Tcl-35] Exporting simulation files for "QUESTA" (Mentor Graphics Questa Advanced Simulator)...
INFO: [exportsim-Tcl-29] Script generated: 'C:/Users/speci/vivado/axi_dma_0_ex/axi_dma_0_ex.ip_user_files/sim_scripts/blk_mem_gen_0/questa/blk_mem_gen_0.sh'
INFO: [SIM-utils-43] Exported 'C:/Users/speci/vivado/axi_dma_0_ex/axi_dma_0_ex.ip_user_files/sim_scripts/blk_mem_gen_0/questa/sg_mif.coe'
INFO: [SIM-utils-43] Exported 'C:/Users/speci/vivado/axi_dma_0_ex/axi_dma_0_ex.ip_user_files/sim_scripts/blk_mem_gen_0/questa/blk_mem_gen_0.mif'
INFO: [SIM-utils-43] Exported 'C:/Users/speci/vivado/axi_dma_0_ex/axi_dma_0_ex.ip_user_files/sim_scripts/blk_mem_gen_0/questa/summary.log'
INFO: [exportsim-Tcl-35] Exporting simulation files for "IES" (Cadence Incisive Enterprise Simulator)...
INFO: [exportsim-Tcl-29] Script generated: 'C:/Users/speci/vivado/axi_dma_0_ex/axi_dma_0_ex.ip_user_files/sim_scripts/blk_mem_gen_0/ies/blk_mem_gen_0.sh'
INFO: [SIM-utils-43] Exported 'C:/Users/speci/vivado/axi_dma_0_ex/axi_dma_0_ex.ip_user_files/sim_scripts/blk_mem_gen_0/ies/sg_mif.coe'
INFO: [SIM-utils-43] Exported 'C:/Users/speci/vivado/axi_dma_0_ex/axi_dma_0_ex.ip_user_files/sim_scripts/blk_mem_gen_0/ies/blk_mem_gen_0.mif'
INFO: [SIM-utils-43] Exported 'C:/Users/speci/vivado/axi_dma_0_ex/axi_dma_0_ex.ip_user_files/sim_scripts/blk_mem_gen_0/ies/summary.log'
INFO: [exportsim-Tcl-35] Exporting simulation files for "VCS" (Synopsys Verilog Compiler Simulator)...
INFO: [exportsim-Tcl-29] Script generated: 'C:/Users/speci/vivado/axi_dma_0_ex/axi_dma_0_ex.ip_user_files/sim_scripts/blk_mem_gen_0/vcs/blk_mem_gen_0.sh'
INFO: [SIM-utils-43] Exported 'C:/Users/speci/vivado/axi_dma_0_ex/axi_dma_0_ex.ip_user_files/sim_scripts/blk_mem_gen_0/vcs/sg_mif.coe'
INFO: [SIM-utils-43] Exported 'C:/Users/speci/vivado/axi_dma_0_ex/axi_dma_0_ex.ip_user_files/sim_scripts/blk_mem_gen_0/vcs/blk_mem_gen_0.mif'
INFO: [SIM-utils-43] Exported 'C:/Users/speci/vivado/axi_dma_0_ex/axi_dma_0_ex.ip_user_files/sim_scripts/blk_mem_gen_0/vcs/summary.log'
INFO: [exportsim-Tcl-35] Exporting simulation files for "RIVIERA" (Aldec Riviera-PRO Simulator)...
INFO: [exportsim-Tcl-29] Script generated: 'C:/Users/speci/vivado/axi_dma_0_ex/axi_dma_0_ex.ip_user_files/sim_scripts/blk_mem_gen_0/riviera/blk_mem_gen_0.sh'
INFO: [SIM-utils-43] Exported 'C:/Users/speci/vivado/axi_dma_0_ex/axi_dma_0_ex.ip_user_files/sim_scripts/blk_mem_gen_0/riviera/sg_mif.coe'
INFO: [SIM-utils-43] Exported 'C:/Users/speci/vivado/axi_dma_0_ex/axi_dma_0_ex.ip_user_files/sim_scripts/blk_mem_gen_0/riviera/blk_mem_gen_0.mif'
INFO: [SIM-utils-43] Exported 'C:/Users/speci/vivado/axi_dma_0_ex/axi_dma_0_ex.ip_user_files/sim_scripts/blk_mem_gen_0/riviera/summary.log'
INFO: [exportsim-Tcl-35] Exporting simulation files for "ACTIVEHDL" (Aldec Active-HDL Simulator)...
INFO: [exportsim-Tcl-29] Script generated: 'C:/Users/speci/vivado/axi_dma_0_ex/axi_dma_0_ex.ip_user_files/sim_scripts/blk_mem_gen_0/activehdl/blk_mem_gen_0.sh'
INFO: [SIM-utils-43] Exported 'C:/Users/speci/vivado/axi_dma_0_ex/axi_dma_0_ex.ip_user_files/sim_scripts/blk_mem_gen_0/activehdl/sg_mif.coe'
INFO: [SIM-utils-43] Exported 'C:/Users/speci/vivado/axi_dma_0_ex/axi_dma_0_ex.ip_user_files/sim_scripts/blk_mem_gen_0/activehdl/blk_mem_gen_0.mif'
INFO: [SIM-utils-43] Exported 'C:/Users/speci/vivado/axi_dma_0_ex/axi_dma_0_ex.ip_user_files/sim_scripts/blk_mem_gen_0/activehdl/summary.log'
INFO: [exportsim-Tcl-35] Exporting simulation files for "XSIM" (Xilinx Vivado Simulator)...
INFO: [exportsim-Tcl-29] Script generated: 'C:/Users/speci/vivado/axi_dma_0_ex/axi_dma_0_ex.ip_user_files/sim_scripts/axi_bram_ctrl_0/xsim/axi_bram_ctrl_0.sh'
INFO: [exportsim-Tcl-35] Exporting simulation files for "MODELSIM" (Mentor Graphics ModelSim Simulator)...
INFO: [exportsim-Tcl-29] Script generated: 'C:/Users/speci/vivado/axi_dma_0_ex/axi_dma_0_ex.ip_user_files/sim_scripts/axi_bram_ctrl_0/modelsim/axi_bram_ctrl_0.sh'
INFO: [exportsim-Tcl-35] Exporting simulation files for "QUESTA" (Mentor Graphics Questa Advanced Simulator)...
INFO: [exportsim-Tcl-29] Script generated: 'C:/Users/speci/vivado/axi_dma_0_ex/axi_dma_0_ex.ip_user_files/sim_scripts/axi_bram_ctrl_0/questa/axi_bram_ctrl_0.sh'
INFO: [exportsim-Tcl-35] Exporting simulation files for "IES" (Cadence Incisive Enterprise Simulator)...
INFO: [exportsim-Tcl-29] Script generated: 'C:/Users/speci/vivado/axi_dma_0_ex/axi_dma_0_ex.ip_user_files/sim_scripts/axi_bram_ctrl_0/ies/axi_bram_ctrl_0.sh'
INFO: [exportsim-Tcl-35] Exporting simulation files for "VCS" (Synopsys Verilog Compiler Simulator)...
INFO: [exportsim-Tcl-29] Script generated: 'C:/Users/speci/vivado/axi_dma_0_ex/axi_dma_0_ex.ip_user_files/sim_scripts/axi_bram_ctrl_0/vcs/axi_bram_ctrl_0.sh'
INFO: [exportsim-Tcl-35] Exporting simulation files for "RIVIERA" (Aldec Riviera-PRO Simulator)...
INFO: [exportsim-Tcl-29] Script generated: 'C:/Users/speci/vivado/axi_dma_0_ex/axi_dma_0_ex.ip_user_files/sim_scripts/axi_bram_ctrl_0/riviera/axi_bram_ctrl_0.sh'
INFO: [exportsim-Tcl-35] Exporting simulation files for "ACTIVEHDL" (Aldec Active-HDL Simulator)...
INFO: [exportsim-Tcl-29] Script generated: 'C:/Users/speci/vivado/axi_dma_0_ex/axi_dma_0_ex.ip_user_files/sim_scripts/axi_bram_ctrl_0/activehdl/axi_bram_ctrl_0.sh'
INFO: [exportsim-Tcl-35] Exporting simulation files for "XSIM" (Xilinx Vivado Simulator)...
INFO: [exportsim-Tcl-29] Script generated: 'C:/Users/speci/vivado/axi_dma_0_ex/axi_dma_0_ex.ip_user_files/sim_scripts/axi_bram_ctrl_1/xsim/axi_bram_ctrl_1.sh'
INFO: [exportsim-Tcl-35] Exporting simulation files for "MODELSIM" (Mentor Graphics ModelSim Simulator)...
INFO: [exportsim-Tcl-29] Script generated: 'C:/Users/speci/vivado/axi_dma_0_ex/axi_dma_0_ex.ip_user_files/sim_scripts/axi_bram_ctrl_1/modelsim/axi_bram_ctrl_1.sh'
INFO: [exportsim-Tcl-35] Exporting simulation files for "QUESTA" (Mentor Graphics Questa Advanced Simulator)...
INFO: [exportsim-Tcl-29] Script generated: 'C:/Users/speci/vivado/axi_dma_0_ex/axi_dma_0_ex.ip_user_files/sim_scripts/axi_bram_ctrl_1/questa/axi_bram_ctrl_1.sh'
INFO: [exportsim-Tcl-35] Exporting simulation files for "IES" (Cadence Incisive Enterprise Simulator)...
INFO: [exportsim-Tcl-29] Script generated: 'C:/Users/speci/vivado/axi_dma_0_ex/axi_dma_0_ex.ip_user_files/sim_scripts/axi_bram_ctrl_1/ies/axi_bram_ctrl_1.sh'
INFO: [exportsim-Tcl-35] Exporting simulation files for "VCS" (Synopsys Verilog Compiler Simulator)...
INFO: [exportsim-Tcl-29] Script generated: 'C:/Users/speci/vivado/axi_dma_0_ex/axi_dma_0_ex.ip_user_files/sim_scripts/axi_bram_ctrl_1/vcs/axi_bram_ctrl_1.sh'
INFO: [exportsim-Tcl-35] Exporting simulation files for "RIVIERA" (Aldec Riviera-PRO Simulator)...
INFO: [exportsim-Tcl-29] Script generated: 'C:/Users/speci/vivado/axi_dma_0_ex/axi_dma_0_ex.ip_user_files/sim_scripts/axi_bram_ctrl_1/riviera/axi_bram_ctrl_1.sh'
INFO: [exportsim-Tcl-35] Exporting simulation files for "ACTIVEHDL" (Aldec Active-HDL Simulator)...
INFO: [exportsim-Tcl-29] Script generated: 'C:/Users/speci/vivado/axi_dma_0_ex/axi_dma_0_ex.ip_user_files/sim_scripts/axi_bram_ctrl_1/activehdl/axi_bram_ctrl_1.sh'
INFO: [exportsim-Tcl-35] Exporting simulation files for "XSIM" (Xilinx Vivado Simulator)...
INFO: [exportsim-Tcl-29] Script generated: 'C:/Users/speci/vivado/axi_dma_0_ex/axi_dma_0_ex.ip_user_files/sim_scripts/axi_traffic_gen_0/xsim/axi_traffic_gen_0.sh'
INFO: [SIM-utils-43] Exported 'C:/Users/speci/vivado/axi_dma_0_ex/axi_dma_0_ex.ip_user_files/sim_scripts/axi_traffic_gen_0/xsim/atg_data.coe'
INFO: [SIM-utils-43] Exported 'C:/Users/speci/vivado/axi_dma_0_ex/axi_dma_0_ex.ip_user_files/sim_scripts/axi_traffic_gen_0/xsim/atg_addr.coe'
INFO: [SIM-utils-43] Exported 'C:/Users/speci/vivado/axi_dma_0_ex/axi_dma_0_ex.ip_user_files/sim_scripts/axi_traffic_gen_0/xsim/atg_mask.coe'
INFO: [SIM-utils-43] Exported 'C:/Users/speci/vivado/axi_dma_0_ex/axi_dma_0_ex.ip_user_files/sim_scripts/axi_traffic_gen_0/xsim/atg_ctrl.coe'
INFO: [SIM-utils-43] Exported 'C:/Users/speci/vivado/axi_dma_0_ex/axi_dma_0_ex.ip_user_files/sim_scripts/axi_traffic_gen_0/xsim/default_prm.coe'
INFO: [SIM-utils-43] Exported 'C:/Users/speci/vivado/axi_dma_0_ex/axi_dma_0_ex.ip_user_files/sim_scripts/axi_traffic_gen_0/xsim/axi_traffic_gen_0_default_prmram.mif'
INFO: [SIM-utils-43] Exported 'C:/Users/speci/vivado/axi_dma_0_ex/axi_dma_0_ex.ip_user_files/sim_scripts/axi_traffic_gen_0/xsim/default_adr.coe'
INFO: [SIM-utils-43] Exported 'C:/Users/speci/vivado/axi_dma_0_ex/axi_dma_0_ex.ip_user_files/sim_scripts/axi_traffic_gen_0/xsim/axi_traffic_gen_0_default_addrram.mif'
INFO: [SIM-utils-43] Exported 'C:/Users/speci/vivado/axi_dma_0_ex/axi_dma_0_ex.ip_user_files/sim_scripts/axi_traffic_gen_0/xsim/default_mst.coe'
INFO: [SIM-utils-43] Exported 'C:/Users/speci/vivado/axi_dma_0_ex/axi_dma_0_ex.ip_user_files/sim_scripts/axi_traffic_gen_0/xsim/axi_traffic_gen_0_default_mstram.mif'
INFO: [SIM-utils-43] Exported 'C:/Users/speci/vivado/axi_dma_0_ex/axi_dma_0_ex.ip_user_files/sim_scripts/axi_traffic_gen_0/xsim/default_cmd.coe'
INFO: [SIM-utils-43] Exported 'C:/Users/speci/vivado/axi_dma_0_ex/axi_dma_0_ex.ip_user_files/sim_scripts/axi_traffic_gen_0/xsim/axi_traffic_gen_0_default_cmdram.mif'
INFO: [SIM-utils-43] Exported 'C:/Users/speci/vivado/axi_dma_0_ex/axi_dma_0_ex.ip_user_files/sim_scripts/axi_traffic_gen_0/xsim/axi_traffic_gen_0_addr.mif'
INFO: [SIM-utils-43] Exported 'C:/Users/speci/vivado/axi_dma_0_ex/axi_dma_0_ex.ip_user_files/sim_scripts/axi_traffic_gen_0/xsim/axi_traffic_gen_0_data.mif'
INFO: [SIM-utils-43] Exported 'C:/Users/speci/vivado/axi_dma_0_ex/axi_dma_0_ex.ip_user_files/sim_scripts/axi_traffic_gen_0/xsim/axi_traffic_gen_0_ctrl.mif'
INFO: [SIM-utils-43] Exported 'C:/Users/speci/vivado/axi_dma_0_ex/axi_dma_0_ex.ip_user_files/sim_scripts/axi_traffic_gen_0/xsim/axi_traffic_gen_0_mask.mif'
INFO: [exportsim-Tcl-35] Exporting simulation files for "MODELSIM" (Mentor Graphics ModelSim Simulator)...
INFO: [exportsim-Tcl-29] Script generated: 'C:/Users/speci/vivado/axi_dma_0_ex/axi_dma_0_ex.ip_user_files/sim_scripts/axi_traffic_gen_0/modelsim/axi_traffic_gen_0.sh'
INFO: [SIM-utils-43] Exported 'C:/Users/speci/vivado/axi_dma_0_ex/axi_dma_0_ex.ip_user_files/sim_scripts/axi_traffic_gen_0/modelsim/atg_data.coe'
INFO: [SIM-utils-43] Exported 'C:/Users/speci/vivado/axi_dma_0_ex/axi_dma_0_ex.ip_user_files/sim_scripts/axi_traffic_gen_0/modelsim/atg_addr.coe'
INFO: [SIM-utils-43] Exported 'C:/Users/speci/vivado/axi_dma_0_ex/axi_dma_0_ex.ip_user_files/sim_scripts/axi_traffic_gen_0/modelsim/atg_mask.coe'
INFO: [SIM-utils-43] Exported 'C:/Users/speci/vivado/axi_dma_0_ex/axi_dma_0_ex.ip_user_files/sim_scripts/axi_traffic_gen_0/modelsim/atg_ctrl.coe'
INFO: [SIM-utils-43] Exported 'C:/Users/speci/vivado/axi_dma_0_ex/axi_dma_0_ex.ip_user_files/sim_scripts/axi_traffic_gen_0/modelsim/default_prm.coe'
INFO: [SIM-utils-43] Exported 'C:/Users/speci/vivado/axi_dma_0_ex/axi_dma_0_ex.ip_user_files/sim_scripts/axi_traffic_gen_0/modelsim/axi_traffic_gen_0_default_prmram.mif'
INFO: [SIM-utils-43] Exported 'C:/Users/speci/vivado/axi_dma_0_ex/axi_dma_0_ex.ip_user_files/sim_scripts/axi_traffic_gen_0/modelsim/default_adr.coe'
INFO: [SIM-utils-43] Exported 'C:/Users/speci/vivado/axi_dma_0_ex/axi_dma_0_ex.ip_user_files/sim_scripts/axi_traffic_gen_0/modelsim/axi_traffic_gen_0_default_addrram.mif'
INFO: [SIM-utils-43] Exported 'C:/Users/speci/vivado/axi_dma_0_ex/axi_dma_0_ex.ip_user_files/sim_scripts/axi_traffic_gen_0/modelsim/default_mst.coe'
INFO: [SIM-utils-43] Exported 'C:/Users/speci/vivado/axi_dma_0_ex/axi_dma_0_ex.ip_user_files/sim_scripts/axi_traffic_gen_0/modelsim/axi_traffic_gen_0_default_mstram.mif'
INFO: [SIM-utils-43] Exported 'C:/Users/speci/vivado/axi_dma_0_ex/axi_dma_0_ex.ip_user_files/sim_scripts/axi_traffic_gen_0/modelsim/default_cmd.coe'
INFO: [SIM-utils-43] Exported 'C:/Users/speci/vivado/axi_dma_0_ex/axi_dma_0_ex.ip_user_files/sim_scripts/axi_traffic_gen_0/modelsim/axi_traffic_gen_0_default_cmdram.mif'
INFO: [SIM-utils-43] Exported 'C:/Users/speci/vivado/axi_dma_0_ex/axi_dma_0_ex.ip_user_files/sim_scripts/axi_traffic_gen_0/modelsim/axi_traffic_gen_0_addr.mif'
INFO: [SIM-utils-43] Exported 'C:/Users/speci/vivado/axi_dma_0_ex/axi_dma_0_ex.ip_user_files/sim_scripts/axi_traffic_gen_0/modelsim/axi_traffic_gen_0_data.mif'
INFO: [SIM-utils-43] Exported 'C:/Users/speci/vivado/axi_dma_0_ex/axi_dma_0_ex.ip_user_files/sim_scripts/axi_traffic_gen_0/modelsim/axi_traffic_gen_0_ctrl.mif'
INFO: [SIM-utils-43] Exported 'C:/Users/speci/vivado/axi_dma_0_ex/axi_dma_0_ex.ip_user_files/sim_scripts/axi_traffic_gen_0/modelsim/axi_traffic_gen_0_mask.mif'
INFO: [exportsim-Tcl-35] Exporting simulation files for "QUESTA" (Mentor Graphics Questa Advanced Simulator)...
INFO: [exportsim-Tcl-29] Script generated: 'C:/Users/speci/vivado/axi_dma_0_ex/axi_dma_0_ex.ip_user_files/sim_scripts/axi_traffic_gen_0/questa/axi_traffic_gen_0.sh'
INFO: [SIM-utils-43] Exported 'C:/Users/speci/vivado/axi_dma_0_ex/axi_dma_0_ex.ip_user_files/sim_scripts/axi_traffic_gen_0/questa/atg_data.coe'
INFO: [SIM-utils-43] Exported 'C:/Users/speci/vivado/axi_dma_0_ex/axi_dma_0_ex.ip_user_files/sim_scripts/axi_traffic_gen_0/questa/atg_addr.coe'
INFO: [SIM-utils-43] Exported 'C:/Users/speci/vivado/axi_dma_0_ex/axi_dma_0_ex.ip_user_files/sim_scripts/axi_traffic_gen_0/questa/atg_mask.coe'
INFO: [SIM-utils-43] Exported 'C:/Users/speci/vivado/axi_dma_0_ex/axi_dma_0_ex.ip_user_files/sim_scripts/axi_traffic_gen_0/questa/atg_ctrl.coe'
INFO: [SIM-utils-43] Exported 'C:/Users/speci/vivado/axi_dma_0_ex/axi_dma_0_ex.ip_user_files/sim_scripts/axi_traffic_gen_0/questa/default_prm.coe'
INFO: [SIM-utils-43] Exported 'C:/Users/speci/vivado/axi_dma_0_ex/axi_dma_0_ex.ip_user_files/sim_scripts/axi_traffic_gen_0/questa/axi_traffic_gen_0_default_prmram.mif'
INFO: [SIM-utils-43] Exported 'C:/Users/speci/vivado/axi_dma_0_ex/axi_dma_0_ex.ip_user_files/sim_scripts/axi_traffic_gen_0/questa/default_adr.coe'
INFO: [SIM-utils-43] Exported 'C:/Users/speci/vivado/axi_dma_0_ex/axi_dma_0_ex.ip_user_files/sim_scripts/axi_traffic_gen_0/questa/axi_traffic_gen_0_default_addrram.mif'
INFO: [SIM-utils-43] Exported 'C:/Users/speci/vivado/axi_dma_0_ex/axi_dma_0_ex.ip_user_files/sim_scripts/axi_traffic_gen_0/questa/default_mst.coe'
INFO: [SIM-utils-43] Exported 'C:/Users/speci/vivado/axi_dma_0_ex/axi_dma_0_ex.ip_user_files/sim_scripts/axi_traffic_gen_0/questa/axi_traffic_gen_0_default_mstram.mif'
INFO: [SIM-utils-43] Exported 'C:/Users/speci/vivado/axi_dma_0_ex/axi_dma_0_ex.ip_user_files/sim_scripts/axi_traffic_gen_0/questa/default_cmd.coe'
INFO: [SIM-utils-43] Exported 'C:/Users/speci/vivado/axi_dma_0_ex/axi_dma_0_ex.ip_user_files/sim_scripts/axi_traffic_gen_0/questa/axi_traffic_gen_0_default_cmdram.mif'
INFO: [SIM-utils-43] Exported 'C:/Users/speci/vivado/axi_dma_0_ex/axi_dma_0_ex.ip_user_files/sim_scripts/axi_traffic_gen_0/questa/axi_traffic_gen_0_addr.mif'
INFO: [SIM-utils-43] Exported 'C:/Users/speci/vivado/axi_dma_0_ex/axi_dma_0_ex.ip_user_files/sim_scripts/axi_traffic_gen_0/questa/axi_traffic_gen_0_data.mif'
INFO: [SIM-utils-43] Exported 'C:/Users/speci/vivado/axi_dma_0_ex/axi_dma_0_ex.ip_user_files/sim_scripts/axi_traffic_gen_0/questa/axi_traffic_gen_0_ctrl.mif'
INFO: [SIM-utils-43] Exported 'C:/Users/speci/vivado/axi_dma_0_ex/axi_dma_0_ex.ip_user_files/sim_scripts/axi_traffic_gen_0/questa/axi_traffic_gen_0_mask.mif'
INFO: [exportsim-Tcl-35] Exporting simulation files for "IES" (Cadence Incisive Enterprise Simulator)...
INFO: [exportsim-Tcl-29] Script generated: 'C:/Users/speci/vivado/axi_dma_0_ex/axi_dma_0_ex.ip_user_files/sim_scripts/axi_traffic_gen_0/ies/axi_traffic_gen_0.sh'
INFO: [SIM-utils-43] Exported 'C:/Users/speci/vivado/axi_dma_0_ex/axi_dma_0_ex.ip_user_files/sim_scripts/axi_traffic_gen_0/ies/atg_data.coe'
INFO: [SIM-utils-43] Exported 'C:/Users/speci/vivado/axi_dma_0_ex/axi_dma_0_ex.ip_user_files/sim_scripts/axi_traffic_gen_0/ies/atg_addr.coe'
INFO: [SIM-utils-43] Exported 'C:/Users/speci/vivado/axi_dma_0_ex/axi_dma_0_ex.ip_user_files/sim_scripts/axi_traffic_gen_0/ies/atg_mask.coe'
INFO: [SIM-utils-43] Exported 'C:/Users/speci/vivado/axi_dma_0_ex/axi_dma_0_ex.ip_user_files/sim_scripts/axi_traffic_gen_0/ies/atg_ctrl.coe'
INFO: [SIM-utils-43] Exported 'C:/Users/speci/vivado/axi_dma_0_ex/axi_dma_0_ex.ip_user_files/sim_scripts/axi_traffic_gen_0/ies/default_prm.coe'
INFO: [SIM-utils-43] Exported 'C:/Users/speci/vivado/axi_dma_0_ex/axi_dma_0_ex.ip_user_files/sim_scripts/axi_traffic_gen_0/ies/axi_traffic_gen_0_default_prmram.mif'
INFO: [SIM-utils-43] Exported 'C:/Users/speci/vivado/axi_dma_0_ex/axi_dma_0_ex.ip_user_files/sim_scripts/axi_traffic_gen_0/ies/default_adr.coe'
INFO: [SIM-utils-43] Exported 'C:/Users/speci/vivado/axi_dma_0_ex/axi_dma_0_ex.ip_user_files/sim_scripts/axi_traffic_gen_0/ies/axi_traffic_gen_0_default_addrram.mif'
INFO: [SIM-utils-43] Exported 'C:/Users/speci/vivado/axi_dma_0_ex/axi_dma_0_ex.ip_user_files/sim_scripts/axi_traffic_gen_0/ies/default_mst.coe'
INFO: [SIM-utils-43] Exported 'C:/Users/speci/vivado/axi_dma_0_ex/axi_dma_0_ex.ip_user_files/sim_scripts/axi_traffic_gen_0/ies/axi_traffic_gen_0_default_mstram.mif'
INFO: [SIM-utils-43] Exported 'C:/Users/speci/vivado/axi_dma_0_ex/axi_dma_0_ex.ip_user_files/sim_scripts/axi_traffic_gen_0/ies/default_cmd.coe'
INFO: [SIM-utils-43] Exported 'C:/Users/speci/vivado/axi_dma_0_ex/axi_dma_0_ex.ip_user_files/sim_scripts/axi_traffic_gen_0/ies/axi_traffic_gen_0_default_cmdram.mif'
INFO: [SIM-utils-43] Exported 'C:/Users/speci/vivado/axi_dma_0_ex/axi_dma_0_ex.ip_user_files/sim_scripts/axi_traffic_gen_0/ies/axi_traffic_gen_0_addr.mif'
INFO: [SIM-utils-43] Exported 'C:/Users/speci/vivado/axi_dma_0_ex/axi_dma_0_ex.ip_user_files/sim_scripts/axi_traffic_gen_0/ies/axi_traffic_gen_0_data.mif'
INFO: [SIM-utils-43] Exported 'C:/Users/speci/vivado/axi_dma_0_ex/axi_dma_0_ex.ip_user_files/sim_scripts/axi_traffic_gen_0/ies/axi_traffic_gen_0_ctrl.mif'
INFO: [SIM-utils-43] Exported 'C:/Users/speci/vivado/axi_dma_0_ex/axi_dma_0_ex.ip_user_files/sim_scripts/axi_traffic_gen_0/ies/axi_traffic_gen_0_mask.mif'
INFO: [exportsim-Tcl-35] Exporting simulation files for "VCS" (Synopsys Verilog Compiler Simulator)...
INFO: [exportsim-Tcl-29] Script generated: 'C:/Users/speci/vivado/axi_dma_0_ex/axi_dma_0_ex.ip_user_files/sim_scripts/axi_traffic_gen_0/vcs/axi_traffic_gen_0.sh'
INFO: [SIM-utils-43] Exported 'C:/Users/speci/vivado/axi_dma_0_ex/axi_dma_0_ex.ip_user_files/sim_scripts/axi_traffic_gen_0/vcs/atg_data.coe'
INFO: [SIM-utils-43] Exported 'C:/Users/speci/vivado/axi_dma_0_ex/axi_dma_0_ex.ip_user_files/sim_scripts/axi_traffic_gen_0/vcs/atg_addr.coe'
INFO: [SIM-utils-43] Exported 'C:/Users/speci/vivado/axi_dma_0_ex/axi_dma_0_ex.ip_user_files/sim_scripts/axi_traffic_gen_0/vcs/atg_mask.coe'
INFO: [SIM-utils-43] Exported 'C:/Users/speci/vivado/axi_dma_0_ex/axi_dma_0_ex.ip_user_files/sim_scripts/axi_traffic_gen_0/vcs/atg_ctrl.coe'
INFO: [SIM-utils-43] Exported 'C:/Users/speci/vivado/axi_dma_0_ex/axi_dma_0_ex.ip_user_files/sim_scripts/axi_traffic_gen_0/vcs/default_prm.coe'
INFO: [SIM-utils-43] Exported 'C:/Users/speci/vivado/axi_dma_0_ex/axi_dma_0_ex.ip_user_files/sim_scripts/axi_traffic_gen_0/vcs/axi_traffic_gen_0_default_prmram.mif'
INFO: [SIM-utils-43] Exported 'C:/Users/speci/vivado/axi_dma_0_ex/axi_dma_0_ex.ip_user_files/sim_scripts/axi_traffic_gen_0/vcs/default_adr.coe'
INFO: [SIM-utils-43] Exported 'C:/Users/speci/vivado/axi_dma_0_ex/axi_dma_0_ex.ip_user_files/sim_scripts/axi_traffic_gen_0/vcs/axi_traffic_gen_0_default_addrram.mif'
INFO: [SIM-utils-43] Exported 'C:/Users/speci/vivado/axi_dma_0_ex/axi_dma_0_ex.ip_user_files/sim_scripts/axi_traffic_gen_0/vcs/default_mst.coe'
INFO: [SIM-utils-43] Exported 'C:/Users/speci/vivado/axi_dma_0_ex/axi_dma_0_ex.ip_user_files/sim_scripts/axi_traffic_gen_0/vcs/axi_traffic_gen_0_default_mstram.mif'
INFO: [SIM-utils-43] Exported 'C:/Users/speci/vivado/axi_dma_0_ex/axi_dma_0_ex.ip_user_files/sim_scripts/axi_traffic_gen_0/vcs/default_cmd.coe'
INFO: [SIM-utils-43] Exported 'C:/Users/speci/vivado/axi_dma_0_ex/axi_dma_0_ex.ip_user_files/sim_scripts/axi_traffic_gen_0/vcs/axi_traffic_gen_0_default_cmdram.mif'
INFO: [SIM-utils-43] Exported 'C:/Users/speci/vivado/axi_dma_0_ex/axi_dma_0_ex.ip_user_files/sim_scripts/axi_traffic_gen_0/vcs/axi_traffic_gen_0_addr.mif'
INFO: [SIM-utils-43] Exported 'C:/Users/speci/vivado/axi_dma_0_ex/axi_dma_0_ex.ip_user_files/sim_scripts/axi_traffic_gen_0/vcs/axi_traffic_gen_0_data.mif'
INFO: [SIM-utils-43] Exported 'C:/Users/speci/vivado/axi_dma_0_ex/axi_dma_0_ex.ip_user_files/sim_scripts/axi_traffic_gen_0/vcs/axi_traffic_gen_0_ctrl.mif'
INFO: [Common 17-14] Message 'SIM-utils 43' appears 100 times and further instances of the messages will be disabled. Use the Tcl command set_msg_config to change the current settings.
INFO: [exportsim-Tcl-35] Exporting simulation files for "RIVIERA" (Aldec Riviera-PRO Simulator)...
INFO: [exportsim-Tcl-29] Script generated: 'C:/Users/speci/vivado/axi_dma_0_ex/axi_dma_0_ex.ip_user_files/sim_scripts/axi_traffic_gen_0/riviera/axi_traffic_gen_0.sh'
INFO: [exportsim-Tcl-35] Exporting simulation files for "ACTIVEHDL" (Aldec Active-HDL Simulator)...
INFO: [exportsim-Tcl-29] Script generated: 'C:/Users/speci/vivado/axi_dma_0_ex/axi_dma_0_ex.ip_user_files/sim_scripts/axi_traffic_gen_0/activehdl/axi_traffic_gen_0.sh'
export_ip_user_files: Time (s): cpu = 00:00:10 ; elapsed = 00:00:12 . Memory (MB): peak = 974.684 ; gain = 9.164
# set dfile [file join $srcIpDir oepdone.txt]
# if { [ catch { set doneFile [open $dfile w] } ] } {
# } else { 
#   puts $doneFile "Open Example Project DONE"
#   close $doneFile
# }
# if { $returnCode != 0 } {
#   error "Problems were encountered while executing the example design script, please review the log files."
# }
exit
INFO: [Common 17-206] Exiting Vivado at Wed Dec 28 11:38:01 2016...
